#"Bounced boundary ID","bounce index","total time (ps)"
CHECKPOINT,0.000
1,0,1.334
1,1,2.190
1,2,3.626
1,3,4.686
1,4,5.814
1,5,7.540
1,6,8.752
1,7,8.942
1,8,9.404
1,9,10.202
1,10,11.142
1,11,11.316
1,12,12.512
1,13,14.978
1,14,15.878
1,15,16.504
1,16,17.112
1,17,18.522
1,18,19.088
1,19,19.594
CHECKPOINT,20.000
1,20,20.290
1,21,20.940
1,22,21.620
1,23,21.632
1,24,21.644
1,25,22.474
1,26,23.558
1,27,23.884
1,28,24.170
1,29,24.458
1,30,24.726
1,31,24.884
1,32,24.978
1,33,26.844
1,34,28.436
1,35,29.456
1,36,30.188
1,37,31.846
1,38,32.672
1,39,33.594
1,40,34.574
1,41,36.874
1,42,38.212
1,43,39.046
1,44,39.110
1,45,39.194
1,46,39.248
1,47,39.330
1,48,39.386
1,49,39.458
1,50,39.552
1,51,39.616
1,52,39.690
1,53,39.764
1,54,39.860
1,55,39.942
CHECKPOINT,40.000
1,56,40.022
1,57,40.136
1,58,40.224
1,59,40.296
1,60,41.392
1,61,41.968
1,62,42.496
1,63,43.898
1,64,44.754
1,65,44.816
1,66,44.888
1,67,44.936
1,68,45.496
1,69,45.846
1,70,46.198
1,71,46.530
1,72,46.798
1,73,46.970
1,74,47.196
1,75,47.554
1,76,47.966
1,77,48.256
1,78,48.524
1,79,48.768
1,80,49.042
1,81,49.332
1,82,49.632
1,83,49.946
1,84,50.232
1,85,51.976
1,86,52.564
1,87,54.770
1,88,55.046
1,89,55.342
1,90,55.666
1,91,56.070
1,92,56.420
1,93,56.746
1,94,59.584
1,95,59.748
CHECKPOINT,60.000
1,96,60.980
1,97,61.308
1,98,62.612
1,99,63.512
1,100,67.992
1,101,68.246
1,102,68.718
1,103,68.926
1,104,69.142
1,105,69.462
1,106,71.788
1,107,72.492
1,108,73.478
1,109,73.594
1,110,73.734
1,111,73.854
1,112,73.942
1,113,74.056
1,114,74.184
1,115,74.288
1,116,74.356
1,117,74.436
1,118,74.496
1,119,74.612
1,120,74.744
1,121,74.832
1,122,74.904
1,123,74.982
1,124,75.118
1,125,75.232
1,126,75.352
1,127,75.810
1,128,76.016
1,129,76.226
1,130,76.396
1,131,76.544
1,132,76.630
1,133,76.778
1,134,76.852
1,135,76.936
1,136,77.160
1,137,77.278
1,138,77.372
1,139,77.458
1,140,77.514
1,141,77.562
1,142,77.614
1,143,77.664
1,144,77.796
1,145,77.924
1,146,78.002
1,147,78.064
1,148,78.180
1,149,78.324
CHECKPOINT,80.000
1,150,80.042
1,151,80.140
1,152,80.276
1,153,80.360
1,154,80.938
1,155,80.998
1,156,81.104
1,157,81.246
1,158,81.702
1,159,82.324
1,160,82.856
1,161,83.622
1,162,83.750
1,163,84.396
1,164,84.950
1,165,85.522
1,166,86.144
1,167,86.696
1,168,86.810
1,169,86.892
1,170,86.944
1,171,87.006
1,172,87.060
1,173,87.142
1,174,87.228
1,175,87.324
1,176,87.416
1,177,87.476
1,178,87.530
1,179,87.576
1,180,87.622
1,181,87.666
1,182,87.718
1,183,87.772
1,184,87.828
1,185,87.918
1,186,88.274
1,187,88.490
1,188,88.708
1,189,88.974
1,190,89.486
1,191,89.946
1,192,90.070
1,193,90.260
1,194,90.430
1,195,90.504
1,196,90.622
1,197,90.700
1,198,90.836
1,199,90.970
1,200,91.074
1,201,91.162
1,202,91.250
1,203,91.590
1,204,91.722
1,205,92.038
1,206,92.148
1,207,92.268
1,208,92.306
1,209,92.342
1,210,92.354
1,211,92.434
1,212,92.512
1,213,92.590
1,214,92.864
1,215,93.152
1,216,93.346
1,217,93.538
1,218,93.786
1,219,94.000
1,220,94.382
1,221,94.488
1,222,94.508
1,223,94.582
1,224,94.610
1,225,94.636
1,226,94.664
1,227,94.692
1,228,94.972
1,229,95.004
1,230,95.052
1,231,95.094
1,232,95.138
1,233,95.260
1,234,95.382
1,235,95.446
1,236,95.514
1,237,95.734
1,238,95.806
1,239,95.884
1,240,95.980
1,241,96.054
1,242,96.286
1,243,96.470
1,244,97.104
1,245,97.416
1,246,98.454
CHECKPOINT,100.000
1,247,100.384
1,248,100.654
1,249,101.102
1,250,101.476
1,251,101.758
1,252,102.064
1,253,102.500
1,254,102.880
1,255,104.248
1,256,104.432
1,257,104.624
1,258,104.650
1,259,104.894
1,260,105.122
1,261,105.424
1,262,105.946
1,263,106.340
1,264,106.772
1,265,107.634
1,266,108.254
1,267,108.614
1,268,109.010
1,269,109.330
1,270,109.590
1,271,109.898
1,272,110.218
1,273,110.482
1,274,110.650
1,275,110.824
1,276,111.202
1,277,111.884
1,278,113.794
1,279,115.668
1,280,116.450
1,281,118.172
1,282,119.336
CHECKPOINT,120.000
1,283,120.582
1,284,121.870
1,285,122.800
1,286,123.416
1,287,123.804
1,288,124.410
1,289,124.824
1,290,125.366
1,291,125.906
1,292,126.086
1,293,126.246
1,294,126.676
1,295,126.938
1,296,127.584
1,297,128.038
1,298,128.596
1,299,129.206
1,300,130.722
1,301,131.942
1,302,132.408
1,303,134.190
1,304,134.770
1,305,138.340
1,306,139.132
CHECKPOINT,140.000
1,307,141.762
1,308,144.308
1,309,145.182
1,310,146.540
1,311,149.438
1,312,150.152
1,313,150.512
1,314,152.270
1,315,152.980
1,316,153.594
1,317,155.542
1,318,156.530
1,319,156.632
1,320,156.730
1,321,156.902
1,322,158.960
1,323,159.224
1,324,159.628
1,325,159.888
CHECKPOINT,160.000
1,326,160.132
1,327,163.820
1,328,165.420
1,329,166.532
1,330,166.902
1,331,167.342
1,332,167.664
1,333,168.760
1,334,169.362
1,335,170.886
1,336,172.020
1,337,172.542
1,338,173.660
1,339,175.408
1,340,176.114
1,341,176.546
1,342,177.180
1,343,177.766
1,344,178.304
1,345,178.808
1,346,179.270
1,347,179.446
1,348,179.622
CHECKPOINT,180.000
1,349,182.780
1,350,183.746
1,351,185.222
1,352,185.678
1,353,186.200
1,354,186.396
1,355,186.594
1,356,186.912
1,357,187.194
1,358,187.390
1,359,187.572
1,360,187.586
1,361,187.606
1,362,187.634
1,363,187.662
1,364,187.688
1,365,187.756
1,366,188.826
1,367,189.370
1,368,189.930
1,369,190.422
1,370,191.628
1,371,191.772
1,372,192.154
1,373,192.474
1,374,192.666
1,375,192.932
1,376,193.194
1,377,193.364
1,378,193.650
1,379,194.048
1,380,194.390
1,381,194.860
1,382,195.134
1,383,196.722
1,384,197.276
1,385,198.246
1,386,199.724
CHECKPOINT,200.000
1,387,200.364
1,388,201.330
1,389,202.574
1,390,202.606
1,391,202.624
1,392,202.708
1,393,202.782
1,394,202.846
1,395,202.912
1,396,202.950
1,397,202.986
1,398,203.028
1,399,203.052
1,400,203.148
1,401,203.262
1,402,203.354
1,403,203.452
1,404,203.514
1,405,203.614
1,406,203.718
1,407,203.780
1,408,203.848
1,409,203.918
1,410,204.344
1,411,204.550
1,412,204.568
1,413,204.586
1,414,205.102
1,415,205.394
1,416,205.658
1,417,205.980
1,418,206.344
1,419,206.876
1,420,207.390
1,421,207.742
1,422,208.120
1,423,208.516
1,424,208.876
1,425,209.838
1,426,210.296
1,427,211.084
1,428,211.786
1,429,212.218
1,430,213.452
1,431,214.964
1,432,216.238
1,433,217.520
1,434,219.076
1,435,219.478
1,436,219.812
CHECKPOINT,220.000
1,437,220.074
1,438,220.290
1,439,220.558
1,440,220.972
1,441,221.308
1,442,221.610
1,443,221.850
1,444,221.966
1,445,222.626
1,446,225.552
1,447,226.196
1,448,227.878
1,449,228.552
1,450,229.120
1,451,229.494
1,452,230.038
1,453,230.416
1,454,230.790
1,455,231.134
1,456,231.416
1,457,232.480
1,458,232.708
1,459,232.962
1,460,233.294
1,461,233.574
1,462,233.700
1,463,234.302
1,464,234.916
1,465,235.434
1,466,235.596
1,467,235.934
1,468,236.164
1,469,236.464
1,470,236.590
1,471,236.794
1,472,237.246
1,473,237.428
1,474,237.838
1,475,238.262
1,476,238.646
1,477,239.522
1,478,239.676
CHECKPOINT,240.000
1,479,240.310
1,480,240.732
1,481,241.282
1,482,241.732
1,483,242.238
1,484,242.656
1,485,243.038
1,486,243.402
1,487,244.686
1,488,245.404
1,489,245.984
1,490,246.398
1,491,246.820
1,492,247.132
1,493,247.482
1,494,247.842
1,495,248.202
1,496,248.354
1,497,248.532
1,498,248.714
1,499,248.932
1,500,249.138
1,501,249.440
1,502,249.752
1,503,249.934
1,504,250.090
1,505,250.228
1,506,250.398
1,507,250.524
1,508,250.670
1,509,250.792
1,510,250.884
1,511,251.000
1,512,251.106
1,513,251.266
1,514,251.270
1,515,251.274
1,516,251.408
1,517,251.500
1,518,251.576
1,519,251.950
1,520,252.378
1,521,252.420
1,522,252.542
1,523,252.652
1,524,253.344
1,525,253.510
1,526,253.612
1,527,253.646
1,528,253.688
1,529,253.776
1,530,255.164
1,531,255.418
1,532,255.660
1,533,257.388
1,534,257.814
1,535,258.110
1,536,258.258
1,537,259.366
CHECKPOINT,260.000
1,538,260.114
1,539,260.762
1,540,261.550
1,541,262.986
1,542,264.252
1,543,265.050
1,544,266.504
1,545,267.868
1,546,268.462
1,547,269.500
1,548,270.236
1,549,270.434
1,550,270.654
1,551,270.796
1,552,270.890
1,553,271.068
1,554,271.118
1,555,271.172
1,556,271.208
1,557,271.366
1,558,271.478
1,559,272.726
1,560,273.860
1,561,274.114
1,562,275.206
1,563,275.780
1,564,277.154
1,565,277.592
1,566,277.798
1,567,277.942
1,568,278.200
1,569,278.550
1,570,278.736
1,571,278.954
1,572,279.124
1,573,279.346
1,574,279.602
1,575,279.784
CHECKPOINT,280.000
1,576,280.664
1,577,280.908
1,578,281.564
1,579,282.554
1,580,283.468
1,581,283.832
1,582,284.134
1,583,284.568
1,584,285.228
1,585,285.582
1,586,285.958
1,587,287.158
1,588,288.012
1,589,288.882
1,590,290.420
1,591,291.318
1,592,291.428
1,593,291.546
1,594,291.672
1,595,291.808
1,596,291.936
1,597,292.090
1,598,292.214
1,599,292.340
1,600,292.474
1,601,293.316
1,602,293.988
1,603,294.540
1,604,294.886
1,605,296.434
1,606,296.754
1,607,298.476
1,608,299.016
1,609,299.136
1,610,299.292
1,611,299.458
1,612,299.626
1,613,299.782
1,614,299.932
CHECKPOINT,300.000
1,615,300.120
1,616,300.142
1,617,300.168
1,618,300.362
1,619,300.482
1,620,300.606
1,621,300.722
1,622,300.806
1,623,300.902
1,624,300.968
1,625,301.044
1,626,301.142
1,627,301.242
1,628,301.336
1,629,301.712
1,630,301.984
1,631,302.208
1,632,302.502
1,633,302.620
1,634,302.810
1,635,303.002
1,636,303.204
1,637,303.436
1,638,303.648
1,639,303.864
1,640,304.042
1,641,304.154
1,642,304.224
1,643,304.292
1,644,304.706
1,645,305.164
1,646,305.586
1,647,306.052
1,648,306.456
1,649,306.888
1,650,307.388
1,651,308.128
1,652,308.460
1,653,308.874
1,654,309.384
1,655,309.926
1,656,310.810
1,657,311.466
1,658,312.008
1,659,312.920
1,660,313.484
1,661,313.844
1,662,314.208
1,663,314.586
1,664,314.598
1,665,314.614
1,666,315.098
1,667,315.510
1,668,316.154
1,669,316.570
1,670,317.094
1,671,317.630
1,672,318.064
1,673,319.194
CHECKPOINT,320.000
1,674,320.000
1,675,321.450
1,676,321.608
1,677,323.138
1,678,323.336
1,679,324.774
1,680,325.614
1,681,326.214
1,682,326.756
1,683,327.286
1,684,327.576
1,685,327.964
1,686,328.342
1,687,328.880
1,688,329.220
1,689,329.750
1,690,330.264
1,691,330.724
1,692,331.226
1,693,331.518
1,694,331.986
1,695,332.084
1,696,332.116
1,697,332.132
1,698,332.150
1,699,332.490
1,700,332.864
1,701,333.012
1,702,333.120
1,703,333.408
1,704,333.578
1,705,333.800
1,706,333.906
1,707,334.070
1,708,334.432
1,709,335.082
1,710,335.266
1,711,335.508
1,712,336.230
1,713,338.230
1,714,339.264
1,715,339.752
CHECKPOINT,340.000
1,716,340.508
1,717,341.398
1,718,342.356
1,719,343.154
1,720,343.658
1,721,344.858
1,722,349.208
1,723,349.762
1,724,350.804
1,725,351.246
1,726,351.558
1,727,351.590
1,728,352.242
1,729,352.450
1,730,353.830
1,731,354.696
1,732,354.848
1,733,354.978
1,734,355.054
1,735,355.104
1,736,355.154
1,737,356.182
1,738,358.188
1,739,358.930
1,740,359.882
CHECKPOINT,360.000
1,741,360.982
1,742,362.576
1,743,363.434
1,744,365.640
1,745,366.296
1,746,367.086
1,747,368.198
1,748,368.778
1,749,369.596
1,750,371.880
1,751,372.446
1,752,374.072
1,753,375.290
1,754,375.950
1,755,376.560
1,756,376.986
1,757,377.360
1,758,378.672
CHECKPOINT,380.000
1,759,380.318
1,760,380.380
1,761,380.414
1,762,380.446
1,763,380.558
1,764,380.630
1,765,380.672
1,766,380.744
1,767,380.766
1,768,380.792
1,769,380.808
1,770,380.824
1,771,380.842
1,772,380.862
1,773,381.074
1,774,381.250
1,775,381.850
1,776,382.404
1,777,382.742
1,778,383.228
1,779,383.786
1,780,384.672
1,781,385.500
1,782,385.806
1,783,386.642
1,784,387.098
1,785,387.200
1,786,387.236
1,787,387.270
1,788,387.390
1,789,387.508
1,790,387.558
1,791,387.692
1,792,387.894
1,793,388.230
1,794,388.690
1,795,388.924
1,796,389.294
1,797,389.590
1,798,389.858
1,799,390.158
1,800,390.368
1,801,390.568
1,802,390.834
1,803,391.050
1,804,391.522
1,805,391.638
1,806,391.784
1,807,391.944
1,808,392.234
1,809,392.500
1,810,392.734
1,811,393.000
1,812,393.230
1,813,393.414
1,814,393.694
1,815,393.888
1,816,395.726
1,817,397.934
1,818,398.436
1,819,398.968
1,820,399.440
CHECKPOINT,400.000
