#"Bounced boundary ID","bounce index","total time (ps)"
CHECKPOINT,0.000
1,0,0.164
1,1,0.928
1,2,2.062
1,3,3.188
1,4,4.548
1,5,5.690
1,6,5.842
1,7,6.004
1,8,6.114
1,9,6.230
1,10,6.334
1,11,6.926
1,12,7.492
1,13,7.598
1,14,7.624
1,15,7.646
1,16,7.898
1,17,8.194
1,18,8.762
1,19,9.886
1,20,10.300
1,21,10.604
1,22,10.812
1,23,11.026
1,24,11.748
1,25,12.226
1,26,13.238
1,27,13.588
1,28,14.526
1,29,15.012
1,30,15.458
1,31,16.804
1,32,17.094
1,33,17.362
1,34,17.576
1,35,17.716
1,36,17.888
1,37,18.054
1,38,18.198
1,39,18.308
1,40,18.444
1,41,18.522
1,42,18.904
1,43,19.316
1,44,19.700
CHECKPOINT,20.000
1,45,20.536
1,46,21.382
1,47,21.958
1,48,22.358
1,49,23.664
1,50,24.036
1,51,24.456
1,52,24.920
1,53,25.344
1,54,25.660
1,55,26.002
1,56,26.352
1,57,26.610
1,58,26.842
1,59,27.252
1,60,27.698
1,61,28.142
1,62,29.026
1,63,29.788
1,64,30.394
1,65,30.726
1,66,31.136
1,67,31.748
1,68,32.348
1,69,33.068
1,70,33.566
1,71,33.924
1,72,34.324
1,73,34.904
1,74,35.188
1,75,35.510
1,76,35.856
1,77,36.076
1,78,36.750
1,79,36.986
1,80,37.492
1,81,38.018
1,82,38.744
1,83,39.426
CHECKPOINT,40.000
1,84,41.320
2,85,43.400
1,86,45.150
1,87,46.012
1,88,46.768
1,89,47.580
1,90,48.520
1,91,48.788
1,92,49.004
1,93,49.346
1,94,50.654
1,95,51.346
1,96,51.828
1,97,52.600
1,98,53.244
1,99,53.546
1,100,53.854
1,101,53.992
1,102,54.132
1,103,54.354
1,104,54.596
1,105,54.760
1,106,54.986
1,107,55.168
1,108,55.256
1,109,55.332
1,110,55.410
1,111,55.492
1,112,55.582
1,113,55.676
1,114,55.868
1,115,56.060
1,116,56.220
1,117,56.386
1,118,56.456
1,119,56.734
1,120,57.130
1,121,57.384
1,122,57.700
1,123,58.042
1,124,58.320
1,125,58.606
1,126,58.942
1,127,59.368
1,128,59.680
CHECKPOINT,60.000
1,129,60.458
1,130,60.602
1,131,60.844
1,132,61.278
1,133,61.700
1,134,61.832
1,135,62.310
1,136,62.756
1,137,63.140
1,138,63.546
1,139,64.286
1,140,64.990
1,141,65.626
1,142,66.166
1,143,66.742
1,144,66.964
1,145,67.252
1,146,67.832
1,147,67.978
1,148,68.162
1,149,68.236
1,150,68.324
1,151,68.398
1,152,68.488
1,153,68.548
1,154,68.616
1,155,68.694
1,156,68.778
1,157,68.852
1,158,68.934
1,159,69.012
1,160,69.924
1,161,70.366
1,162,70.774
1,163,71.436
1,164,71.946
1,165,72.648
1,166,72.866
1,167,73.178
1,168,73.572
1,169,73.986
1,170,74.296
1,171,74.604
1,172,74.692
1,173,74.702
1,174,74.712
1,175,74.724
1,176,74.736
1,177,74.888
1,178,74.978
1,179,75.426
1,180,75.798
1,181,76.596
1,182,76.904
1,183,77.224
1,184,77.676
1,185,78.146
1,186,78.468
1,187,78.856
1,188,79.234
1,189,79.292
1,190,79.352
1,191,79.392
1,192,79.484
1,193,79.514
1,194,79.682
1,195,79.864
CHECKPOINT,80.000
1,196,80.068
1,197,80.598
1,198,81.028
1,199,81.372
1,200,81.826
1,201,82.230
1,202,82.704
1,203,83.142
1,204,83.740
1,205,84.498
1,206,85.028
1,207,85.736
1,208,85.958
1,209,86.254
1,210,87.322
1,211,88.008
1,212,89.100
1,213,89.568
1,214,89.812
1,215,90.032
1,216,90.380
1,217,90.732
1,218,91.188
1,219,91.196
1,220,91.254
1,221,91.286
1,222,91.962
1,223,92.150
1,224,92.758
1,225,93.288
1,226,93.516
1,227,95.192
1,228,95.690
1,229,95.998
1,230,96.534
1,231,96.848
1,232,96.996
1,233,97.436
1,234,97.828
1,235,98.036
1,236,98.226
1,237,98.676
1,238,98.996
1,239,99.308
1,240,99.538
1,241,99.718
1,242,99.906
CHECKPOINT,100.000
1,243,100.110
1,244,100.276
1,245,100.440
1,246,100.572
1,247,100.680
1,248,100.878
1,249,101.108
1,250,101.392
1,251,101.864
1,252,102.598
1,253,102.870
1,254,103.846
1,255,104.618
1,256,105.234
1,257,105.954
1,258,107.390
1,259,108.484
1,260,111.540
1,261,112.516
1,262,113.124
1,263,113.472
1,264,114.874
2,265,115.762
2,266,116.100
2,267,116.320
2,268,116.578
2,269,116.796
1,270,117.838
1,271,118.464
1,272,119.044
1,273,119.368
1,274,119.510
CHECKPOINT,120.000
1,275,120.298
1,276,120.574
1,277,124.336
1,278,124.730
1,279,125.092
1,280,125.342
1,281,125.692
1,282,126.240
1,283,126.342
1,284,126.464
1,285,126.606
1,286,126.722
1,287,127.488
1,288,127.870
1,289,128.316
1,290,128.758
1,291,129.744
1,292,130.122
2,293,131.508
1,294,133.176
1,295,134.750
1,296,135.156
1,297,135.506
1,298,136.652
1,299,137.168
1,300,137.688
1,301,138.818
1,302,139.382
1,303,139.896
CHECKPOINT,140.000
1,304,140.314
1,305,140.654
1,306,141.784
1,307,142.812
1,308,144.474
1,309,144.952
1,310,145.540
1,311,145.704
1,312,145.738
1,313,145.760
1,314,145.782
1,315,145.802
1,316,145.822
1,317,145.844
1,318,145.868
1,319,145.892
1,320,145.914
1,321,145.936
1,322,145.956
1,323,146.102
1,324,146.250
1,325,146.312
1,326,147.000
1,327,147.582
1,328,148.004
1,329,148.596
1,330,148.778
1,331,148.970
1,332,149.626
1,333,150.158
1,334,151.352
1,335,151.938
1,336,152.114
1,337,152.414
1,338,152.754
1,339,153.298
1,340,153.634
1,341,154.228
1,342,154.680
1,343,155.614
1,344,155.976
1,345,156.290
1,346,156.416
1,347,156.720
1,348,156.952
1,349,157.166
1,350,157.248
1,351,157.332
1,352,157.380
1,353,157.434
1,354,157.572
1,355,157.718
1,356,157.780
1,357,158.080
1,358,158.660
1,359,159.194
1,360,159.692
CHECKPOINT,160.000
1,361,160.234
1,362,160.578
1,363,160.692
1,364,161.108
1,365,161.510
1,366,162.584
1,367,164.058
1,368,164.848
1,369,165.500
1,370,166.192
1,371,166.414
1,372,166.666
1,373,166.856
1,374,167.210
1,375,168.188
1,376,168.590
1,377,169.016
1,378,169.728
1,379,170.884
1,380,171.758
1,381,174.762
1,382,176.250
CHECKPOINT,180.000
1,383,180.264
2,384,186.568
2,385,191.024
1,386,191.496
1,387,192.966
2,388,193.402
1,389,193.842
1,390,195.630
1,391,196.560
2,392,197.972
2,393,198.908
CHECKPOINT,200.000
2,394,200.506
2,395,202.814
1,396,204.942
1,397,206.340
1,398,209.064
1,399,210.076
1,400,211.038
1,401,211.472
1,402,212.678
1,403,213.188
1,404,213.708
1,405,214.194
1,406,215.134
1,407,218.744
1,408,219.326
CHECKPOINT,220.000
1,409,220.442
1,410,220.934
1,411,221.368
1,412,222.008
1,413,222.594
1,414,223.148
1,415,223.970
1,416,224.478
1,417,225.282
1,418,226.274
1,419,227.016
1,420,227.460
1,421,227.626
1,422,227.758
1,423,228.072
1,424,228.498
1,425,228.900
1,426,229.368
1,427,229.648
1,428,230.160
1,429,230.294
1,430,230.816
1,431,231.128
1,432,231.606
1,433,231.980
1,434,232.344
1,435,232.380
1,436,232.424
1,437,232.462
1,438,232.502
1,439,232.562
1,440,232.638
1,441,232.734
1,442,232.868
1,443,233.010
1,444,233.148
1,445,233.742
1,446,234.200
1,447,235.094
1,448,235.338
1,449,235.672
1,450,235.970
1,451,236.300
1,452,236.572
1,453,238.044
1,454,238.860
1,455,239.414
CHECKPOINT,240.000
1,456,240.324
1,457,241.468
1,458,242.966
1,459,243.522
1,460,243.888
1,461,244.162
1,462,244.308
1,463,244.402
1,464,245.112
1,465,245.874
1,466,246.514
1,467,246.520
1,468,246.528
1,469,246.540
1,470,246.556
1,471,246.572
1,472,246.582
1,473,248.364
1,474,248.842
1,475,249.284
1,476,249.712
1,477,250.240
1,478,250.540
1,479,250.940
1,480,251.008
1,481,251.048
1,482,251.090
1,483,251.122
1,484,251.152
1,485,251.182
1,486,251.910
1,487,252.884
1,488,253.422
1,489,253.854
1,490,254.204
1,491,254.668
1,492,255.218
1,493,256.236
1,494,256.660
1,495,257.190
1,496,257.694
1,497,257.956
1,498,258.190
1,499,258.384
1,500,258.804
1,501,258.974
1,502,259.188
1,503,259.968
CHECKPOINT,260.000
1,504,260.474
1,505,260.562
1,506,260.700
1,507,260.836
1,508,260.978
1,509,261.110
1,510,261.360
1,511,261.578
1,512,261.758
1,513,261.810
1,514,261.870
1,515,261.918
1,516,261.924
1,517,261.930
1,518,261.938
1,519,261.946
1,520,261.954
1,521,261.962
1,522,262.006
1,523,262.084
1,524,262.158
1,525,262.228
1,526,262.302
1,527,262.384
1,528,262.498
1,529,262.606
1,530,262.724
1,531,263.182
1,532,263.510
1,533,263.710
1,534,264.110
1,535,264.186
1,536,264.306
1,537,264.424
1,538,264.530
1,539,264.646
1,540,264.812
1,541,264.958
1,542,265.078
1,543,265.202
1,544,265.310
1,545,265.418
1,546,265.530
1,547,265.634
1,548,265.706
1,549,265.768
1,550,265.836
1,551,265.912
1,552,265.976
1,553,266.040
1,554,266.072
1,555,266.102
1,556,266.132
1,557,266.160
1,558,266.232
1,559,266.304
1,560,266.330
1,561,266.352
1,562,266.374
1,563,266.396
1,564,266.414
1,565,266.434
1,566,266.456
1,567,266.474
1,568,266.498
1,569,266.510
1,570,266.516
1,571,266.524
1,572,266.534
1,573,266.540
1,574,266.544
1,575,266.548
1,576,266.550
1,577,266.554
1,578,266.558
1,579,266.562
1,580,266.570
1,581,266.576
1,582,266.584
1,583,266.596
1,584,266.608
1,585,266.620
1,586,266.630
1,587,266.638
1,588,266.698
1,589,266.774
1,590,266.862
1,591,266.942
1,592,267.046
1,593,267.206
1,594,267.300
1,595,267.384
1,596,267.520
1,597,267.628
1,598,267.782
1,599,267.910
1,600,268.088
1,601,268.356
1,602,268.576
1,603,269.198
1,604,269.812
1,605,270.442
1,606,270.884
1,607,271.404
1,608,271.840
1,609,272.112
1,610,272.376
1,611,272.696
1,612,273.012
1,613,273.326
1,614,273.692
1,615,274.046
1,616,274.402
1,617,274.422
1,618,274.440
1,619,274.458
1,620,274.480
1,621,274.502
1,622,274.518
1,623,274.534
1,624,274.550
1,625,274.568
1,626,274.586
1,627,274.606
1,628,274.628
1,629,274.648
1,630,274.670
1,631,274.694
1,632,274.718
1,633,274.742
1,634,274.764
1,635,274.788
1,636,274.812
1,637,274.834
1,638,274.860
1,639,274.884
1,640,274.904
1,641,275.120
1,642,275.268
1,643,275.438
1,644,275.702
1,645,275.802
1,646,276.150
1,647,276.370
1,648,277.176
1,649,277.868
1,650,278.646
1,651,279.146
1,652,279.646
CHECKPOINT,280.000
1,653,280.132
1,654,280.264
1,655,280.862
1,656,283.506
1,657,284.514
1,658,285.160
1,659,285.662
1,660,286.068
1,661,286.730
1,662,287.166
1,663,287.546
1,664,288.352
1,665,288.952
1,666,289.238
1,667,289.588
1,668,289.970
1,669,290.400
1,670,293.292
1,671,294.918
1,672,298.506
1,673,298.900
1,674,299.300
1,675,299.676
CHECKPOINT,300.000
1,676,302.168
1,677,307.434
1,678,308.330
1,679,308.736
1,680,308.996
1,681,309.420
1,682,310.182
1,683,310.588
1,684,310.960
1,685,311.264
1,686,311.656
1,687,312.110
1,688,312.874
1,689,313.432
1,690,314.600
1,691,314.784
1,692,314.992
1,693,315.456
1,694,316.534
1,695,317.276
1,696,319.106
1,697,319.602
1,698,319.976
CHECKPOINT,320.000
1,699,320.318
1,700,320.612
1,701,320.900
1,702,321.010
1,703,321.160
1,704,321.292
1,705,321.764
1,706,321.848
1,707,321.940
1,708,322.082
1,709,322.246
1,710,322.370
1,711,322.526
1,712,322.724
1,713,322.890
1,714,322.948
1,715,322.982
1,716,323.018
1,717,323.050
1,718,323.232
1,719,323.260
1,720,323.292
1,721,323.398
1,722,323.716
1,723,323.994
1,724,324.200
1,725,324.434
1,726,324.624
1,727,324.824
1,728,325.012
1,729,325.266
1,730,325.490
1,731,325.574
1,732,325.640
1,733,325.832
1,734,326.070
1,735,326.420
1,736,326.752
1,737,327.148
1,738,327.574
1,739,328.114
1,740,328.604
1,741,329.042
1,742,329.414
1,743,329.424
1,744,329.434
1,745,329.444
1,746,329.454
1,747,329.466
1,748,329.476
1,749,329.486
1,750,329.574
1,751,329.632
1,752,329.718
1,753,329.810
1,754,329.882
1,755,330.340
1,756,330.628
1,757,331.008
1,758,331.372
1,759,331.818
1,760,332.222
1,761,332.576
1,762,332.858
1,763,333.386
1,764,333.816
1,765,335.536
1,766,337.620
1,767,339.420
CHECKPOINT,340.000
1,768,340.136
1,769,340.622
1,770,341.352
1,771,342.320
1,772,343.210
1,773,343.620
1,774,344.072
1,775,344.408
1,776,345.206
1,777,346.464
1,778,346.600
1,779,346.774
1,780,346.940
1,781,347.408
1,782,347.770
1,783,348.148
1,784,348.426
1,785,348.680
1,786,348.960
1,787,350.808
1,788,351.514
1,789,352.208
1,790,353.014
1,791,353.310
1,792,353.354
1,793,353.400
1,794,353.788
1,795,354.062
1,796,354.354
1,797,354.774
1,798,355.226
1,799,355.546
1,800,355.872
1,801,356.176
1,802,356.586
1,803,356.924
1,804,357.142
1,805,357.400
1,806,357.970
1,807,358.612
1,808,359.546
CHECKPOINT,360.000
1,809,360.176
1,810,361.372
1,811,362.138
1,812,362.238
1,813,362.352
1,814,362.466
1,815,362.556
1,816,362.630
1,817,362.674
1,818,362.720
1,819,362.754
1,820,362.806
1,821,362.900
1,822,363.168
1,823,363.290
1,824,363.308
1,825,363.326
1,826,363.344
1,827,363.362
1,828,363.378
1,829,363.434
1,830,363.466
1,831,363.558
1,832,363.646
1,833,363.682
1,834,363.718
1,835,363.918
1,836,364.004
1,837,364.408
1,838,364.810
1,839,365.040
1,840,365.678
1,841,366.324
1,842,366.652
1,843,366.928
1,844,367.172
1,845,367.388
1,846,367.590
1,847,367.778
1,848,367.968
1,849,368.118
1,850,368.286
1,851,368.450
1,852,368.624
1,853,368.756
1,854,368.858
1,855,368.966
1,856,369.068
1,857,369.160
1,858,369.248
1,859,369.326
1,860,369.480
1,861,369.764
1,862,370.060
1,863,370.302
1,864,370.666
1,865,371.080
1,866,371.392
1,867,371.664
1,868,371.942
1,869,372.124
1,870,372.314
1,871,372.500
1,872,372.686
1,873,372.936
1,874,373.322
1,875,373.362
1,876,373.394
1,877,373.596
1,878,373.692
1,879,373.784
1,880,373.862
1,881,374.124
1,882,374.226
1,883,374.334
1,884,374.468
1,885,374.614
1,886,374.720
1,887,374.922
1,888,375.144
1,889,375.206
1,890,375.334
1,891,375.508
1,892,375.646
1,893,375.654
1,894,375.660
1,895,375.666
1,896,375.672
1,897,375.678
1,898,375.686
1,899,375.698
1,900,375.712
1,901,375.818
1,902,375.926
1,903,376.012
1,904,376.066
1,905,376.106
1,906,376.358
1,907,376.490
1,908,376.970
1,909,377.370
1,910,377.978
1,911,378.966
1,912,379.884
CHECKPOINT,380.000
1,913,380.010
1,914,380.354
1,915,380.688
1,916,380.812
1,917,380.924
1,918,381.288
1,919,381.622
1,920,383.092
1,921,383.708
1,922,384.874
1,923,385.602
1,924,386.562
1,925,388.194
1,926,388.930
1,927,389.572
1,928,390.496
1,929,391.332
1,930,392.046
1,931,392.606
1,932,393.384
1,933,393.586
1,934,393.770
1,935,393.958
1,936,394.172
1,937,395.260
1,938,395.674
1,939,396.162
1,940,396.328
1,941,396.780
1,942,397.022
1,943,397.558
1,944,398.106
1,945,398.606
1,946,399.554
1,947,399.996
CHECKPOINT,400.000
