#"Bounced boundary ID","bounce index","total time (ps)"
CHECKPOINT,0.000
1,0,0.300
1,1,0.800
1,2,1.888
1,3,2.088
1,4,2.356
1,5,2.636
1,6,2.902
1,7,3.180
1,8,3.458
1,9,3.848
1,10,4.136
1,11,4.168
1,12,4.216
1,13,4.264
1,14,4.312
1,15,4.472
1,16,4.656
1,17,4.874
1,18,5.160
1,19,5.294
1,20,5.426
1,21,5.570
1,22,5.752
1,23,5.894
1,24,6.048
1,25,6.150
1,26,6.242
1,27,6.346
1,28,6.452
1,29,6.558
1,30,6.666
1,31,6.848
1,32,6.860
1,33,6.872
1,34,6.992
1,35,7.160
1,36,7.430
1,37,7.552
1,38,7.714
1,39,7.864
1,40,7.994
1,41,8.232
1,42,8.308
1,43,8.396
1,44,8.500
1,45,8.600
1,46,8.674
1,47,8.746
1,48,8.824
1,49,8.982
1,50,9.014
1,51,9.100
1,52,9.138
1,53,9.180
1,54,9.264
1,55,9.360
1,56,9.446
1,57,9.534
1,58,9.624
1,59,9.910
1,60,10.168
1,61,10.618
1,62,11.120
1,63,11.274
1,64,11.504
1,65,11.726
1,66,11.922
1,67,12.152
1,68,12.280
1,69,12.548
1,70,12.870
1,71,13.162
1,72,13.418
1,73,13.638
1,74,13.762
1,75,13.874
1,76,14.064
1,77,14.224
1,78,14.386
1,79,14.520
1,80,14.534
1,81,14.544
1,82,14.550
1,83,14.556
1,84,14.564
1,85,14.572
1,86,14.578
1,87,14.586
1,88,14.702
1,89,14.836
1,90,15.204
1,91,15.360
1,92,15.612
1,93,15.778
1,94,16.002
1,95,16.218
1,96,16.274
1,97,16.364
1,98,16.698
1,99,16.904
1,100,17.092
1,101,17.366
1,102,17.630
1,103,17.812
1,104,18.146
1,105,18.612
1,106,18.910
1,107,19.288
1,108,19.522
1,109,19.928
CHECKPOINT,20.000
1,110,20.176
1,111,20.438
1,112,20.642
1,113,21.076
1,114,21.126
1,115,21.182
1,116,21.404
1,117,21.590
1,118,21.822
1,119,22.544
1,120,22.972
1,121,23.450
1,122,23.824
1,123,24.026
1,124,24.294
1,125,24.428
1,126,24.566
1,127,24.800
1,128,25.034
1,129,25.238
1,130,25.532
1,131,25.708
1,132,25.912
1,133,26.092
1,134,26.250
1,135,26.432
1,136,26.636
1,137,26.782
1,138,26.800
1,139,26.818
1,140,26.834
1,141,26.852
1,142,26.866
1,143,26.882
1,144,26.898
1,145,26.920
1,146,26.938
1,147,26.956
1,148,26.972
1,149,27.002
1,150,27.050
1,151,27.126
1,152,27.208
1,153,27.284
1,154,27.456
1,155,27.624
1,156,27.844
1,157,27.954
1,158,28.064
1,159,28.154
1,160,28.236
1,161,28.334
1,162,28.430
1,163,28.524
1,164,28.612
1,165,28.694
1,166,28.774
1,167,28.884
1,168,28.976
1,169,29.046
1,170,29.106
1,171,29.192
1,172,29.272
1,173,29.334
1,174,29.446
1,175,29.576
1,176,29.630
1,177,29.712
1,178,29.814
1,179,29.928
1,180,30.062
1,181,30.156
1,182,30.288
1,183,30.498
1,184,30.682
1,185,30.916
1,186,31.168
1,187,31.364
1,188,31.514
1,189,31.676
1,190,31.852
1,191,32.092
1,192,32.338
1,193,32.604
1,194,32.938
1,195,33.320
1,196,33.742
1,197,34.190
1,198,34.456
1,199,34.828
1,200,34.940
1,201,35.062
1,202,35.436
1,203,35.668
1,204,35.776
1,205,35.808
1,206,35.838
1,207,35.942
1,208,35.972
1,209,36.002
1,210,36.104
1,211,36.240
1,212,36.376
1,213,36.434
1,214,36.684
1,215,36.996
1,216,37.158
1,217,37.326
1,218,37.498
1,219,37.612
1,220,37.718
1,221,37.832
1,222,37.952
1,223,38.050
1,224,38.154
1,225,38.290
1,226,38.380
1,227,38.518
1,228,38.614
1,229,38.762
1,230,38.826
1,231,38.964
1,232,39.106
1,233,39.274
1,234,39.436
1,235,39.582
1,236,39.686
1,237,39.788
1,238,39.892
CHECKPOINT,40.000
1,239,40.026
1,240,40.172
1,241,40.322
1,242,40.488
1,243,40.676
1,244,40.826
1,245,40.946
1,246,41.062
1,247,41.150
1,248,41.234
1,249,41.342
1,250,41.472
1,251,41.600
1,252,41.718
1,253,41.822
1,254,42.010
1,255,42.146
1,256,42.350
1,257,42.494
1,258,42.682
1,259,42.800
1,260,42.890
1,261,42.962
1,262,43.092
1,263,43.232
1,264,43.390
1,265,43.426
1,266,43.488
1,267,43.518
1,268,43.542
1,269,43.556
1,270,43.574
1,271,43.590
1,272,43.606
1,273,43.628
1,274,43.648
1,275,43.660
1,276,43.672
1,277,43.684
1,278,43.696
1,279,43.710
1,280,43.722
1,281,43.732
1,282,43.744
1,283,43.752
1,284,43.758
1,285,43.766
1,286,43.776
1,287,43.786
1,288,43.798
1,289,43.808
1,290,43.816
1,291,43.828
1,292,43.840
1,293,43.852
1,294,43.864
1,295,43.880
1,296,43.894
1,297,43.910
1,298,43.924
1,299,43.936
1,300,43.946
1,301,43.964
1,302,43.982
1,303,43.998
1,304,44.018
1,305,44.042
1,306,44.062
1,307,44.110
1,308,44.180
1,309,44.248
1,310,44.356
1,311,44.562
1,312,44.732
1,313,44.906
1,314,45.092
1,315,45.204
1,316,45.364
1,317,45.546
1,318,45.708
1,319,45.860
1,320,46.024
1,321,46.160
1,322,46.340
1,323,46.512
1,324,46.690
1,325,46.870
1,326,47.034
1,327,47.188
1,328,47.388
1,329,47.816
1,330,48.232
1,331,48.606
1,332,48.964
1,333,49.244
1,334,49.858
1,335,50.076
1,336,50.324
1,337,50.604
1,338,50.848
1,339,51.028
1,340,51.054
1,341,51.078
1,342,51.162
1,343,51.248
1,344,51.330
1,345,51.418
1,346,51.510
1,347,51.600
1,348,51.776
1,349,52.090
1,350,52.522
1,351,53.016
1,352,53.364
1,353,53.524
1,354,53.672
1,355,53.868
1,356,54.070
1,357,54.270
1,358,54.510
1,359,54.746
1,360,55.178
1,361,55.504
1,362,55.876
1,363,56.166
1,364,56.464
1,365,56.766
1,366,57.144
1,367,57.338
1,368,57.620
1,369,57.976
1,370,58.108
1,371,58.272
1,372,58.428
1,373,58.566
1,374,58.704
1,375,58.878
1,376,59.052
1,377,59.192
1,378,59.346
1,379,59.498
1,380,59.626
1,381,59.778
1,382,59.948
CHECKPOINT,60.000
1,383,60.124
1,384,60.320
1,385,60.512
1,386,60.738
1,387,60.948
1,388,61.102
1,389,61.134
1,390,61.168
1,391,61.296
1,392,61.492
1,393,61.576
1,394,61.688
1,395,61.808
1,396,61.922
1,397,62.016
1,398,62.106
1,399,62.180
1,400,62.250
1,401,62.312
1,402,62.378
1,403,62.442
1,404,62.566
1,405,62.662
1,406,62.750
1,407,62.798
1,408,62.812
1,409,62.824
1,410,62.830
1,411,62.838
1,412,62.850
1,413,62.860
1,414,63.014
1,415,63.184
1,416,63.428
1,417,63.728
1,418,63.880
1,419,64.162
1,420,64.352
1,421,64.536
1,422,64.826
1,423,65.134
1,424,65.590
1,425,65.872
1,426,66.144
1,427,66.558
1,428,66.704
1,429,66.892
1,430,67.044
1,431,67.166
1,432,67.324
1,433,67.530
1,434,67.674
1,435,67.788
1,436,67.896
1,437,68.022
1,438,68.118
1,439,68.194
1,440,68.302
1,441,68.374
1,442,68.450
1,443,68.510
1,444,68.570
1,445,68.630
1,446,68.688
1,447,68.764
1,448,68.842
1,449,68.896
1,450,68.948
1,451,68.970
1,452,69.002
1,453,69.036
1,454,69.062
1,455,69.112
1,456,69.166
1,457,69.182
1,458,69.198
1,459,69.216
1,460,69.238
1,461,69.264
1,462,69.290
1,463,69.350
1,464,69.402
1,465,69.432
1,466,69.480
1,467,69.532
1,468,69.582
1,469,69.620
1,470,69.656
1,471,69.726
1,472,69.770
1,473,69.816
1,474,69.864
1,475,69.918
1,476,69.964
1,477,70.014
1,478,70.064
1,479,70.112
1,480,70.156
1,481,70.198
1,482,70.272
1,483,70.288
1,484,70.342
1,485,70.370
1,486,70.412
1,487,70.502
1,488,70.628
1,489,70.792
1,490,70.922
1,491,71.060
1,492,71.194
1,493,71.288
1,494,71.376
1,495,71.440
1,496,71.494
1,497,71.542
1,498,71.600
1,499,71.630
1,500,71.660
1,501,71.690
1,502,71.760
1,503,71.836
1,504,71.912
1,505,72.004
1,506,72.120
1,507,72.134
1,508,72.148
1,509,72.160
1,510,72.174
1,511,72.190
1,512,72.204
1,513,72.320
1,514,72.404
1,515,72.502
1,516,72.560
1,517,72.634
1,518,72.672
1,519,72.708
1,520,72.752
1,521,72.780
1,522,72.872
1,523,72.984
1,524,73.090
1,525,73.202
1,526,73.302
1,527,73.418
1,528,73.462
1,529,73.510
1,530,73.640
1,531,73.782
1,532,73.890
1,533,73.956
1,534,73.992
1,535,74.050
1,536,74.156
1,537,74.258
1,538,74.336
1,539,74.414
1,540,74.496
1,541,74.566
1,542,74.686
1,543,74.804
1,544,74.918
1,545,75.020
1,546,75.132
1,547,75.232
1,548,75.320
1,549,75.374
1,550,75.428
1,551,75.480
1,552,75.536
1,553,75.598
1,554,75.656
1,555,75.710
1,556,75.748
1,557,75.816
1,558,75.834
1,559,75.854
1,560,75.870
1,561,75.884
1,562,75.950
1,563,75.980
1,564,76.020
1,565,76.134
1,566,76.238
1,567,76.466
1,568,76.726
1,569,76.890
1,570,76.972
1,571,77.066
1,572,77.190
1,573,77.398
1,574,77.524
1,575,77.694
1,576,77.860
1,577,77.986
1,578,78.092
1,579,78.192
1,580,78.280
1,581,78.340
1,582,78.404
1,583,78.478
1,584,78.560
1,585,78.640
1,586,78.712
1,587,78.768
1,588,78.832
1,589,78.906
1,590,78.950
1,591,78.998
1,592,79.042
1,593,79.088
1,594,79.128
1,595,79.234
1,596,79.354
1,597,79.474
1,598,79.656
1,599,79.772
1,600,79.940
CHECKPOINT,80.000
1,601,80.226
1,602,80.300
1,603,80.380
1,604,80.462
1,605,80.536
1,606,80.684
1,607,80.744
1,608,80.768
1,609,80.794
1,610,80.824
1,611,80.934
1,612,81.000
1,613,81.056
1,614,81.198
1,615,81.338
1,616,81.474
1,617,81.610
1,618,81.708
1,619,81.804
1,620,81.898
1,621,82.024
1,622,82.124
1,623,82.204
1,624,82.274
1,625,82.372
1,626,82.470
1,627,82.546
1,628,82.666
1,629,82.798
1,630,82.928
1,631,83.074
1,632,83.206
1,633,83.348
1,634,83.480
1,635,83.596
1,636,83.722
1,637,83.880
1,638,84.006
1,639,84.170
1,640,84.328
1,641,84.512
1,642,84.700
1,643,84.966
1,644,85.158
1,645,85.296
1,646,85.548
1,647,85.842
1,648,86.010
1,649,86.092
1,650,86.154
1,651,86.244
1,652,86.450
1,653,86.780
1,654,86.970
1,655,87.184
1,656,87.328
1,657,87.476
1,658,87.568
1,659,87.648
1,660,87.712
1,661,87.764
1,662,87.884
1,663,87.978
1,664,88.000
1,665,88.022
1,666,88.056
1,667,88.066
1,668,88.082
1,669,88.100
1,670,88.116
1,671,88.132
1,672,88.154
1,673,88.176
1,674,88.308
1,675,88.388
1,676,88.484
1,677,88.628
1,678,88.724
1,679,88.788
1,680,88.896
1,681,88.974
1,682,89.052
1,683,89.082
1,684,89.124
1,685,89.168
1,686,89.190
1,687,89.306
1,688,89.390
1,689,89.496
1,690,89.594
1,691,89.660
1,692,89.714
1,693,89.838
1,694,89.956
1,695,90.042
1,696,90.146
1,697,90.218
1,698,90.284
1,699,90.358
1,700,90.402
1,701,90.516
1,702,90.600
1,703,90.708
1,704,90.818
1,705,90.932
1,706,91.016
1,707,91.100
1,708,91.182
1,709,91.266
1,710,91.342
1,711,91.468
1,712,91.630
1,713,91.712
1,714,91.812
1,715,91.876
1,716,92.068
1,717,92.138
1,718,92.226
1,719,92.362
1,720,92.506
1,721,92.598
1,722,92.710
1,723,92.810
1,724,92.896
1,725,92.988
1,726,93.266
1,727,93.316
1,728,93.380
1,729,93.414
1,730,93.444
1,731,93.510
1,732,93.632
1,733,93.742
1,734,93.938
1,735,93.986
1,736,94.036
1,737,94.096
1,738,94.206
1,739,94.240
1,740,94.288
1,741,94.338
1,742,94.416
1,743,94.534
1,744,94.610
1,745,94.822
1,746,95.060
1,747,95.292
1,748,95.500
1,749,95.772
1,750,95.998
1,751,96.250
1,752,96.532
1,753,96.768
1,754,96.968
1,755,97.244
1,756,97.298
1,757,97.344
1,758,97.362
1,759,97.384
1,760,97.404
1,761,97.422
1,762,97.460
1,763,97.502
1,764,97.530
1,765,97.570
1,766,97.604
1,767,97.696
1,768,97.764
1,769,97.838
1,770,97.880
1,771,97.920
1,772,97.972
1,773,98.104
1,774,98.226
1,775,98.300
1,776,98.374
1,777,98.438
1,778,98.586
1,779,98.720
1,780,98.864
1,781,98.986
1,782,99.022
1,783,99.060
1,784,99.088
1,785,99.122
1,786,99.152
1,787,99.192
1,788,99.230
1,789,99.264
1,790,99.306
1,791,99.372
1,792,99.432
1,793,99.466
1,794,99.502
1,795,99.526
1,796,99.550
1,797,99.572
1,798,99.608
1,799,99.642
1,800,99.732
1,801,99.870
CHECKPOINT,100.000
1,802,100.004
1,803,100.096
1,804,100.226
1,805,100.334
1,806,100.404
1,807,100.494
1,808,100.656
1,809,100.760
1,810,100.854
1,811,100.996
1,812,101.146
1,813,101.250
1,814,101.382
1,815,101.506
1,816,101.660
1,817,101.792
1,818,101.894
1,819,102.014
1,820,102.130
1,821,102.254
1,822,102.378
1,823,102.494
1,824,102.620
1,825,102.710
1,826,102.828
1,827,102.930
1,828,103.000
1,829,103.076
1,830,103.142
1,831,103.212
1,832,103.336
1,833,103.462
1,834,103.622
1,835,103.774
1,836,103.982
1,837,104.162
1,838,104.388
1,839,104.544
1,840,104.744
1,841,104.956
1,842,105.192
1,843,105.466
1,844,105.634
1,845,105.794
1,846,106.026
1,847,106.292
1,848,106.648
1,849,106.910
1,850,107.094
1,851,107.328
1,852,107.562
1,853,107.658
1,854,107.808
1,855,107.958
1,856,108.134
1,857,108.346
1,858,108.540
1,859,108.660
1,860,108.800
1,861,108.944
1,862,109.070
1,863,109.422
1,864,109.768
1,865,110.032
1,866,110.344
1,867,110.646
1,868,110.966
1,869,111.280
1,870,111.406
1,871,111.562
1,872,111.674
1,873,111.742
1,874,111.752
1,875,111.766
1,876,111.782
1,877,111.802
1,878,111.826
1,879,111.854
1,880,111.882
1,881,111.906
1,882,111.930
1,883,111.956
1,884,111.974
1,885,111.992
1,886,112.012
1,887,112.058
1,888,112.104
1,889,112.156
1,890,112.192
1,891,112.230
1,892,112.258
1,893,112.346
1,894,112.436
1,895,112.538
1,896,112.590
1,897,112.634
1,898,112.714
1,899,112.796
1,900,112.850
1,901,112.904
1,902,112.952
1,903,112.994
1,904,113.040
1,905,113.092
1,906,113.134
1,907,113.182
1,908,113.232
1,909,113.288
1,910,113.344
1,911,113.414
1,912,113.472
1,913,113.528
1,914,113.592
1,915,113.650
1,916,113.706
1,917,113.756
1,918,113.816
1,919,113.868
1,920,113.918
1,921,113.978
1,922,114.042
1,923,114.122
1,924,114.166
1,925,114.220
1,926,114.272
1,927,114.324
1,928,114.376
1,929,114.420
1,930,114.462
1,931,114.494
1,932,114.530
1,933,114.578
1,934,114.622
1,935,114.664
1,936,114.730
1,937,114.778
1,938,114.800
1,939,114.820
1,940,114.838
1,941,114.854
1,942,114.872
1,943,114.888
1,944,114.898
1,945,114.922
1,946,114.928
1,947,114.934
1,948,114.938
1,949,114.944
1,950,114.968
1,951,114.980
1,952,114.990
1,953,115.278
1,954,115.484
1,955,115.672
1,956,115.840
1,957,115.994
1,958,116.168
1,959,116.322
1,960,116.714
1,961,116.896
1,962,117.086
1,963,117.274
1,964,117.498
1,965,118.026
1,966,118.296
1,967,118.502
1,968,118.690
1,969,118.898
1,970,119.072
1,971,119.264
1,972,119.388
1,973,119.608
1,974,119.728
1,975,119.870
1,976,119.982
CHECKPOINT,120.000
1,977,120.224
1,978,120.434
1,979,120.612
1,980,120.834
1,981,120.964
1,982,121.088
1,983,121.328
1,984,121.638
1,985,121.918
1,986,122.236
1,987,122.522
1,988,122.840
1,989,123.168
1,990,123.508
1,991,123.730
1,992,123.972
1,993,124.132
1,994,124.256
1,995,124.402
1,996,124.544
1,997,124.708
1,998,124.844
1,999,124.990
1,1000,125.168
1,1001,125.356
1,1002,125.526
1,1003,125.648
1,1004,125.806
1,1005,125.888
1,1006,126.052
1,1007,126.238
1,1008,126.660
1,1009,127.096
1,1010,127.258
1,1011,127.404
1,1012,127.512
1,1013,127.582
1,1014,127.650
1,1015,127.718
1,1016,127.878
1,1017,127.948
1,1018,128.024
1,1019,128.126
1,1020,128.300
1,1021,128.396
1,1022,128.492
1,1023,128.636
1,1024,128.712
1,1025,128.798
1,1026,128.858
1,1027,128.944
1,1028,128.996
1,1029,129.044
1,1030,129.082
1,1031,129.116
1,1032,129.156
1,1033,129.202
1,1034,129.242
1,1035,129.280
1,1036,129.298
1,1037,129.338
1,1038,129.400
1,1039,129.450
1,1040,129.486
1,1041,129.530
1,1042,129.562
1,1043,129.574
1,1044,129.590
1,1045,129.610
1,1046,129.628
1,1047,129.652
1,1048,129.674
1,1049,129.686
1,1050,129.704
1,1051,129.718
1,1052,129.730
1,1053,129.740
1,1054,129.752
1,1055,129.770
1,1056,129.780
1,1057,129.894
1,1058,130.114
1,1059,130.232
1,1060,130.520
1,1061,130.792
1,1062,130.954
1,1063,131.128
1,1064,131.342
1,1065,131.538
1,1066,131.768
1,1067,131.984
1,1068,132.122
1,1069,132.252
1,1070,132.450
1,1071,132.850
1,1072,133.008
1,1073,133.188
1,1074,133.416
1,1075,133.592
1,1076,133.908
1,1077,134.314
1,1078,134.452
1,1079,134.618
1,1080,134.770
1,1081,134.928
1,1082,135.084
1,1083,135.258
1,1084,135.468
1,1085,135.666
1,1086,135.860
1,1087,136.044
1,1088,136.224
1,1089,136.338
1,1090,136.402
1,1091,136.478
1,1092,136.600
1,1093,136.692
1,1094,136.700
1,1095,136.710
1,1096,136.720
1,1097,136.732
1,1098,136.792
1,1099,136.834
1,1100,136.886
1,1101,136.928
1,1102,136.960
1,1103,136.990
1,1104,137.024
1,1105,137.064
1,1106,137.098
1,1107,137.128
1,1108,137.156
1,1109,137.196
1,1110,137.256
1,1111,137.288
1,1112,137.304
1,1113,137.320
1,1114,137.332
1,1115,137.344
1,1116,137.358
1,1117,137.378
1,1118,137.402
1,1119,137.430
1,1120,137.460
1,1121,137.538
1,1122,137.634
1,1123,137.728
1,1124,137.814
1,1125,137.900
1,1126,137.920
1,1127,137.944
1,1128,137.966
1,1129,137.992
1,1130,138.020
1,1131,138.044
1,1132,138.066
1,1133,138.084
1,1134,138.106
1,1135,138.126
1,1136,138.188
1,1137,138.224
1,1138,138.264
1,1139,138.304
1,1140,138.344
1,1141,138.382
1,1142,138.418
1,1143,138.456
1,1144,138.498
1,1145,138.534
1,1146,138.570
1,1147,138.608
1,1148,138.626
1,1149,138.646
1,1150,138.664
1,1151,138.724
1,1152,138.776
1,1153,138.822
1,1154,138.896
1,1155,139.108
1,1156,139.316
1,1157,139.634
1,1158,139.692
1,1159,139.874
1,1160,139.974
CHECKPOINT,140.000
1,1161,140.074
1,1162,140.164
1,1163,140.286
1,1164,140.348
1,1165,140.520
1,1166,140.686
1,1167,141.016
1,1168,141.336
1,1169,141.720
1,1170,141.882
1,1171,142.048
1,1172,142.702
1,1173,142.952
1,1174,143.220
1,1175,143.566
1,1176,143.818
1,1177,144.198
1,1178,144.830
1,1179,145.336
1,1180,145.902
1,1181,146.426
1,1182,146.752
1,1183,147.182
1,1184,147.702
1,1185,148.158
1,1186,148.690
1,1187,149.126
1,1188,149.424
1,1189,149.792
1,1190,150.012
1,1191,150.424
1,1192,150.676
1,1193,151.130
1,1194,151.400
1,1195,151.674
1,1196,151.982
1,1197,152.308
1,1198,152.590
1,1199,152.970
1,1200,153.356
1,1201,153.660
1,1202,153.960
1,1203,154.230
1,1204,154.482
1,1205,154.708
1,1206,154.924
1,1207,155.158
1,1208,155.660
1,1209,156.078
1,1210,156.642
1,1211,156.984
1,1212,157.372
1,1213,157.726
1,1214,158.056
1,1215,158.376
1,1216,158.638
1,1217,158.900
1,1218,159.166
1,1219,159.480
1,1220,159.740
1,1221,159.932
CHECKPOINT,160.000
1,1222,160.082
1,1223,160.342
1,1224,160.624
1,1225,160.744
1,1226,160.890
1,1227,161.054
1,1228,161.226
1,1229,161.328
1,1230,161.432
1,1231,161.510
1,1232,161.586
1,1233,161.654
1,1234,161.718
1,1235,161.804
1,1236,161.882
1,1237,161.970
1,1238,162.064
1,1239,162.160
1,1240,162.298
1,1241,162.360
1,1242,162.462
1,1243,162.636
1,1244,162.730
1,1245,162.824
1,1246,162.914
1,1247,163.050
1,1248,163.154
1,1249,163.538
1,1250,163.774
1,1251,163.906
1,1252,164.030
1,1253,164.150
1,1254,164.288
1,1255,164.422
1,1256,164.546
1,1257,164.668
1,1258,164.862
1,1259,165.022
1,1260,165.200
1,1261,165.382
1,1262,165.552
1,1263,165.716
1,1264,165.856
1,1265,166.048
1,1266,166.270
1,1267,166.476
1,1268,166.686
1,1269,166.968
1,1270,167.190
1,1271,167.360
1,1272,167.608
1,1273,167.866
1,1274,168.080
1,1275,168.296
1,1276,168.504
1,1277,168.732
1,1278,168.956
1,1279,169.264
1,1280,169.684
1,1281,170.108
1,1282,170.494
1,1283,170.834
1,1284,171.204
1,1285,171.540
1,1286,171.862
1,1287,172.174
1,1288,172.468
1,1289,172.720
1,1290,172.948
1,1291,173.154
1,1292,173.388
1,1293,173.472
1,1294,173.570
1,1295,173.704
1,1296,173.830
1,1297,174.044
1,1298,174.360
1,1299,174.676
1,1300,174.860
1,1301,175.132
1,1302,175.360
1,1303,175.542
1,1304,175.792
1,1305,175.964
1,1306,176.078
1,1307,176.274
1,1308,176.414
1,1309,176.594
1,1310,176.800
1,1311,177.014
1,1312,177.238
1,1313,177.494
1,1314,177.724
1,1315,178.154
1,1316,178.324
1,1317,178.490
1,1318,178.606
1,1319,178.718
1,1320,178.840
1,1321,178.946
1,1322,179.072
1,1323,179.202
1,1324,179.316
1,1325,179.452
1,1326,179.590
1,1327,179.692
1,1328,179.788
1,1329,179.874
1,1330,179.936
1,1331,179.988
CHECKPOINT,180.000
1,1332,180.042
1,1333,180.110
1,1334,180.168
1,1335,180.226
1,1336,180.264
1,1337,180.350
1,1338,180.418
1,1339,180.542
1,1340,180.670
1,1341,180.842
1,1342,180.930
1,1343,181.080
1,1344,181.232
1,1345,181.342
1,1346,181.350
1,1347,181.370
1,1348,181.380
1,1349,181.392
1,1350,181.406
1,1351,181.422
1,1352,181.434
1,1353,181.442
1,1354,181.450
1,1355,181.458
1,1356,181.578
1,1357,181.630
1,1358,181.700
1,1359,181.772
1,1360,181.908
1,1361,182.066
1,1362,182.422
1,1363,183.000
1,1364,183.734
1,1365,183.944
1,1366,184.172
1,1367,184.486
1,1368,184.814
1,1369,185.936
1,1370,186.272
1,1371,186.586
1,1372,186.776
1,1373,186.954
1,1374,187.162
1,1375,187.342
1,1376,187.520
1,1377,187.668
1,1378,187.810
1,1379,187.882
1,1380,188.306
1,1381,188.690
1,1382,188.912
1,1383,189.096
1,1384,189.280
1,1385,189.530
1,1386,189.888
1,1387,190.222
1,1388,190.392
1,1389,190.546
1,1390,190.710
1,1391,190.928
1,1392,191.142
1,1393,191.310
1,1394,191.460
1,1395,191.662
1,1396,191.816
1,1397,191.922
1,1398,192.030
1,1399,192.188
1,1400,192.338
1,1401,192.448
1,1402,192.628
1,1403,192.678
1,1404,192.746
1,1405,192.796
1,1406,192.852
1,1407,192.902
1,1408,192.940
1,1409,192.968
1,1410,193.002
1,1411,193.018
1,1412,193.034
1,1413,193.060
1,1414,193.086
1,1415,193.106
1,1416,193.294
1,1417,193.480
1,1418,193.740
1,1419,193.942
1,1420,194.128
1,1421,194.316
1,1422,194.528
1,1423,194.694
1,1424,194.842
1,1425,194.958
1,1426,195.056
1,1427,195.116
1,1428,195.182
1,1429,195.278
1,1430,195.374
1,1431,195.440
1,1432,195.508
1,1433,195.566
1,1434,195.628
1,1435,195.690
1,1436,195.754
1,1437,195.822
1,1438,195.886
1,1439,195.960
1,1440,196.034
1,1441,196.090
1,1442,196.150
1,1443,196.204
1,1444,196.254
1,1445,196.308
1,1446,196.358
1,1447,196.398
1,1448,196.440
1,1449,196.484
1,1450,196.552
1,1451,196.570
1,1452,196.590
1,1453,196.662
1,1454,196.706
1,1455,196.752
1,1456,196.822
1,1457,196.832
1,1458,196.844
1,1459,196.856
1,1460,196.866
1,1461,196.880
1,1462,196.902
1,1463,196.950
1,1464,197.010
1,1465,197.074
1,1466,197.094
1,1467,197.112
1,1468,197.128
1,1469,197.144
1,1470,197.160
1,1471,197.174
1,1472,197.188
1,1473,197.204
1,1474,197.220
1,1475,197.236
1,1476,197.254
1,1477,197.270
1,1478,197.286
1,1479,197.302
1,1480,197.372
1,1481,197.410
1,1482,197.488
1,1483,197.598
1,1484,197.772
1,1485,197.914
1,1486,198.100
1,1487,198.192
1,1488,198.286
1,1489,198.382
1,1490,198.472
1,1491,198.720
1,1492,199.018
1,1493,199.232
1,1494,199.268
1,1495,199.324
1,1496,199.338
1,1497,199.352
1,1498,199.464
1,1499,199.686
1,1500,199.898
CHECKPOINT,200.000
1,1501,200.104
1,1502,200.294
1,1503,200.418
1,1504,200.574
1,1505,200.882
1,1506,201.170
1,1507,201.430
1,1508,201.696
1,1509,201.938
1,1510,202.178
1,1511,202.420
1,1512,202.662
1,1513,203.024
1,1514,203.450
1,1515,203.618
1,1516,203.784
1,1517,204.158
1,1518,204.436
1,1519,204.646
1,1520,204.852
1,1521,205.070
1,1522,205.292
1,1523,205.550
1,1524,206.024
1,1525,206.566
1,1526,206.714
1,1527,206.940
1,1528,207.176
1,1529,207.426
1,1530,207.652
1,1531,207.830
1,1532,207.996
1,1533,208.142
1,1534,208.794
1,1535,209.154
1,1536,209.518
1,1537,209.856
1,1538,210.014
1,1539,210.208
1,1540,210.404
1,1541,210.668
1,1542,210.924
1,1543,211.180
1,1544,211.434
1,1545,211.722
1,1546,211.952
1,1547,212.212
1,1548,212.468
1,1549,212.756
1,1550,213.040
1,1551,213.312
1,1552,213.502
1,1553,213.676
1,1554,213.826
1,1555,213.926
1,1556,214.054
1,1557,214.180
1,1558,214.290
1,1559,214.412
1,1560,214.580
1,1561,214.740
1,1562,214.842
1,1563,214.934
1,1564,215.056
1,1565,215.154
1,1566,215.228
1,1567,215.306
1,1568,215.414
1,1569,215.560
1,1570,215.706
1,1571,215.912
1,1572,216.078
1,1573,216.192
1,1574,216.272
1,1575,216.360
1,1576,216.466
1,1577,216.614
1,1578,216.780
1,1579,216.954
1,1580,217.096
1,1581,217.276
1,1582,217.448
1,1583,217.664
1,1584,217.920
1,1585,218.150
1,1586,218.332
1,1587,218.494
1,1588,218.624
1,1589,218.734
1,1590,218.866
1,1591,219.016
1,1592,219.176
1,1593,219.326
1,1594,219.430
1,1595,219.614
1,1596,219.654
1,1597,219.690
1,1598,219.726
1,1599,219.912
CHECKPOINT,220.000
1,1600,220.222
1,1601,220.528
1,1602,220.876
1,1603,220.992
1,1604,221.196
1,1605,221.306
1,1606,221.464
1,1607,221.512
1,1608,221.742
1,1609,222.140
1,1610,222.444
1,1611,222.756
1,1612,222.998
1,1613,223.262
1,1614,223.486
1,1615,223.654
1,1616,223.828
1,1617,223.958
1,1618,224.098
1,1619,224.308
1,1620,224.322
1,1621,224.334
1,1622,224.348
1,1623,224.362
1,1624,224.578
1,1625,224.806
1,1626,225.020
1,1627,225.338
1,1628,225.666
1,1629,226.010
1,1630,226.360
1,1631,226.690
1,1632,227.048
1,1633,227.392
1,1634,227.690
1,1635,228.292
1,1636,228.532
1,1637,228.826
1,1638,228.992
1,1639,229.170
1,1640,229.334
1,1641,229.498
1,1642,230.048
1,1643,230.680
1,1644,231.174
1,1645,231.530
1,1646,231.746
1,1647,231.978
1,1648,232.192
1,1649,232.360
1,1650,232.600
1,1651,232.820
1,1652,233.066
1,1653,233.324
1,1654,233.548
1,1655,233.736
1,1656,233.898
1,1657,234.066
1,1658,234.232
1,1659,234.436
1,1660,234.722
1,1661,235.008
1,1662,235.256
1,1663,235.504
1,1664,235.654
1,1665,235.890
1,1666,236.060
1,1667,236.214
1,1668,236.604
1,1669,236.848
1,1670,237.024
1,1671,237.178
1,1672,237.316
1,1673,237.350
1,1674,237.380
1,1675,237.418
1,1676,237.464
1,1677,237.558
1,1678,237.694
1,1679,237.828
1,1680,238.152
1,1681,238.354
1,1682,238.514
1,1683,238.710
1,1684,238.866
1,1685,239.030
1,1686,239.088
1,1687,239.326
1,1688,239.586
1,1689,239.676
1,1690,239.722
1,1691,239.778
1,1692,239.842
1,1693,239.892
CHECKPOINT,240.000
1,1694,240.082
1,1695,240.260
1,1696,240.438
1,1697,240.588
1,1698,240.718
1,1699,240.868
1,1700,241.044
1,1701,241.158
1,1702,241.278
1,1703,241.386
1,1704,241.488
1,1705,241.668
1,1706,241.824
1,1707,241.942
1,1708,242.046
1,1709,242.184
1,1710,242.360
1,1711,242.544
1,1712,242.766
1,1713,242.978
1,1714,243.154
1,1715,243.248
1,1716,243.302
1,1717,243.352
1,1718,243.402
1,1719,243.660
1,1720,243.830
1,1721,244.042
1,1722,244.296
1,1723,244.476
1,1724,244.516
1,1725,244.554
1,1726,244.688
1,1727,244.890
1,1728,245.100
1,1729,245.234
1,1730,245.398
1,1731,245.514
1,1732,245.618
1,1733,245.756
1,1734,246.030
1,1735,246.256
1,1736,246.418
1,1737,246.562
1,1738,246.784
1,1739,247.030
1,1740,247.236
1,1741,247.456
1,1742,247.606
1,1743,247.768
1,1744,247.856
1,1745,247.966
1,1746,248.008
1,1747,248.074
1,1748,248.144
1,1749,248.212
1,1750,248.306
1,1751,248.504
1,1752,248.606
1,1753,248.698
1,1754,248.860
1,1755,249.002
1,1756,249.152
1,1757,249.368
1,1758,249.566
1,1759,249.700
1,1760,249.880
1,1761,250.068
1,1762,250.292
1,1763,250.436
1,1764,250.640
1,1765,250.828
1,1766,251.040
1,1767,251.250
1,1768,251.454
1,1769,251.668
1,1770,251.876
1,1771,252.078
1,1772,252.254
1,1773,252.496
1,1774,252.728
1,1775,252.914
1,1776,253.112
1,1777,253.282
1,1778,253.404
1,1779,253.584
1,1780,253.840
1,1781,253.938
1,1782,254.046
1,1783,254.168
1,1784,254.332
1,1785,254.552
1,1786,254.720
1,1787,255.060
1,1788,255.380
1,1789,255.680
1,1790,256.060
1,1791,256.312
1,1792,256.648
1,1793,257.110
1,1794,257.208
1,1795,257.414
1,1796,257.622
1,1797,257.774
1,1798,257.896
1,1799,258.004
1,1800,258.092
1,1801,258.318
1,1802,258.426
1,1803,258.598
1,1804,258.714
1,1805,258.830
1,1806,259.032
1,1807,259.178
1,1808,259.484
1,1809,259.764
CHECKPOINT,260.000
1,1810,260.176
1,1811,260.504
1,1812,260.756
1,1813,260.920
1,1814,261.088
1,1815,261.336
1,1816,261.498
1,1817,261.672
1,1818,261.896
1,1819,262.078
1,1820,262.256
1,1821,262.390
1,1822,262.548
1,1823,262.742
1,1824,263.006
1,1825,263.196
1,1826,263.368
1,1827,263.670
1,1828,263.738
1,1829,263.806
1,1830,263.868
1,1831,263.934
1,1832,263.978
1,1833,264.022
1,1834,264.088
1,1835,264.170
1,1836,264.304
1,1837,264.436
1,1838,264.568
1,1839,264.712
1,1840,264.898
1,1841,265.088
1,1842,265.302
1,1843,265.318
1,1844,265.334
1,1845,265.352
1,1846,265.370
1,1847,265.386
1,1848,265.402
1,1849,265.664
1,1850,265.836
1,1851,266.058
1,1852,266.216
1,1853,266.326
1,1854,266.436
1,1855,266.552
1,1856,266.650
1,1857,266.794
1,1858,266.904
1,1859,267.050
1,1860,267.196
1,1861,267.346
1,1862,267.508
1,1863,267.688
1,1864,267.932
1,1865,268.144
1,1866,268.372
1,1867,268.630
1,1868,268.882
1,1869,269.138
1,1870,269.408
1,1871,269.612
1,1872,269.838
1,1873,270.128
1,1874,270.404
1,1875,270.708
1,1876,271.026
1,1877,271.278
1,1878,271.522
1,1879,271.712
1,1880,271.814
1,1881,271.952
1,1882,272.130
1,1883,272.300
1,1884,272.428
1,1885,272.584
1,1886,272.816
1,1887,273.080
1,1888,273.312
1,1889,273.546
1,1890,273.814
1,1891,274.132
1,1892,274.294
1,1893,274.604
1,1894,274.882
1,1895,275.220
1,1896,275.412
1,1897,275.560
1,1898,275.838
1,1899,276.120
1,1900,276.380
1,1901,276.646
1,1902,276.906
1,1903,277.334
1,1904,277.626
1,1905,277.892
1,1906,278.204
1,1907,278.534
1,1908,278.916
1,1909,279.340
1,1910,279.458
1,1911,279.590
1,1912,279.656
1,1913,279.756
1,1914,279.870
1,1915,279.986
CHECKPOINT,280.000
1,1916,280.122
1,1917,280.250
1,1918,280.382
1,1919,280.474
1,1920,280.542
1,1921,280.648
1,1922,280.776
1,1923,280.864
1,1924,280.888
1,1925,280.914
1,1926,280.978
1,1927,281.006
1,1928,281.030
1,1929,281.060
1,1930,281.104
1,1931,281.182
1,1932,281.208
1,1933,281.232
1,1934,281.244
1,1935,281.302
1,1936,281.342
1,1937,281.382
1,1938,281.432
1,1939,281.496
1,1940,281.552
1,1941,281.674
1,1942,281.798
1,1943,281.894
1,1944,281.986
1,1945,282.104
1,1946,282.252
1,1947,282.384
1,1948,282.526
1,1949,282.624
1,1950,282.734
1,1951,282.820
1,1952,282.918
1,1953,283.000
1,1954,283.058
1,1955,283.124
1,1956,283.240
1,1957,283.336
1,1958,283.480
1,1959,283.574
1,1960,283.666
1,1961,283.738
1,1962,283.806
1,1963,283.904
1,1964,284.008
1,1965,284.082
1,1966,284.154
1,1967,284.244
1,1968,284.348
1,1969,284.438
1,1970,284.522
1,1971,284.614
1,1972,284.710
1,1973,284.794
1,1974,284.870
1,1975,284.926
1,1976,284.982
1,1977,285.028
1,1978,285.074
1,1979,285.120
1,1980,285.164
1,1981,285.202
1,1982,285.238
1,1983,285.282
1,1984,285.320
1,1985,285.362
1,1986,285.386
1,1987,285.440
1,1988,285.488
1,1989,285.504
1,1990,285.522
1,1991,285.564
1,1992,285.616
1,1993,285.668
1,1994,285.712
1,1995,285.748
1,1996,285.792
1,1997,285.840
1,1998,285.896
1,1999,285.952
1,2000,286.000
1,2001,286.064
1,2002,286.128
1,2003,286.188
1,2004,286.260
1,2005,286.326
1,2006,286.420
1,2007,286.510
1,2008,286.592
1,2009,286.680
1,2010,286.774
1,2011,286.888
1,2012,287.000
1,2013,287.104
1,2014,287.248
1,2015,287.362
1,2016,287.472
1,2017,287.582
1,2018,287.686
1,2019,287.796
1,2020,287.882
1,2021,288.002
1,2022,288.144
1,2023,288.300
1,2024,288.462
1,2025,288.638
1,2026,288.828
1,2027,289.036
1,2028,289.242
1,2029,289.452
1,2030,289.618
1,2031,289.808
1,2032,290.022
1,2033,290.230
1,2034,290.384
1,2035,290.510
1,2036,290.660
1,2037,290.846
1,2038,291.012
1,2039,291.144
1,2040,291.282
1,2041,291.478
1,2042,291.760
1,2043,292.046
1,2044,292.300
1,2045,292.580
1,2046,292.656
1,2047,292.726
1,2048,292.798
1,2049,292.918
1,2050,293.042
1,2051,293.172
1,2052,293.268
1,2053,293.422
1,2054,293.544
1,2055,293.690
1,2056,293.860
1,2057,294.006
1,2058,294.204
1,2059,294.444
1,2060,294.618
1,2061,294.826
1,2062,295.110
1,2063,295.276
1,2064,295.454
1,2065,295.574
1,2066,295.686
1,2067,295.796
1,2068,295.912
1,2069,296.012
1,2070,296.120
1,2071,296.320
1,2072,296.510
1,2073,296.672
1,2074,296.824
1,2075,296.978
1,2076,297.118
1,2077,297.306
1,2078,297.454
1,2079,297.600
1,2080,297.762
1,2081,297.886
1,2082,298.026
1,2083,298.102
1,2084,298.190
1,2085,298.262
1,2086,298.334
1,2087,298.406
1,2088,298.476
1,2089,298.548
1,2090,298.612
1,2091,298.688
1,2092,298.762
1,2093,298.834
1,2094,298.888
1,2095,298.932
1,2096,298.972
1,2097,299.022
1,2098,299.070
1,2099,299.162
1,2100,299.264
1,2101,299.372
1,2102,299.526
1,2103,299.624
1,2104,299.692
1,2105,299.790
1,2106,299.868
1,2107,299.968
CHECKPOINT,300.000
1,2108,300.070
1,2109,300.130
1,2110,300.188
1,2111,300.278
1,2112,300.350
1,2113,300.378
1,2114,300.408
1,2115,300.440
1,2116,300.466
1,2117,300.486
1,2118,300.508
1,2119,300.586
1,2120,300.664
1,2121,300.750
1,2122,300.832
1,2123,300.850
1,2124,300.870
1,2125,300.888
1,2126,300.908
1,2127,300.926
1,2128,300.942
1,2129,300.960
1,2130,300.980
1,2131,300.996
1,2132,301.014
1,2133,301.030
1,2134,301.050
1,2135,301.070
1,2136,301.086
1,2137,301.100
1,2138,301.112
1,2139,301.124
1,2140,301.134
1,2141,301.150
1,2142,301.162
1,2143,301.174
1,2144,301.188
1,2145,301.204
1,2146,301.220
1,2147,301.234
1,2148,301.250
1,2149,301.266
1,2150,301.282
1,2151,301.298
1,2152,301.314
1,2153,301.332
1,2154,301.348
1,2155,301.364
1,2156,301.384
1,2157,301.404
1,2158,301.422
1,2159,301.442
1,2160,301.460
1,2161,301.478
1,2162,301.496
1,2163,301.514
1,2164,301.530
1,2165,301.542
1,2166,301.556
1,2167,301.570
1,2168,301.584
1,2169,301.600
1,2170,301.616
1,2171,301.634
1,2172,301.652
1,2173,301.672
1,2174,301.690
1,2175,301.704
1,2176,301.718
1,2177,301.732
1,2178,301.746
1,2179,301.758
1,2180,301.770
1,2181,301.782
1,2182,301.796
1,2183,301.814
1,2184,301.832
1,2185,301.852
1,2186,301.866
1,2187,301.878
1,2188,301.894
1,2189,301.908
1,2190,301.918
1,2191,301.932
1,2192,301.946
1,2193,301.962
1,2194,301.980
1,2195,301.996
1,2196,302.010
1,2197,302.024
1,2198,302.040
1,2199,302.056
1,2200,302.070
1,2201,302.084
1,2202,302.098
1,2203,302.110
1,2204,302.124
1,2205,302.142
1,2206,302.156
1,2207,302.170
1,2208,302.182
1,2209,302.194
1,2210,302.206
1,2211,302.218
1,2212,302.230
1,2213,302.242
1,2214,302.256
1,2215,302.270
1,2216,302.286
1,2217,302.300
1,2218,302.316
1,2219,302.332
1,2220,302.348
1,2221,302.362
1,2222,302.376
1,2223,302.390
1,2224,302.406
1,2225,302.422
1,2226,302.440
1,2227,302.458
1,2228,302.472
1,2229,302.490
1,2230,302.510
1,2231,302.530
1,2232,302.544
1,2233,302.558
1,2234,302.574
1,2235,302.590
1,2236,302.606
1,2237,302.624
1,2238,302.638
1,2239,302.656
1,2240,302.676
1,2241,302.694
1,2242,302.710
1,2243,302.726
1,2244,302.742
1,2245,302.756
1,2246,302.772
1,2247,302.788
1,2248,302.802
1,2249,302.816
1,2250,302.828
1,2251,302.840
1,2252,302.852
1,2253,302.864
1,2254,302.878
1,2255,302.892
1,2256,302.906
1,2257,302.922
1,2258,302.938
1,2259,302.952
1,2260,302.964
1,2261,302.976
1,2262,302.988
1,2263,303.000
1,2264,303.012
1,2265,303.026
1,2266,303.042
1,2267,303.058
1,2268,303.074
1,2269,303.088
1,2270,303.100
1,2271,303.112
1,2272,303.124
1,2273,303.138
1,2274,303.148
1,2275,303.156
1,2276,303.164
1,2277,303.176
1,2278,303.186
1,2279,303.200
1,2280,303.214
1,2281,303.230
1,2282,303.246
1,2283,303.262
1,2284,303.276
1,2285,303.292
1,2286,303.308
1,2287,303.320
1,2288,303.332
1,2289,303.346
1,2290,303.360
1,2291,303.374
1,2292,303.382
1,2293,303.390
1,2294,303.396
1,2295,303.404
1,2296,303.412
1,2297,303.418
1,2298,303.424
1,2299,303.428
1,2300,303.432
1,2301,303.438
1,2302,303.444
1,2303,303.448
1,2304,303.454
1,2305,303.460
1,2306,303.464
1,2307,303.468
1,2308,303.472
1,2309,303.478
1,2310,303.484
1,2311,303.490
1,2312,303.498
1,2313,303.504
1,2314,303.508
1,2315,303.516
1,2316,303.522
1,2317,303.528
1,2318,303.538
1,2319,303.546
1,2320,303.554
1,2321,303.562
1,2322,303.572
1,2323,303.582
1,2324,303.590
1,2325,303.644
1,2326,303.706
1,2327,303.760
1,2328,303.808
1,2329,303.862
1,2330,303.900
1,2331,303.934
1,2332,303.988
1,2333,304.042
1,2334,304.102
1,2335,304.158
1,2336,304.224
1,2337,304.288
1,2338,304.344
1,2339,304.430
1,2340,304.512
1,2341,304.596
1,2342,304.716
1,2343,304.878
1,2344,305.012
1,2345,305.102
1,2346,305.222
1,2347,305.348
1,2348,305.474
1,2349,305.558
1,2350,305.684
1,2351,305.812
1,2352,305.904
1,2353,305.966
1,2354,306.018
1,2355,306.150
1,2356,306.264
1,2357,306.404
1,2358,306.548
1,2359,306.748
1,2360,306.898
1,2361,306.970
1,2362,307.048
1,2363,307.152
1,2364,307.250
1,2365,307.546
1,2366,307.772
1,2367,308.084
1,2368,308.576
1,2369,308.826
1,2370,309.012
1,2371,309.082
1,2372,309.174
1,2373,309.232
1,2374,309.326
1,2375,309.412
1,2376,309.498
1,2377,309.594
1,2378,309.712
1,2379,309.810
1,2380,309.900
1,2381,310.016
1,2382,310.130
1,2383,310.260
1,2384,310.374
1,2385,310.584
1,2386,310.836
1,2387,311.060
1,2388,311.238
1,2389,311.500
1,2390,311.774
1,2391,312.052
1,2392,312.302
1,2393,312.598
1,2394,312.932
1,2395,313.138
1,2396,313.384
1,2397,313.674
1,2398,313.974
1,2399,314.140
1,2400,314.388
1,2401,314.724
1,2402,314.986
1,2403,315.194
1,2404,315.386
1,2405,315.572
1,2406,315.764
1,2407,315.864
1,2408,315.972
1,2409,316.024
1,2410,316.086
1,2411,316.144
1,2412,316.206
1,2413,316.278
1,2414,316.332
1,2415,316.418
1,2416,316.500
1,2417,316.572
1,2418,316.620
1,2419,316.676
1,2420,316.724
1,2421,316.748
1,2422,316.796
1,2423,316.804
1,2424,316.810
1,2425,316.816
1,2426,316.824
1,2427,316.830
1,2428,316.836
1,2429,316.840
1,2430,316.846
1,2431,316.852
1,2432,316.858
1,2433,316.864
1,2434,316.872
1,2435,316.878
1,2436,316.884
1,2437,316.894
1,2438,316.902
1,2439,316.910
1,2440,316.918
1,2441,316.926
1,2442,316.934
1,2443,316.938
1,2444,316.944
1,2445,316.952
1,2446,316.958
1,2447,316.966
1,2448,316.976
1,2449,316.984
1,2450,316.992
1,2451,317.002
1,2452,317.012
1,2453,317.022
1,2454,317.032
1,2455,317.044
1,2456,317.052
1,2457,317.058
1,2458,317.066
1,2459,317.074
1,2460,317.080
1,2461,317.084
1,2462,317.088
1,2463,317.092
1,2464,317.096
1,2465,317.100
1,2466,317.102
1,2467,317.104
1,2468,317.106
1,2469,317.108
1,2470,317.110
1,2471,317.112
1,2472,317.116
1,2473,317.120
1,2474,317.124
1,2475,317.126
1,2476,317.128
1,2477,317.130
1,2478,317.132
1,2479,317.136
1,2480,317.138
1,2481,317.140
1,2482,317.144
1,2483,317.146
1,2484,317.148
1,2485,317.150
1,2486,317.152
1,2487,317.154
1,2488,317.158
1,2489,317.160
1,2490,317.162
1,2491,317.164
1,2492,317.166
1,2493,317.168
1,2494,317.170
1,2495,317.172
1,2496,317.176
1,2497,317.180
1,2498,317.184
1,2499,317.188
1,2500,317.190
1,2501,317.194
1,2502,317.200
1,2503,317.206
1,2504,317.212
1,2505,317.216
1,2506,317.220
1,2507,317.224
1,2508,317.228
1,2509,317.232
1,2510,317.236
1,2511,317.240
1,2512,317.244
1,2513,317.250
1,2514,317.256
1,2515,317.264
1,2516,317.270
1,2517,317.274
1,2518,317.278
1,2519,317.282
1,2520,317.286
1,2521,317.290
1,2522,317.292
1,2523,317.296
1,2524,317.302
1,2525,317.306
1,2526,317.310
1,2527,317.314
1,2528,317.320
1,2529,317.326
1,2530,317.332
1,2531,317.338
1,2532,317.342
1,2533,317.346
1,2534,317.352
1,2535,317.358
1,2536,317.364
1,2537,317.372
1,2538,317.384
1,2539,317.396
1,2540,317.408
1,2541,317.420
1,2542,317.430
1,2543,317.440
1,2544,317.450
1,2545,317.460
1,2546,317.470
1,2547,317.482
1,2548,317.492
1,2549,317.500
1,2550,317.508
1,2551,317.516
1,2552,317.524
1,2553,317.530
1,2554,317.536
1,2555,317.544
1,2556,317.550
1,2557,317.556
1,2558,317.562
1,2559,317.568
1,2560,317.574
1,2561,317.580
1,2562,317.588
1,2563,317.594
1,2564,317.600
1,2565,317.606
1,2566,317.612
1,2567,317.618
1,2568,317.626
1,2569,317.634
1,2570,317.640
1,2571,317.646
1,2572,317.650
1,2573,317.654
1,2574,317.658
1,2575,317.662
1,2576,317.668
1,2577,317.674
1,2578,317.680
1,2579,317.686
1,2580,317.690
1,2581,317.694
1,2582,317.698
1,2583,317.702
1,2584,317.706
1,2585,317.712
1,2586,317.716
1,2587,317.722
1,2588,317.726
1,2589,317.730
1,2590,317.734
1,2591,317.738
1,2592,317.742
1,2593,317.748
1,2594,317.750
1,2595,317.752
1,2596,317.756
1,2597,317.760
1,2598,317.764
1,2599,317.768
1,2600,317.772
1,2601,317.776
1,2602,317.782
1,2603,317.788
1,2604,317.794
1,2605,317.798
1,2606,317.804
1,2607,317.812
1,2608,317.820
1,2609,317.826
1,2610,317.834
1,2611,317.844
1,2612,317.852
1,2613,317.862
1,2614,317.872
1,2615,317.882
1,2616,317.890
1,2617,317.900
1,2618,317.910
1,2619,317.918
1,2620,317.928
1,2621,317.936
1,2622,317.944
1,2623,317.954
1,2624,317.966
1,2625,317.976
1,2626,317.984
1,2627,317.994
1,2628,318.004
1,2629,318.014
1,2630,318.022
1,2631,318.028
1,2632,318.038
1,2633,318.046
1,2634,318.054
1,2635,318.060
1,2636,318.068
1,2637,318.080
1,2638,318.090
1,2639,318.102
1,2640,318.114
1,2641,318.126
1,2642,318.138
1,2643,318.222
1,2644,318.310
1,2645,318.432
1,2646,318.554
1,2647,318.628
1,2648,318.758
1,2649,318.920
1,2650,319.096
1,2651,319.214
1,2652,319.318
1,2653,319.424
1,2654,319.524
1,2655,319.662
1,2656,319.800
1,2657,319.966
CHECKPOINT,320.000
1,2658,320.108
1,2659,320.280
1,2660,320.436
1,2661,320.566
1,2662,320.650
1,2663,320.760
1,2664,320.834
1,2665,320.922
1,2666,321.002
1,2667,321.128
1,2668,321.246
1,2669,321.390
1,2670,321.520
1,2671,321.674
1,2672,321.804
1,2673,321.928
1,2674,322.042
1,2675,322.158
1,2676,322.262
1,2677,322.284
1,2678,322.322
1,2679,322.366
1,2680,322.404
1,2681,322.438
1,2682,322.476
1,2683,322.516
1,2684,322.576
1,2685,322.638
1,2686,322.748
1,2687,322.834
1,2688,322.916
1,2689,323.018
1,2690,323.032
1,2691,323.048
1,2692,323.058
1,2693,323.070
1,2694,323.130
1,2695,323.190
1,2696,323.244
1,2697,323.302
1,2698,323.348
1,2699,323.414
1,2700,323.492
1,2701,323.600
1,2702,323.670
1,2703,323.758
1,2704,323.848
1,2705,323.872
1,2706,323.896
1,2707,323.918
1,2708,324.010
1,2709,324.046
1,2710,324.102
1,2711,324.178
1,2712,324.222
1,2713,324.310
1,2714,324.376
1,2715,324.438
1,2716,324.580
1,2717,324.740
1,2718,324.894
1,2719,325.024
1,2720,325.150
1,2721,325.300
1,2722,325.470
1,2723,325.606
1,2724,325.768
1,2725,325.942
1,2726,326.070
1,2727,326.210
1,2728,326.336
1,2729,326.474
1,2730,326.616
1,2731,326.762
1,2732,326.970
1,2733,327.138
1,2734,327.298
1,2735,327.512
1,2736,327.728
1,2737,327.936
1,2738,328.154
1,2739,328.360
1,2740,328.504
1,2741,328.662
1,2742,328.810
1,2743,328.988
1,2744,329.192
1,2745,329.414
1,2746,329.612
1,2747,329.804
1,2748,329.966
1,2749,330.104
1,2750,330.238
1,2751,330.368
1,2752,330.550
1,2753,330.702
1,2754,330.888
1,2755,331.088
1,2756,331.232
1,2757,331.384
1,2758,331.622
1,2759,331.856
1,2760,332.082
1,2761,332.256
1,2762,332.540
1,2763,332.610
1,2764,332.720
1,2765,332.748
1,2766,332.772
1,2767,332.876
1,2768,332.982
1,2769,333.072
1,2770,333.262
1,2771,333.390
1,2772,333.500
1,2773,333.610
1,2774,333.722
1,2775,333.806
1,2776,333.888
1,2777,333.956
1,2778,334.014
1,2779,334.102
1,2780,334.140
1,2781,334.182
1,2782,334.234
1,2783,334.288
1,2784,334.346
1,2785,334.406
1,2786,334.476
1,2787,334.584
1,2788,334.690
1,2789,334.788
1,2790,334.908
1,2791,335.020
1,2792,335.110
1,2793,335.204
1,2794,335.296
1,2795,335.414
1,2796,335.534
1,2797,335.632
1,2798,335.732
1,2799,335.868
1,2800,335.986
1,2801,336.122
1,2802,336.268
1,2803,336.402
1,2804,336.600
1,2805,336.728
1,2806,336.848
1,2807,336.992
1,2808,337.136
1,2809,337.248
1,2810,337.390
1,2811,337.480
1,2812,337.586
1,2813,337.674
1,2814,337.774
1,2815,337.854
1,2816,337.918
1,2817,337.990
1,2818,338.072
1,2819,338.164
1,2820,338.246
1,2821,338.314
1,2822,338.374
1,2823,338.428
1,2824,338.486
1,2825,338.540
1,2826,338.598
1,2827,338.660
1,2828,338.708
1,2829,338.764
1,2830,338.816
1,2831,338.850
1,2832,338.884
1,2833,338.944
1,2834,339.006
1,2835,339.062
1,2836,339.118
1,2837,339.204
1,2838,339.212
1,2839,339.220
1,2840,339.302
1,2841,339.390
1,2842,339.476
1,2843,339.510
1,2844,339.550
1,2845,339.612
1,2846,339.688
1,2847,339.748
1,2848,339.826
1,2849,339.916
CHECKPOINT,340.000
1,2850,340.010
1,2851,340.094
1,2852,340.160
1,2853,340.234
1,2854,340.304
1,2855,340.376
1,2856,340.444
1,2857,340.520
1,2858,340.578
1,2859,340.638
1,2860,340.676
1,2861,340.714
1,2862,340.760
1,2863,340.824
1,2864,340.890
1,2865,340.968
1,2866,341.036
1,2867,341.120
1,2868,341.198
1,2869,341.304
1,2870,341.406
1,2871,341.506
1,2872,341.620
1,2873,341.740
1,2874,341.856
1,2875,341.968
1,2876,342.078
1,2877,342.160
1,2878,342.240
1,2879,342.318
1,2880,342.388
1,2881,342.456
1,2882,342.526
1,2883,342.584
1,2884,342.628
1,2885,342.668
1,2886,342.700
1,2887,342.728
1,2888,342.758
1,2889,342.788
1,2890,342.814
1,2891,342.832
1,2892,342.854
1,2893,342.872
1,2894,342.894
1,2895,342.924
1,2896,342.946
1,2897,342.960
1,2898,342.976
1,2899,343.000
1,2900,343.024
1,2901,343.050
1,2902,343.080
1,2903,343.118
1,2904,343.154
1,2905,343.184
1,2906,343.216
1,2907,343.248
1,2908,343.280
1,2909,343.312
1,2910,343.342
1,2911,343.374
1,2912,343.410
1,2913,343.444
1,2914,343.474
1,2915,343.500
1,2916,343.526
1,2917,343.544
1,2918,343.568
1,2919,343.594
1,2920,343.618
1,2921,343.636
1,2922,343.658
1,2923,343.678
1,2924,343.700
1,2925,343.720
1,2926,343.740
1,2927,343.760
1,2928,343.784
1,2929,343.808
1,2930,343.834
1,2931,343.862
1,2932,343.908
1,2933,343.956
1,2934,344.010
1,2935,344.076
1,2936,344.138
1,2937,344.206
1,2938,344.258
1,2939,344.316
1,2940,344.364
1,2941,344.426
1,2942,344.516
1,2943,344.592
1,2944,344.678
1,2945,344.766
1,2946,344.856
1,2947,344.946
1,2948,345.034
1,2949,345.128
1,2950,345.208
1,2951,345.314
1,2952,345.432
1,2953,345.530
1,2954,345.634
1,2955,345.728
1,2956,345.822
1,2957,345.904
1,2958,345.994
1,2959,346.086
1,2960,346.194
1,2961,346.324
1,2962,346.462
1,2963,346.572
1,2964,346.686
1,2965,346.814
1,2966,346.930
1,2967,347.038
1,2968,347.132
1,2969,347.234
1,2970,347.300
1,2971,347.394
1,2972,347.510
1,2973,347.586
1,2974,347.648
1,2975,347.734
1,2976,347.798
1,2977,347.864
1,2978,347.944
1,2979,347.990
1,2980,348.120
1,2981,348.174
1,2982,348.232
1,2983,348.348
1,2984,348.458
1,2985,348.566
1,2986,348.680
1,2987,348.812
1,2988,348.914
1,2989,349.052
1,2990,349.176
1,2991,349.290
1,2992,349.464
1,2993,349.648
1,2994,349.814
1,2995,349.948
1,2996,350.014
1,2997,350.098
1,2998,350.188
1,2999,350.290
1,3000,350.374
1,3001,350.474
1,3002,350.568
1,3003,350.652
1,3004,350.744
1,3005,350.812
1,3006,350.868
1,3007,350.946
1,3008,351.020
1,3009,351.104
1,3010,351.180
1,3011,351.268
1,3012,351.350
1,3013,351.416
1,3014,351.486
1,3015,351.548
1,3016,351.626
1,3017,351.706
1,3018,351.772
1,3019,351.850
1,3020,351.920
1,3021,351.974
1,3022,352.016
1,3023,352.062
1,3024,352.096
1,3025,352.124
1,3026,352.132
1,3027,352.148
1,3028,352.182
1,3029,352.208
1,3030,352.228
1,3031,352.256
1,3032,352.286
1,3033,352.308
1,3034,352.336
1,3035,352.370
1,3036,352.402
1,3037,352.432
1,3038,352.458
1,3039,352.490
1,3040,352.530
1,3041,352.578
1,3042,352.618
1,3043,352.654
1,3044,352.688
1,3045,352.732
1,3046,352.778
1,3047,352.818
1,3048,352.852
1,3049,352.890
1,3050,352.938
1,3051,352.988
1,3052,353.046
1,3053,353.102
1,3054,353.156
1,3055,353.260
1,3056,353.354
1,3057,353.478
1,3058,353.578
1,3059,353.684
1,3060,353.786
1,3061,353.912
1,3062,354.032
1,3063,354.130
1,3064,354.234
1,3065,354.260
1,3066,354.288
1,3067,354.314
1,3068,354.336
1,3069,354.418
1,3070,354.468
1,3071,354.514
1,3072,354.556
1,3073,354.580
1,3074,354.600
1,3075,354.618
1,3076,354.642
1,3077,354.674
1,3078,354.708
1,3079,354.738
1,3080,354.774
1,3081,354.832
1,3082,354.888
1,3083,354.922
1,3084,354.956
1,3085,354.986
1,3086,355.054
1,3087,355.118
1,3088,355.138
1,3089,355.160
1,3090,355.180
1,3091,355.200
1,3092,355.220
1,3093,355.244
1,3094,355.270
1,3095,355.300
1,3096,355.326
1,3097,355.348
1,3098,355.374
1,3099,355.394
1,3100,355.410
1,3101,355.428
1,3102,355.440
1,3103,355.452
1,3104,355.530
1,3105,355.614
1,3106,355.704
1,3107,355.824
1,3108,355.892
1,3109,355.962
1,3110,356.056
1,3111,356.130
1,3112,356.244
1,3113,356.338
1,3114,356.456
1,3115,356.624
1,3116,356.682
1,3117,356.744
1,3118,356.760
1,3119,356.794
1,3120,356.836
1,3121,356.860
1,3122,356.934
1,3123,357.022
1,3124,357.114
1,3125,357.236
1,3126,357.380
1,3127,357.474
1,3128,357.572
1,3129,357.672
1,3130,357.752
1,3131,357.820
1,3132,357.874
1,3133,357.912
1,3134,357.956
1,3135,357.994
1,3136,358.026
1,3137,358.054
1,3138,358.078
1,3139,358.102
1,3140,358.132
1,3141,358.156
1,3142,358.176
1,3143,358.196
1,3144,358.212
1,3145,358.230
1,3146,358.246
1,3147,358.262
1,3148,358.278
1,3149,358.294
1,3150,358.308
1,3151,358.324
1,3152,358.342
1,3153,358.358
1,3154,358.374
1,3155,358.388
1,3156,358.402
1,3157,358.418
1,3158,358.432
1,3159,358.448
1,3160,358.466
1,3161,358.484
1,3162,358.500
1,3163,358.514
1,3164,358.530
1,3165,358.546
1,3166,358.564
1,3167,358.586
1,3168,358.608
1,3169,358.628
1,3170,358.648
1,3171,358.666
1,3172,358.686
1,3173,358.708
1,3174,358.730
1,3175,358.756
1,3176,358.780
1,3177,358.802
1,3178,358.826
1,3179,358.852
1,3180,358.878
1,3181,358.904
1,3182,358.926
1,3183,358.956
1,3184,358.986
1,3185,359.054
1,3186,359.124
1,3187,359.184
1,3188,359.246
1,3189,359.276
1,3190,359.310
1,3191,359.344
1,3192,359.378
1,3193,359.406
1,3194,359.444
1,3195,359.478
1,3196,359.538
1,3197,359.594
1,3198,359.648
1,3199,359.712
1,3200,359.778
1,3201,359.834
1,3202,359.970
CHECKPOINT,360.000
1,3203,360.040
1,3204,360.086
1,3205,360.226
1,3206,360.358
1,3207,360.466
1,3208,360.604
1,3209,360.748
1,3210,360.892
1,3211,361.064
1,3212,361.194
1,3213,361.282
1,3214,361.406
1,3215,361.490
1,3216,361.596
1,3217,361.672
1,3218,361.734
1,3219,361.808
1,3220,361.874
1,3221,361.934
1,3222,362.000
1,3223,362.104
1,3224,362.206
1,3225,362.306
1,3226,362.472
1,3227,362.576
1,3228,362.654
1,3229,362.744
1,3230,362.930
1,3231,362.962
1,3232,363.038
1,3233,363.098
1,3234,363.172
1,3235,363.214
1,3236,363.308
1,3237,363.398
1,3238,363.468
1,3239,363.544
1,3240,363.622
1,3241,363.668
1,3242,363.756
1,3243,363.818
1,3244,363.924
1,3245,364.006
1,3246,364.084
1,3247,364.164
1,3248,364.264
1,3249,364.364
1,3250,364.410
1,3251,364.470
1,3252,364.582
1,3253,364.698
1,3254,364.818
1,3255,364.944
1,3256,365.094
1,3257,365.252
1,3258,365.418
1,3259,365.534
1,3260,365.704
1,3261,365.902
1,3262,366.048
1,3263,366.246
1,3264,366.430
1,3265,366.618
1,3266,366.828
1,3267,367.028
1,3268,367.312
1,3269,367.804
1,3270,368.190
1,3271,368.464
1,3272,368.758
1,3273,369.014
1,3274,369.538
1,3275,369.810
1,3276,370.154
1,3277,370.580
1,3278,370.914
1,3279,371.272
1,3280,371.514
1,3281,371.724
1,3282,371.878
1,3283,372.098
1,3284,372.330
1,3285,372.570
1,3286,372.832
1,3287,373.168
1,3288,373.372
1,3289,373.544
1,3290,373.704
1,3291,373.966
1,3292,374.298
1,3293,374.530
1,3294,374.736
1,3295,374.960
1,3296,375.154
1,3297,375.334
1,3298,375.466
1,3299,375.644
1,3300,375.824
1,3301,376.032
1,3302,376.380
1,3303,376.678
1,3304,376.920
1,3305,377.062
1,3306,377.386
1,3307,377.528
1,3308,377.682
1,3309,377.842
1,3310,378.034
1,3311,378.220
1,3312,378.422
1,3313,378.622
1,3314,378.774
1,3315,378.902
1,3316,378.994
1,3317,379.244
1,3318,379.494
1,3319,379.794
1,3320,379.936
CHECKPOINT,380.000
1,3321,380.184
1,3322,380.402
1,3323,380.694
1,3324,381.016
1,3325,381.286
1,3326,381.582
1,3327,381.752
1,3328,381.934
1,3329,382.128
1,3330,382.258
1,3331,382.376
1,3332,382.580
1,3333,382.798
1,3334,382.990
1,3335,383.146
1,3336,383.246
1,3337,383.364
1,3338,383.512
1,3339,383.674
1,3340,383.788
1,3341,384.066
1,3342,384.370
1,3343,384.598
1,3344,384.838
1,3345,385.012
1,3346,385.184
1,3347,385.382
1,3348,385.630
1,3349,385.898
1,3350,386.054
1,3351,386.240
1,3352,386.488
1,3353,386.746
1,3354,387.046
1,3355,387.292
1,3356,387.502
1,3357,387.850
1,3358,388.070
1,3359,388.314
1,3360,388.580
1,3361,388.778
1,3362,388.960
1,3363,389.140
1,3364,389.290
1,3365,389.460
1,3366,389.650
1,3367,389.868
1,3368,390.102
1,3369,390.310
1,3370,390.670
1,3371,391.124
1,3372,391.360
1,3373,391.636
1,3374,391.922
1,3375,392.094
1,3376,392.234
1,3377,392.784
1,3378,393.016
1,3379,393.276
1,3380,393.476
1,3381,393.692
1,3382,393.898
1,3383,394.100
1,3384,394.284
1,3385,394.534
1,3386,394.844
1,3387,395.206
1,3388,395.480
1,3389,395.728
1,3390,395.888
1,3391,396.142
1,3392,396.344
1,3393,396.584
1,3394,396.950
1,3395,397.002
1,3396,397.096
1,3397,397.176
1,3398,397.242
1,3399,397.506
1,3400,397.656
1,3401,397.870
1,3402,398.158
1,3403,398.348
1,3404,398.522
1,3405,398.688
1,3406,398.854
1,3407,399.056
1,3408,399.284
1,3409,399.492
1,3410,399.732
1,3411,399.936
CHECKPOINT,400.000
