#"Bounced boundary ID","bounce index","total time (ps)"
CHECKPOINT,0.000
1,0,2.044
1,1,3.394
2,2,4.364
1,3,7.378
1,4,9.628
1,5,9.794
1,6,9.960
1,7,10.126
1,8,10.370
1,9,10.692
1,10,10.970
1,11,11.124
1,12,11.368
1,13,11.444
1,14,11.870
1,15,12.326
1,16,12.628
1,17,13.236
1,18,13.714
1,19,14.522
1,20,15.138
1,21,15.786
1,22,16.106
1,23,16.554
1,24,17.076
1,25,18.478
1,26,19.206
CHECKPOINT,20.000
1,27,20.008
1,28,20.214
1,29,20.424
1,30,20.682
1,31,20.878
1,32,21.292
1,33,21.666
1,34,22.036
1,35,22.198
1,36,22.366
1,37,22.844
1,38,23.310
1,39,23.702
1,40,23.872
1,41,24.176
1,42,24.522
1,43,24.898
1,44,25.494
1,45,25.912
1,46,26.342
1,47,26.654
1,48,27.080
1,49,27.430
1,50,27.636
1,51,28.020
1,52,28.476
1,53,28.830
1,54,29.180
1,55,29.614
1,56,29.740
1,57,29.838
1,58,30.024
1,59,30.256
1,60,30.346
1,61,30.484
1,62,30.568
1,63,30.672
1,64,30.758
1,65,30.850
1,66,30.872
1,67,30.896
1,68,30.916
1,69,30.940
1,70,30.964
1,71,30.988
1,72,31.012
1,73,31.046
1,74,31.080
1,75,31.108
1,76,31.142
1,77,31.174
1,78,31.204
1,79,31.240
1,80,31.270
1,81,31.294
1,82,31.318
1,83,31.346
1,84,31.374
1,85,31.396
1,86,31.418
1,87,31.448
1,88,31.476
1,89,31.500
1,90,31.526
1,91,31.550
1,92,31.572
1,93,31.600
1,94,31.628
1,95,31.656
1,96,31.678
1,97,31.856
1,98,31.988
1,99,32.160
1,100,32.296
1,101,32.466
1,102,32.678
1,103,32.834
1,104,33.064
1,105,33.230
1,106,33.280
1,107,33.338
1,108,33.358
1,109,33.382
1,110,33.406
1,111,33.500
1,112,33.632
1,113,33.714
1,114,33.820
1,115,33.894
1,116,33.942
1,117,33.980
1,118,34.058
1,119,34.134
1,120,34.586
1,121,35.108
1,122,35.520
1,123,35.744
1,124,35.968
1,125,36.140
1,126,36.206
1,127,36.274
1,128,36.326
1,129,36.422
1,130,36.432
1,131,36.442
1,132,36.456
1,133,36.488
1,134,36.500
1,135,36.512
1,136,36.520
1,137,36.528
1,138,36.538
1,139,36.546
1,140,36.554
1,141,36.564
1,142,36.572
1,143,36.582
1,144,36.594
1,145,36.606
1,146,36.678
1,147,36.748
1,148,36.816
1,149,36.832
1,150,36.884
1,151,36.992
1,152,37.110
1,153,37.246
1,154,37.552
1,155,37.820
1,156,37.938
1,157,37.956
1,158,37.976
1,159,38.118
1,160,38.358
1,161,38.576
1,162,38.998
1,163,39.384
1,164,39.924
CHECKPOINT,40.000
1,165,40.378
1,166,40.696
1,167,41.254
1,168,41.658
1,169,42.084
1,170,42.326
1,171,42.564
1,172,42.998
1,173,43.326
1,174,44.216
1,175,45.160
1,176,45.368
1,177,45.946
1,178,49.950
1,179,50.410
1,180,50.694
1,181,51.854
1,182,52.286
1,183,55.624
1,184,55.736
1,185,55.856
1,186,55.966
1,187,56.084
1,188,56.188
1,189,56.324
1,190,56.458
1,191,56.650
1,192,56.814
1,193,57.480
1,194,58.002
1,195,58.496
1,196,58.788
1,197,59.158
1,198,59.364
1,199,59.568
1,200,59.908
1,201,59.916
1,202,59.926
1,203,59.936
1,204,59.946
CHECKPOINT,60.000
1,205,60.348
1,206,60.874
1,207,61.924
1,208,62.404
1,209,62.904
1,210,63.630
1,211,63.958
1,212,64.210
1,213,64.564
1,214,64.852
1,215,65.422
1,216,65.890
1,217,66.076
1,218,66.322
1,219,66.640
1,220,66.670
1,221,66.700
1,222,66.724
1,223,66.744
1,224,66.756
1,225,66.766
1,226,66.782
1,227,66.796
1,228,66.824
1,229,66.832
1,230,66.842
1,231,66.898
1,232,66.934
1,233,66.948
1,234,66.962
1,235,66.978
1,236,66.994
1,237,67.030
1,238,67.040
1,239,67.048
1,240,67.054
1,241,67.060
1,242,67.176
1,243,67.358
1,244,67.486
1,245,67.666
1,246,67.796
1,247,67.986
1,248,68.212
1,249,68.404
1,250,68.466
1,251,68.528
1,252,68.708
1,253,68.982
1,254,69.054
1,255,69.122
1,256,69.182
1,257,69.302
1,258,69.516
1,259,69.784
1,260,70.026
1,261,70.306
1,262,70.622
1,263,70.876
1,264,71.186
1,265,71.470
1,266,71.772
1,267,71.868
1,268,71.942
1,269,72.146
1,270,72.260
1,271,72.346
1,272,72.450
1,273,72.582
1,274,72.738
1,275,72.760
1,276,72.874
1,277,73.012
1,278,73.152
1,279,73.476
1,280,73.768
1,281,74.088
1,282,74.326
1,283,74.476
1,284,74.642
1,285,74.782
1,286,74.936
1,287,75.134
1,288,75.360
1,289,75.530
1,290,76.040
1,291,76.054
1,292,76.066
1,293,76.076
1,294,76.086
1,295,76.094
1,296,76.106
1,297,76.118
1,298,76.128
1,299,76.686
1,300,77.148
1,301,77.588
1,302,78.698
1,303,79.220
1,304,79.718
CHECKPOINT,80.000
1,305,80.136
1,306,81.230
1,307,81.582
1,308,81.900
1,309,82.782
1,310,83.080
1,311,83.592
1,312,83.992
1,313,84.228
1,314,84.430
1,315,84.616
1,316,84.626
1,317,84.636
1,318,84.724
1,319,84.738
1,320,84.752
1,321,84.846
1,322,84.862
1,323,84.876
1,324,84.890
1,325,84.904
1,326,85.218
1,327,85.392
1,328,85.432
1,329,85.484
1,330,85.490
1,331,85.498
1,332,85.502
1,333,86.146
1,334,86.364
1,335,86.588
1,336,86.840
1,337,87.130
1,338,87.410
1,339,87.888
1,340,88.322
1,341,88.440
1,342,88.510
1,343,88.584
1,344,89.196
1,345,89.794
1,346,90.300
1,347,90.712
1,348,91.136
1,349,91.682
1,350,91.908
1,351,91.924
1,352,91.938
1,353,91.952
1,354,91.968
1,355,91.978
1,356,91.988
1,357,91.998
1,358,92.008
1,359,92.022
1,360,92.034
1,361,92.044
1,362,92.056
1,363,92.066
1,364,92.076
1,365,92.084
1,366,92.092
1,367,92.098
1,368,92.104
1,369,92.110
1,370,92.118
1,371,92.124
1,372,92.130
1,373,92.134
1,374,92.140
1,375,92.146
1,376,92.152
1,377,92.158
1,378,92.164
1,379,92.172
1,380,92.180
1,381,92.186
1,382,92.196
1,383,92.206
1,384,92.212
1,385,92.220
1,386,92.228
1,387,92.236
1,388,92.242
1,389,92.250
1,390,92.260
1,391,92.268
1,392,92.274
1,393,92.280
1,394,92.288
1,395,92.298
1,396,92.306
1,397,92.318
1,398,92.326
1,399,92.336
1,400,92.346
1,401,92.360
1,402,92.374
1,403,92.384
1,404,92.394
1,405,92.416
1,406,92.438
1,407,92.460
1,408,92.486
1,409,92.512
1,410,92.538
1,411,92.558
1,412,92.578
1,413,92.592
1,414,92.604
1,415,92.616
1,416,92.628
1,417,92.638
1,418,92.646
1,419,92.654
1,420,92.666
1,421,92.676
1,422,92.682
1,423,92.692
1,424,92.700
1,425,92.710
1,426,92.716
1,427,92.720
1,428,92.726
1,429,92.728
1,430,92.734
1,431,92.740
1,432,92.744
1,433,92.746
1,434,92.750
1,435,92.754
1,436,92.760
1,437,92.768
1,438,92.778
1,439,92.786
1,440,92.798
1,441,92.814
1,442,92.824
1,443,92.838
1,444,92.854
1,445,92.868
1,446,92.886
1,447,92.912
1,448,92.942
1,449,92.962
1,450,93.006
1,451,93.370
1,452,94.358
1,453,95.646
1,454,95.834
1,455,96.232
1,456,96.526
1,457,97.128
1,458,97.832
1,459,99.098
1,460,99.616
CHECKPOINT,100.000
1,461,100.512
1,462,100.844
1,463,102.396
1,464,103.170
1,465,103.716
1,466,104.198
1,467,104.628
1,468,105.184
1,469,105.636
1,470,106.074
1,471,106.886
1,472,108.318
1,473,108.794
1,474,108.834
1,475,108.892
1,476,108.938
1,477,108.978
1,478,109.014
1,479,109.074
1,480,109.134
1,481,109.190
1,482,109.252
1,483,109.294
1,484,109.378
1,485,109.440
1,486,109.526
1,487,109.608
1,488,109.816
1,489,110.218
1,490,110.428
1,491,110.516
1,492,110.544
1,493,110.572
1,494,110.592
1,495,110.624
1,496,110.654
1,497,110.688
1,498,110.714
1,499,110.738
1,500,110.760
1,501,110.788
1,502,110.828
1,503,110.862
1,504,111.066
1,505,111.352
1,506,111.564
1,507,111.836
1,508,112.200
1,509,112.600
1,510,112.874
1,511,113.206
1,512,113.654
1,513,114.338
1,514,114.880
1,515,115.390
1,516,116.140
1,517,116.814
1,518,117.584
1,519,118.234
1,520,118.982
1,521,119.650
CHECKPOINT,120.000
1,522,120.222
1,523,121.234
1,524,121.412
1,525,121.640
1,526,121.838
1,527,121.980
1,528,122.116
1,529,125.246
1,530,125.308
1,531,125.680
1,532,126.070
1,533,126.648
1,534,127.652
1,535,128.410
1,536,128.742
1,537,128.964
1,538,129.070
1,539,129.182
1,540,129.360
1,541,129.508
1,542,129.750
1,543,131.080
1,544,131.986
1,545,133.272
1,546,135.796
1,547,136.398
1,548,136.916
2,549,138.016
1,550,138.718
1,551,139.340
CHECKPOINT,140.000
1,552,141.702
2,553,143.210
2,554,143.742
1,555,147.732
1,556,147.766
1,557,147.842
1,558,147.928
1,559,148.006
1,560,148.092
1,561,148.456
1,562,149.174
1,563,149.924
1,564,150.366
1,565,150.958
1,566,151.516
1,567,152.412
1,568,152.848
1,569,153.664
1,570,154.116
1,571,154.792
1,572,155.108
1,573,155.964
1,574,156.784
1,575,157.622
CHECKPOINT,160.000
1,576,160.800
1,577,162.528
1,578,163.176
1,579,163.768
1,580,164.210
1,581,164.394
1,582,164.626
1,583,165.072
2,584,167.538
1,585,170.222
2,586,173.408
1,587,173.904
1,588,175.640
2,589,176.736
1,590,177.600
1,591,178.702
CHECKPOINT,180.000
1,592,181.244
1,593,181.992
1,594,182.522
1,595,182.724
1,596,182.922
1,597,183.132
1,598,183.342
1,599,184.574
1,600,185.108
1,601,185.650
1,602,186.186
1,603,186.388
1,604,187.074
1,605,187.132
1,606,187.382
1,607,187.852
1,608,188.706
1,609,189.364
1,610,189.570
1,611,189.904
1,612,190.442
1,613,190.624
1,614,190.890
1,615,191.158
1,616,191.462
1,617,191.736
1,618,192.086
1,619,192.240
1,620,192.354
1,621,192.634
1,622,193.108
1,623,193.468
1,624,193.606
1,625,193.742
1,626,194.118
1,627,194.312
1,628,194.570
1,629,194.870
1,630,195.370
1,631,195.622
1,632,195.902
1,633,196.164
1,634,198.196
1,635,198.436
CHECKPOINT,200.000
2,636,201.328
1,637,201.618
2,638,201.916
1,639,202.252
2,640,203.362
2,641,208.946
2,642,209.288
2,643,209.586
2,644,209.914
2,645,210.222
2,646,210.900
2,647,211.412
2,648,211.564
2,649,211.720
2,650,211.932
2,651,212.262
2,652,212.560
2,653,212.858
2,654,213.196
2,655,213.550
2,656,213.932
2,657,214.424
2,658,214.976
2,659,215.968
2,660,216.554
2,661,217.758
CHECKPOINT,220.000
2,662,220.570
2,663,222.786
2,664,227.964
2,665,229.558
2,666,230.836
2,667,231.496
2,668,232.874
2,669,233.084
2,670,233.274
2,671,233.324
2,672,233.354
2,673,233.384
2,674,233.418
2,675,233.436
2,676,233.454
2,677,233.470
2,678,233.490
2,679,233.506
2,680,233.516
2,681,233.526
2,682,233.532
2,683,233.540
2,684,233.546
2,685,233.558
2,686,233.564
2,687,233.570
2,688,233.578
2,689,233.582
2,690,233.588
2,691,233.596
2,692,233.608
2,693,233.622
2,694,233.634
2,695,233.654
2,696,233.672
2,697,233.690
2,698,233.702
2,699,233.714
2,700,233.726
2,701,235.394
2,702,235.968
2,703,238.510
CHECKPOINT,240.000
2,704,240.570
2,705,241.084
2,706,241.568
2,707,242.024
2,708,242.216
2,709,242.664
2,710,243.434
2,711,243.880
2,712,245.466
2,713,245.916
2,714,246.206
2,715,246.446
2,716,246.640
2,717,247.242
2,718,247.330
2,719,247.454
2,720,247.578
2,721,247.694
2,722,247.802
2,723,247.896
2,724,247.984
2,725,248.064
2,726,248.128
2,727,248.204
2,728,248.276
2,729,248.366
2,730,248.446
2,731,248.526
2,732,248.568
2,733,248.730
2,734,248.942
2,735,249.080
2,736,249.214
2,737,249.296
2,738,249.414
2,739,249.534
2,740,250.016
2,741,250.476
2,742,251.128
2,743,251.976
2,744,253.268
2,745,253.924
2,746,254.432
2,747,255.642
2,748,256.492
2,749,256.818
2,750,257.768
CHECKPOINT,260.000
2,751,260.778
2,752,261.768
1,753,262.286
2,754,264.318
2,755,264.842
2,756,265.216
2,757,265.458
2,758,265.596
2,759,265.736
2,760,265.904
2,761,266.024
2,762,266.094
2,763,266.930
2,764,267.416
2,765,267.802
2,766,268.130
2,767,268.538
2,768,268.928
2,769,269.704
2,770,270.458
2,771,270.940
2,772,271.860
2,773,272.358
2,774,273.356
2,775,274.152
2,776,275.068
2,777,276.930
2,778,277.472
2,779,278.474
2,780,278.900
CHECKPOINT,280.000
2,781,280.168
2,782,280.298
2,783,280.426
2,784,281.398
2,785,281.918
2,786,282.612
2,787,282.710
2,788,282.758
1,789,285.380
2,790,287.586
2,791,288.402
2,792,289.454
2,793,291.644
2,794,292.144
2,795,292.454
2,796,293.528
2,797,294.656
2,798,295.734
2,799,296.716
2,800,297.840
2,801,298.528
2,802,299.300
2,803,299.914
CHECKPOINT,300.000
2,804,300.988
2,805,301.898
2,806,302.456
2,807,303.004
2,808,303.362
2,809,303.644
2,810,303.932
2,811,304.398
2,812,304.558
2,813,305.102
2,814,305.428
2,815,305.726
2,816,306.244
2,817,306.794
2,818,307.824
2,819,307.834
2,820,307.844
2,821,307.852
2,822,307.860
2,823,307.870
2,824,307.880
2,825,307.888
2,826,307.896
2,827,307.906
2,828,307.914
2,829,308.096
2,830,308.332
2,831,310.652
2,832,311.064
2,833,311.444
2,834,311.858
2,835,312.424
1,836,314.698
1,837,315.482
1,838,315.780
1,839,316.022
1,840,316.302
1,841,316.714
1,842,316.870
1,843,316.880
1,844,316.894
1,845,316.910
1,846,316.924
1,847,316.940
1,848,316.956
1,849,317.130
1,850,317.604
2,851,318.456
2,852,319.456
CHECKPOINT,320.000
1,853,320.216
1,854,322.066
1,855,323.494
2,856,323.852
1,857,324.254
1,858,325.498
1,859,325.776
1,860,325.994
2,861,327.604
2,862,328.144
2,863,328.386
2,864,328.762
2,865,330.122
2,866,330.604
2,867,331.312
2,868,331.916
2,869,332.112
1,870,332.926
1,871,333.796
2,872,334.534
2,873,334.954
2,874,335.408
2,875,336.122
2,876,336.750
1,877,337.870
1,878,338.672
CHECKPOINT,340.000
1,879,340.330
1,880,343.454
2,881,343.946
1,882,346.436
1,883,348.218
1,884,349.150
1,885,349.950
1,886,350.050
1,887,350.154
1,888,350.412
1,889,350.888
1,890,351.336
1,891,351.854
1,892,352.374
1,893,352.958
1,894,353.218
1,895,353.454
1,896,353.634
1,897,353.748
1,898,353.852
1,899,353.990
1,900,354.090
1,901,354.198
1,902,354.264
1,903,354.552
1,904,354.886
1,905,355.174
1,906,355.504
1,907,356.190
1,908,356.722
1,909,357.188
1,910,357.852
1,911,357.976
1,912,358.272
1,913,358.298
1,914,358.334
1,915,358.370
1,916,358.408
1,917,358.444
1,918,358.570
1,919,358.698
1,920,358.892
1,921,359.002
1,922,359.122
1,923,359.210
1,924,359.284
1,925,359.390
1,926,359.522
1,927,359.610
CHECKPOINT,360.000
1,928,360.264
2,929,364.048
1,930,366.376
1,931,368.676
2,932,370.396
1,933,372.604
1,934,374.812
2,935,376.516
CHECKPOINT,380.000
2,936,380.418
2,937,380.526
2,938,380.630
2,939,380.732
2,940,380.872
2,941,380.894
2,942,380.916
2,943,381.012
2,944,381.170
2,945,381.342
2,946,381.846
2,947,382.888
2,948,383.632
2,949,387.218
1,950,388.856
2,951,390.368
2,952,391.418
1,953,391.822
1,954,393.836
1,955,396.830
1,956,396.972
1,957,397.104
1,958,397.318
1,959,397.454
1,960,397.576
1,961,397.752
1,962,397.778
1,963,397.804
1,964,397.828
1,965,397.862
1,966,397.890
1,967,397.946
1,968,397.964
1,969,397.982
1,970,398.002
1,971,398.022
1,972,398.146
1,973,398.278
1,974,398.376
1,975,398.510
1,976,398.636
1,977,398.732
1,978,398.806
1,979,398.834
1,980,398.882
1,981,398.932
1,982,398.978
1,983,399.028
1,984,399.120
1,985,399.210
1,986,399.262
1,987,399.350
1,988,399.430
1,989,399.542
1,990,399.610
1,991,399.692
1,992,399.814
1,993,399.908
CHECKPOINT,400.000
