#"Bounced boundary ID","bounce index","total time (ps)"
CHECKPOINT,0.000
1,0,1.148
1,1,2.794
1,2,3.170
1,3,3.602
1,4,4.814
1,5,9.418
1,6,10.592
1,7,11.636
1,8,12.854
1,9,13.448
2,10,17.074
2,11,18.106
CHECKPOINT,20.000
2,12,24.252
2,13,25.142
2,14,27.384
2,15,30.736
1,16,33.778
1,17,33.794
1,18,33.808
1,19,34.112
1,20,34.308
1,21,34.520
1,22,34.826
2,23,35.478
CHECKPOINT,40.000
1,24,42.070
2,25,44.640
2,26,45.822
2,27,47.780
2,28,49.614
2,29,51.054
2,30,52.196
1,31,55.298
1,32,57.540
1,33,59.864
CHECKPOINT,60.000
1,34,61.084
2,35,67.708
2,36,68.912
2,37,69.998
2,38,73.290
2,39,74.054
2,40,75.510
2,41,77.292
2,42,77.316
2,43,77.336
2,44,77.354
CHECKPOINT,80.000
2,45,80.564
2,46,82.562
1,47,87.896
2,48,89.622
2,49,95.396
2,50,95.980
2,51,96.592
2,52,97.128
2,53,97.586
2,54,98.394
2,55,98.620
2,56,98.668
2,57,98.714
2,58,98.752
2,59,99.732
CHECKPOINT,100.000
2,60,105.502
2,61,106.158
2,62,106.912
2,63,109.470
2,64,110.168
CHECKPOINT,120.000
2,65,120.590
2,66,126.484
2,67,127.434
2,68,129.576
2,69,131.004
2,70,131.960
2,71,133.282
2,72,134.350
2,73,135.554
2,74,136.928
2,75,138.924
2,76,139.522
CHECKPOINT,140.000
1,77,142.932
2,78,143.318
2,79,144.172
1,80,144.552
2,81,146.182
2,82,154.712
2,83,156.886
CHECKPOINT,160.000
2,84,165.612
2,85,169.406
CHECKPOINT,180.000
2,86,180.976
1,87,185.548
1,88,187.364
2,89,190.318
2,90,191.320
2,91,193.402
1,92,198.906
CHECKPOINT,200.000
2,93,201.044
1,94,202.308
1,95,206.706
2,96,207.668
1,97,209.924
1,98,211.406
2,99,214.122
1,100,215.298
1,101,216.998
CHECKPOINT,220.000
1,102,221.320
2,103,239.910
CHECKPOINT,240.000
1,104,240.452
2,105,240.870
2,106,240.902
2,107,241.916
2,108,244.062
2,109,252.030
1,110,254.644
2,111,256.588
2,112,258.556
CHECKPOINT,260.000
2,113,260.732
2,114,264.178
2,115,277.954
2,116,279.372
CHECKPOINT,280.000
1,117,283.250
1,118,283.910
2,119,290.684
2,120,291.620
2,121,291.894
2,122,292.064
2,123,292.232
2,124,292.424
2,125,292.638
2,126,299.394
CHECKPOINT,300.000
2,127,304.922
2,128,305.828
1,129,309.244
2,130,310.200
2,131,311.338
2,132,311.584
2,133,311.794
2,134,312.042
2,135,312.412
2,136,313.554
2,137,317.210
CHECKPOINT,320.000
2,138,324.474
1,139,324.942
2,140,325.432
1,141,325.866
2,142,332.858
2,143,336.158
2,144,338.120
CHECKPOINT,340.000
2,145,343.914
2,146,344.662
2,147,351.866
CHECKPOINT,360.000
2,148,360.178
2,149,361.310
2,150,362.576
2,151,363.650
2,152,364.716
2,153,365.586
2,154,368.146
2,155,368.916
2,156,372.986
2,157,373.680
2,158,379.968
CHECKPOINT,380.000
2,159,380.164
2,160,383.208
2,161,389.120
2,162,391.854
2,163,392.944
2,164,394.696
2,165,397.762
2,166,398.948
2,167,398.996
2,168,399.026
2,169,399.058
2,170,399.706
CHECKPOINT,400.000
