#"Bounced boundary ID","bounce index","total time (ps)"
CHECKPOINT,0.000
1,0,0.438
2,1,3.450
2,2,9.696
2,3,10.206
2,4,11.160
2,5,17.468
2,6,19.662
CHECKPOINT,20.000
1,7,22.304
1,8,26.336
1,9,31.028
1,10,32.206
1,11,33.358
1,12,34.728
1,13,35.612
1,14,36.310
1,15,37.486
CHECKPOINT,40.000
2,16,49.220
2,17,51.134
2,18,55.110
2,19,59.822
CHECKPOINT,60.000
2,20,62.024
1,21,63.356
2,22,74.408
2,23,78.614
2,24,79.284
CHECKPOINT,80.000
2,25,80.192
1,26,87.586
1,27,88.990
1,28,89.744
1,29,90.138
1,30,94.844
1,31,95.644
1,32,96.526
1,33,96.674
1,34,96.810
CHECKPOINT,100.000
1,35,105.786
1,36,109.814
2,37,118.130
CHECKPOINT,120.000
2,38,123.008
2,39,124.184
2,40,126.344
2,41,134.272
2,42,139.952
CHECKPOINT,140.000
2,43,142.016
1,44,148.964
1,45,150.246
1,46,156.874
CHECKPOINT,160.000
1,47,165.590
2,48,170.222
1,49,172.458
1,50,173.086
2,51,176.432
2,52,176.734
2,53,177.072
2,54,177.186
2,55,177.280
2,56,178.436
2,57,178.938
2,58,179.190
2,59,179.744
CHECKPOINT,180.000
2,60,180.294
1,61,187.556
1,62,190.074
1,63,194.758
1,64,196.040
1,65,196.658
1,66,197.386
1,67,197.750
1,68,198.138
1,69,199.182
1,70,199.718
CHECKPOINT,200.000
1,71,200.060
1,72,201.522
1,73,202.386
1,74,204.306
1,75,209.174
1,76,210.176
1,77,210.920
1,78,212.050
2,79,213.808
2,80,213.824
2,81,213.838
2,82,214.496
2,83,218.120
2,84,218.942
2,85,219.268
2,86,219.590
CHECKPOINT,220.000
2,87,220.200
2,88,220.796
2,89,221.270
2,90,222.160
2,91,222.570
2,92,223.278
2,93,223.756
2,94,223.956
2,95,224.308
2,96,224.940
2,97,238.404
CHECKPOINT,240.000
1,98,241.604
2,99,242.470
1,100,242.938
2,101,252.358
1,102,259.142
CHECKPOINT,260.000
2,103,260.472
2,104,260.996
1,105,266.574
1,106,268.248
1,107,269.514
1,108,269.634
1,109,270.342
1,110,271.116
2,111,279.554
CHECKPOINT,280.000
2,112,280.878
2,113,286.806
1,114,287.946
2,115,299.612
CHECKPOINT,300.000
2,116,300.500
1,117,304.204
1,118,305.706
2,119,310.860
2,120,313.546
2,121,314.628
2,122,314.642
2,123,314.656
2,124,316.408
2,125,317.798
2,126,318.168
2,127,319.164
2,128,319.704
CHECKPOINT,320.000
2,129,321.798
2,130,322.544
2,131,323.146
2,132,323.346
2,133,324.128
2,134,324.984
2,135,325.854
2,136,328.132
2,137,328.448
2,138,328.820
2,139,329.544
2,140,330.064
2,141,331.130
2,142,332.006
2,143,333.558
2,144,333.564
2,145,333.572
2,146,336.032
2,147,338.610
CHECKPOINT,340.000
2,148,342.334
2,149,342.572
2,150,354.600
2,151,355.834
CHECKPOINT,360.000
2,152,363.198
2,153,367.738
1,154,374.416
1,155,374.730
1,156,374.756
1,157,374.776
1,158,374.794
1,159,374.814
1,160,374.834
1,161,374.850
1,162,374.868
1,163,374.884
1,164,374.900
1,165,374.914
1,166,374.928
1,167,374.942
1,168,374.958
1,169,374.974
1,170,374.988
1,171,375.002
1,172,375.014
1,173,375.030
1,174,375.044
1,175,375.062
1,176,375.082
1,177,375.102
1,178,375.120
1,179,375.138
1,180,375.158
1,181,375.176
1,182,375.196
1,183,375.218
1,184,375.242
1,185,375.260
1,186,375.546
CHECKPOINT,380.000
2,187,382.360
2,188,383.122
2,189,383.666
2,190,384.324
2,191,384.466
2,192,384.532
2,193,384.550
2,194,384.640
2,195,384.698
2,196,384.800
2,197,384.906
2,198,385.970
2,199,388.550
2,200,389.186
2,201,391.248
2,202,391.460
2,203,391.564
2,204,391.700
2,205,391.844
2,206,396.102
CHECKPOINT,400.000
