2025-03-05 09:24:46,990 - DEBUG - Trying GAFFTemplateGenerator to load espaloma-0.3.2.pt
2025-03-05 09:24:46,990 - DEBUG -   GAFFTemplateGenerator cannot load espaloma-0.3.2.pt
2025-03-05 09:24:46,990 - DEBUG - Specified 'forcefield' (espaloma-0.3.2.pt) must be one of ['gaff-1.4', 'gaff-1.8', 'gaff-1.81', 'gaff-2.1', 'gaff-2.11']
2025-03-05 09:24:46,990 - DEBUG - Trying SMIRNOFFTemplateGenerator to load espaloma-0.3.2.pt
2025-03-05 09:24:47,055 - ERROR - Source 'espaloma-0.3.2.pt' could not be read. If this is a file, ensure that the path is correct.
Looked in the following paths and found no files named 'espaloma-0.3.2.pt':
    /mnt/home/aojha/automated_milestoning_pipeline/trypsin_benzamidine_simulations
    /home/aojha/miniforge3/envs/one_step_kinetics/lib/python3.10/site-packages/openff/amber_ff_ports/offxml
    /home/aojha/miniforge3/envs/one_step_kinetics/lib/python3.10/site-packages/openforcefields/offxml
    /home/aojha/miniforge3/envs/one_step_kinetics/lib/python3.10/site-packages/smirnoff99frosst/offxml
If 'espaloma-0.3.2.pt' is present as a file, ensure it is in a known SMIRNOFF encoding.
Valid formats are: ['XML']
Parsing failed while trying to parse source as a file with the following exception and message:
<class 'openff.toolkit.utils.exceptions.SMIRNOFFParseError'>
syntax error: line 1, column 0

2025-03-05 09:24:47,055 - DEBUG -   SMIRNOFFTemplateGenerator cannot load espaloma-0.3.2.pt
2025-03-05 09:24:47,055 - DEBUG - Can't find specified SMIRNOFF force field (espaloma-0.3.2.pt) in install paths or parse the input as a string.
2025-03-05 09:24:47,055 - DEBUG - Trying EspalomaTemplateGenerator to load espaloma-0.3.2.pt
2025-03-05 09:24:47,055 - INFO - Using espaloma model found at /mnt/home/aojha/.espaloma/espaloma-0.3.2.pt
2025-03-05 09:24:48,233 - DEBUG - Creating converter from 7 to 5
2025-03-05 09:24:48,233 - DEBUG - Creating converter from 5 to 7
2025-03-05 09:24:48,233 - DEBUG - Creating converter from 7 to 5
2025-03-05 09:24:48,233 - DEBUG - Creating converter from 5 to 7
2025-03-05 09:24:48,491 - INFO - Requested to generate parameters for residue <Residue 223 (UNK) of chain 1>
2025-03-05 09:24:48,493 - INFO - Generating a residue template for [H]c1c(c(c(c(c1[H])[H])C(=[N+]([H])[H])N([H])[H])[H])[H] using espaloma-0.3.2.pt
2025-03-05 09:24:48,493 - DEBUG - Generating espaloma parameters...
2025-03-05 09:24:49,439 - INFO - Attempting to up-convert vdW section from 0.3 to 0.4
2025-03-05 09:24:49,439 - INFO - Successfully up-converted vdW section from 0.3 to 0.4. `method="cutoff"` is now split into `periodic_method="cutoff"` and `nonperiodic_method="no-cutoff"`.
2025-03-05 09:24:49,443 - INFO - Attempting to up-convert Electrostatics section from 0.3 to 0.4
2025-03-05 09:24:49,443 - INFO - Successfully up-converted Electrostatics section from 0.3 to 0.4. `method="PME"` is now split into `periodic_potential="Ewald3D-ConductingBoundary"`, `nonperiodic_potential="Coulomb"`, and `exception_potential="Coulomb"`.
2025-03-05 09:24:49,486 - DEBUG - Finding matches for BondHandler
2025-03-05 09:24:49,486 - DEBUG - [#6X4:1]-[#6X4:2]                                                :        0 matches
2025-03-05 09:24:49,486 - DEBUG - [#6X4:1]-[#6X3:2]                                                :        0 matches
2025-03-05 09:24:49,486 - DEBUG - [#6X4:1]-[#6X3:2]=[#8X1+0]                                       :        0 matches
2025-03-05 09:24:49,486 - DEBUG - [#6X3:1]-[#6X3:2]                                                :        2 matches
2025-03-05 09:24:49,486 - DEBUG - [#6X3:1]:[#6X3:2]                                                :       12 matches
2025-03-05 09:24:49,486 - DEBUG - [#6X3:1]=[#6X3:2]                                                :        0 matches
2025-03-05 09:24:49,486 - DEBUG - [#6:1]-[#7:2]                                                    :        1 matches
2025-03-05 09:24:49,486 - DEBUG - [#6X3:1]-[#7X3:2]                                                :        1 matches
2025-03-05 09:24:49,487 - DEBUG - [#6X4:1]-[#7X3:2]-[#6X3]=[#8X1+0]                                :        0 matches
2025-03-05 09:24:49,487 - DEBUG - [#6X3:1](=[#8X1+0])-[#7X3:2]                                     :        0 matches
2025-03-05 09:24:49,487 - DEBUG - [#6X3:1]-[#7X2:2]                                                :        0 matches
2025-03-05 09:24:49,487 - DEBUG - [#6X3:1]:[#7X2,#7X3+1:2]                                         :        0 matches
2025-03-05 09:24:49,487 - DEBUG - [#6X3:1]=[#7X2,#7X3+1:2]                                         :        1 matches
2025-03-05 09:24:49,487 - DEBUG - [#6:1]-[#8:2]                                                    :        0 matches
2025-03-05 09:24:49,487 - DEBUG - [#6X3:1]-[#8X1-1:2]                                              :        0 matches
2025-03-05 09:24:49,487 - DEBUG - [#6X4:1]-[#8X2H0:2]                                              :        0 matches
2025-03-05 09:24:49,487 - DEBUG - [#6X3:1]-[#8X2:2]                                                :        0 matches
2025-03-05 09:24:49,487 - DEBUG - [#6X3:1]-[#8X2H1:2]                                              :        0 matches
2025-03-05 09:24:49,487 - DEBUG - [#6X3a:1]-[#8X2H0:2]                                             :        0 matches
2025-03-05 09:24:49,487 - DEBUG - [#6X3:1](=[#8X1])-[#8X2H0:2]                                     :        0 matches
2025-03-05 09:24:49,487 - DEBUG - [#6:1]=[#8X1+0,#8X2+1:2]                                         :        0 matches
2025-03-05 09:24:49,487 - DEBUG - [#6X3:1](~[#8X1])~[#8X1:2]                                       :        0 matches
2025-03-05 09:24:49,487 - DEBUG - [#6X3:1]~[#8X2+1:2]~[#6X3]                                       :        0 matches
2025-03-05 09:24:49,487 - DEBUG - [#6X2:1]-[#6:2]                                                  :        0 matches
2025-03-05 09:24:49,487 - DEBUG - [#6X2:1]-[#6X4:2]                                                :        0 matches
2025-03-05 09:24:49,487 - DEBUG - [#6X2:1]=[#6X3:2]                                                :        0 matches
2025-03-05 09:24:49,487 - DEBUG - [#6:1]#[#7:2]                                                    :        0 matches
2025-03-05 09:24:49,487 - DEBUG - [#6X2:1]#[#6X2:2]                                                :        0 matches
2025-03-05 09:24:49,487 - DEBUG - [#6X2:1]-[#8X2:2]                                                :        0 matches
2025-03-05 09:24:49,487 - DEBUG - [#6X2:1]-[#7:2]                                                  :        0 matches
2025-03-05 09:24:49,487 - DEBUG - [#6X2:1]=[#7:2]                                                  :        0 matches
2025-03-05 09:24:49,488 - DEBUG - [#16:1]=[#6:2]                                                   :        0 matches
2025-03-05 09:24:49,488 - DEBUG - [#6X2:1]=[#16:2]                                                 :        0 matches
2025-03-05 09:24:49,488 - DEBUG - [#7:1]-[#7:2]                                                    :        0 matches
2025-03-05 09:24:49,488 - DEBUG - [#7X3:1]-[#7X2:2]                                                :        0 matches
2025-03-05 09:24:49,488 - DEBUG - [#7X2:1]-[#7X2:2]                                                :        0 matches
2025-03-05 09:24:49,488 - DEBUG - [#7:1]:[#7:2]                                                    :        0 matches
2025-03-05 09:24:49,488 - DEBUG - [#7:1]=[#7:2]                                                    :        0 matches
2025-03-05 09:24:49,488 - DEBUG - [#7+1:1]=[#7-1:2]                                                :        0 matches
2025-03-05 09:24:49,488 - DEBUG - [#7:1]#[#7:2]                                                    :        0 matches
2025-03-05 09:24:49,488 - DEBUG - [#7:1]-[#8X2:2]                                                  :        0 matches
2025-03-05 09:24:49,488 - DEBUG - [#7:1]~[#8X1:2]                                                  :        0 matches
2025-03-05 09:24:49,488 - DEBUG - [#8X2:1]-[#8X2:2]                                                :        0 matches
2025-03-05 09:24:49,488 - DEBUG - [#16:1]-[#6:2]                                                   :        0 matches
2025-03-05 09:24:49,488 - DEBUG - [#16:1]-[#1:2]                                                   :        0 matches
2025-03-05 09:24:49,488 - DEBUG - [#16:1]-[#16:2]                                                  :        0 matches
2025-03-05 09:24:49,488 - DEBUG - [#16:1]-[#9:2]                                                   :        0 matches
2025-03-05 09:24:49,488 - DEBUG - [#16:1]-[#17:2]                                                  :        0 matches
2025-03-05 09:24:49,488 - DEBUG - [#16:1]-[#35:2]                                                  :        0 matches
2025-03-05 09:24:49,488 - DEBUG - [#16:1]-[#53:2]                                                  :        0 matches
2025-03-05 09:24:49,488 - DEBUG - [#16X2,#16X1-1,#16X3+1:1]-[#6X4:2]                               :        0 matches
2025-03-05 09:24:49,488 - DEBUG - [#16X2,#16X1-1,#16X3+1:1]-[#6X3:2]                               :        0 matches
2025-03-05 09:24:49,488 - DEBUG - [#16X2:1]-[#7:2]                                                 :        0 matches
2025-03-05 09:24:49,488 - DEBUG - [#16X2:1]-[#8X2:2]                                               :        0 matches
2025-03-05 09:24:49,488 - DEBUG - [#16X2:1]=[#8X1,#7X2:2]                                          :        0 matches
2025-03-05 09:24:49,488 - DEBUG - [#16X4,#16X3!+1:1]-[#6:2]                                        :        0 matches
2025-03-05 09:24:49,488 - DEBUG - [#16X4,#16X3:1]~[#7:2]                                           :        0 matches
2025-03-05 09:24:49,489 - DEBUG - [#16X4,#16X3:1]-[#8X2:2]                                         :        0 matches
2025-03-05 09:24:49,489 - DEBUG - [#16X4,#16X3:1]~[#8X1:2]                                         :        0 matches
2025-03-05 09:24:49,489 - DEBUG - [#15:1]-[#1:2]                                                   :        0 matches
2025-03-05 09:24:49,489 - DEBUG - [#15:1]~[#6:2]                                                   :        0 matches
2025-03-05 09:24:49,489 - DEBUG - [#15:1]-[#7:2]                                                   :        0 matches
2025-03-05 09:24:49,489 - DEBUG - [#15:1]=[#7:2]                                                   :        0 matches
2025-03-05 09:24:49,489 - DEBUG - [#15:1]~[#8X2:2]                                                 :        0 matches
2025-03-05 09:24:49,489 - DEBUG - [#15:1]~[#8X1:2]                                                 :        0 matches
2025-03-05 09:24:49,489 - DEBUG - [#16:1]-[#15:2]                                                  :        0 matches
2025-03-05 09:24:49,489 - DEBUG - [#15:1]=[#16X1:2]                                                :        0 matches
2025-03-05 09:24:49,489 - DEBUG - [#6:1]-[#9:2]                                                    :        0 matches
2025-03-05 09:24:49,489 - DEBUG - [#6X4:1]-[#9:2]                                                  :        0 matches
2025-03-05 09:24:49,489 - DEBUG - [#6:1]-[#17:2]                                                   :        0 matches
2025-03-05 09:24:49,489 - DEBUG - [#6X4:1]-[#17:2]                                                 :        0 matches
2025-03-05 09:24:49,489 - DEBUG - [#6:1]-[#35:2]                                                   :        0 matches
2025-03-05 09:24:49,489 - DEBUG - [#6X4:1]-[#35:2]                                                 :        0 matches
2025-03-05 09:24:49,489 - DEBUG - [#6:1]-[#53:2]                                                   :        0 matches
2025-03-05 09:24:49,489 - DEBUG - [#6X4:1]-[#53:2]                                                 :        0 matches
2025-03-05 09:24:49,489 - DEBUG - [#7:1]-[#9:2]                                                    :        0 matches
2025-03-05 09:24:49,489 - DEBUG - [#7:1]-[#17:2]                                                   :        0 matches
2025-03-05 09:24:49,489 - DEBUG - [#7:1]-[#35:2]                                                   :        0 matches
2025-03-05 09:24:49,489 - DEBUG - [#7:1]-[#53:2]                                                   :        0 matches
2025-03-05 09:24:49,489 - DEBUG - [#15:1]-[#9:2]                                                   :        0 matches
2025-03-05 09:24:49,489 - DEBUG - [#15:1]-[#17:2]                                                  :        0 matches
2025-03-05 09:24:49,489 - DEBUG - [#15:1]-[#35:2]                                                  :        0 matches
2025-03-05 09:24:49,489 - DEBUG - [#15:1]-[#53:2]                                                  :        0 matches
2025-03-05 09:24:49,489 - DEBUG - [#6X4:1]-[#1:2]                                                  :        0 matches
2025-03-05 09:24:49,490 - DEBUG - [#6X3:1]-[#1:2]                                                  :        5 matches
2025-03-05 09:24:49,490 - DEBUG - [#6X2:1]-[#1:2]                                                  :        0 matches
2025-03-05 09:24:49,490 - DEBUG - [#7:1]-[#1:2]                                                    :        4 matches
2025-03-05 09:24:49,490 - DEBUG - [#8:1]-[#1:2]                                                    :        0 matches
2025-03-05 09:24:49,490 - DEBUG - 18 matches identified
2025-03-05 09:24:49,491 - DEBUG - Finding matches for ConstraintHandler
2025-03-05 09:24:49,491 - DEBUG - [#1:1]-[#8X2H2+0:2]-[#1]                                         :        0 matches
2025-03-05 09:24:49,491 - DEBUG - [#1:1]-[#8X2H2+0]-[#1:2]                                         :        0 matches
2025-03-05 09:24:49,491 - DEBUG - 0 matches identified
2025-03-05 09:24:49,491 - DEBUG - Finding matches for AngleHandler
2025-03-05 09:24:49,491 - DEBUG - [*:1]~[#6X4:2]-[*:3]                                             :        0 matches
2025-03-05 09:24:49,491 - DEBUG - [#1:1]-[#6X4:2]-[#1:3]                                           :        0 matches
2025-03-05 09:24:49,491 - DEBUG - [*;r3:1]1~;@[*;r3:2]~;@[*;r3:3]1                                 :        0 matches
2025-03-05 09:24:49,491 - DEBUG - [*;r3:1]~;@[*;r3:2]~;!@[*:3]                                     :        0 matches
2025-03-05 09:24:49,491 - DEBUG - [*:1]~;!@[*;r3:2]~;!@[*:3]                                       :        0 matches
2025-03-05 09:24:49,491 - DEBUG - [#1:1]-[*;r3:2]~;!@[*:3]                                         :        0 matches
2025-03-05 09:24:49,491 - DEBUG - [#6r4:1]-;@[#6r4:2]-;@[#6r4:3]                                   :        0 matches
2025-03-05 09:24:49,491 - DEBUG - [!#1:1]-[#6r4:2]-;!@[!#1:3]                                      :        0 matches
2025-03-05 09:24:49,492 - DEBUG - [!#1:1]-[#6r4:2]-;!@[#1:3]                                       :        0 matches
2025-03-05 09:24:49,492 - DEBUG - [*:1]~[#6X3:2]~[*:3]                                             :       42 matches
2025-03-05 09:24:49,492 - DEBUG - [#1:1]-[#6X3:2]~[*:3]                                            :       10 matches
2025-03-05 09:24:49,492 - DEBUG - [#1:1]-[#6X3:2]-[#1:3]                                           :        0 matches
2025-03-05 09:24:49,492 - DEBUG - [*;r6:1]~;@[*;r5:2]~;@[*;r5;x2:3]                                :        0 matches
2025-03-05 09:24:49,492 - DEBUG - [*:1]~;!@[*;X3;r5:2]~;@[*;r5:3]                                  :        0 matches
2025-03-05 09:24:49,492 - DEBUG - [#8X1:1]~[#6X3:2]~[#8:3]                                         :        0 matches
2025-03-05 09:24:49,492 - DEBUG - [*:1]~[#6X2:2]~[*:3]                                             :        0 matches
2025-03-05 09:24:49,492 - DEBUG - [*:1]~[#7X2:2]~[*:3]                                             :        0 matches
2025-03-05 09:24:49,493 - DEBUG - [*:1]-[#7X4,#7X3,#7X2-1:2]-[*:3]                                 :        8 matches
2025-03-05 09:24:49,493 - DEBUG - [#1:1]-[#7X4,#7X3,#7X2-1:2]-[*:3]                                :        6 matches
2025-03-05 09:24:49,493 - DEBUG - [*:1]~[#7X3$(*~[#6X3,#6X2,#7X2+0]):2]~[*:3]                      :       12 matches
2025-03-05 09:24:49,493 - DEBUG - [#1:1]-[#7X3$(*~[#6X3,#6X2,#7X2+0]):2]-[*:3]                     :        6 matches
2025-03-05 09:24:49,493 - DEBUG - [*:1]~[#7X2+0:2]~[*:3]                                           :        0 matches
2025-03-05 09:24:49,493 - DEBUG - [*:1]~[#7X2+0:2]~[#6X2:3](~[#16X1])                              :        0 matches
2025-03-05 09:24:49,493 - DEBUG - [#1:1]-[#7X2+0:2]~[*:3]                                          :        0 matches
2025-03-05 09:24:49,493 - DEBUG - [#6,#7,#8:1]-[#7X3:2](~[#8X1])~[#8X1:3]                          :        0 matches
2025-03-05 09:24:49,493 - DEBUG - [#8X1:1]~[#7X3:2]~[#8X1:3]                                       :        0 matches
2025-03-05 09:24:49,493 - DEBUG - [*:1]~[#7X2:2]~[#7X1:3]                                          :        0 matches
2025-03-05 09:24:49,493 - DEBUG - [*:1]-[#8:2]-[*:3]                                               :        0 matches
2025-03-05 09:24:49,493 - DEBUG - [#6X3,#7:1]~;@[#8;r:2]~;@[#6X3,#7:3]                             :        0 matches
2025-03-05 09:24:49,493 - DEBUG - [*:1]-[#8X2+1:2]=[*:3]                                           :        0 matches
2025-03-05 09:24:49,493 - DEBUG - [*:1]~[#16X4:2]~[*:3]                                            :        0 matches
2025-03-05 09:24:49,493 - DEBUG - [*:1]-[#16X4,#16X3+0:2]-[*:3]                                    :        0 matches
2025-03-05 09:24:49,494 - DEBUG - [*:1]~[#16X3$(*~[#8X1,#7X2]):2]~[*:3]                            :        0 matches
2025-03-05 09:24:49,494 - DEBUG - [*:1]~[#16X2,#16X3+1:2]~[*:3]                                    :        0 matches
2025-03-05 09:24:49,494 - DEBUG - [*:1]=[#16X2:2]=[*:3]                                            :        0 matches
2025-03-05 09:24:49,494 - DEBUG - [*:1]=[#16X2:2]=[#8:3]                                           :        0 matches
2025-03-05 09:24:49,494 - DEBUG - [#6X3:1]-[#16X2:2]-[#6X3:3]                                      :        0 matches
2025-03-05 09:24:49,494 - DEBUG - [#6X3:1]-[#16X2:2]-[#6X4:3]                                      :        0 matches
2025-03-05 09:24:49,494 - DEBUG - [#6X3:1]-[#16X2:2]-[#1:3]                                        :        0 matches
2025-03-05 09:24:49,494 - DEBUG - [*:1]~[#15:2]~[*:3]                                              :        0 matches
2025-03-05 09:24:49,494 - DEBUG - 27 matches identified
2025-03-05 09:24:49,496 - DEBUG - Finding matches for ProperTorsionHandler
2025-03-05 09:24:49,496 - DEBUG - [*:1]-[#6X4:2]-[#6X4:3]-[*:4]                                    :        0 matches
2025-03-05 09:24:49,496 - DEBUG - [#6X4:1]-[#6X4:2]-[#6X4:3]-[#6X4:4]                              :        0 matches
2025-03-05 09:24:49,496 - DEBUG - [#1:1]-[#6X4:2]-[#6X4:3]-[#1:4]                                  :        0 matches
2025-03-05 09:24:49,496 - DEBUG - [#1:1]-[#6X4:2]-[#6X4:3]-[#6X4:4]                                :        0 matches
2025-03-05 09:24:49,496 - DEBUG - [#8X2:1]-[#6X4:2]-[#6X4:3]-[#8X2:4]                              :        0 matches
2025-03-05 09:24:49,496 - DEBUG - [#9:1]-[#6X4:2]-[#6X4:3]-[#9:4]                                  :        0 matches
2025-03-05 09:24:49,496 - DEBUG - [#17:1]-[#6X4:2]-[#6X4:3]-[#17:4]                                :        0 matches
2025-03-05 09:24:49,496 - DEBUG - [#35:1]-[#6X4:2]-[#6X4:3]-[#35:4]                                :        0 matches
2025-03-05 09:24:49,496 - DEBUG - [#1:1]-[#6X4:2]-[#6X4:3]-[#8X2:4]                                :        0 matches
2025-03-05 09:24:49,496 - DEBUG - [#1:1]-[#6X4:2]-[#6X4:3]-[#9:4]                                  :        0 matches
2025-03-05 09:24:49,496 - DEBUG - [#1:1]-[#6X4:2]-[#6X4:3]-[#17:4]                                 :        0 matches
2025-03-05 09:24:49,496 - DEBUG - [#1:1]-[#6X4:2]-[#6X4:3]-[#35:4]                                 :        0 matches
2025-03-05 09:24:49,496 - DEBUG - [*:1]-[#6X4:2]-[#6X4;r3:3]-[*:4]                                 :        0 matches
2025-03-05 09:24:49,496 - DEBUG - [*:1]-[#6X4:2]-[#6X4;r3:3]-[#6X4;r3:4]                           :        0 matches
2025-03-05 09:24:49,496 - DEBUG - [*:1]-[#6X4;r3:2]-@[#6X4;r3:3]-[*:4]                             :        0 matches
2025-03-05 09:24:49,496 - DEBUG - [#6X4;r3:1]-[#6X4;r3:2]-[#6X4;r3:3]-[*:4]                        :        0 matches
2025-03-05 09:24:49,496 - DEBUG - [*:1]~[#6X3:2]-[#6X4:3]-[*:4]                                    :        0 matches
2025-03-05 09:24:49,496 - DEBUG - [*:1]-[#6X4:2]-[#6X3:3]=[*:4]                                    :        0 matches
2025-03-05 09:24:49,496 - DEBUG - [#1:1]-[#6X4:2]-[#6X3:3]=[#8X1:4]                                :        0 matches
2025-03-05 09:24:49,497 - DEBUG - [#1:1]-[#6X4:2]-[#6X3:3]=[#6X3:4]                                :        0 matches
2025-03-05 09:24:49,497 - DEBUG - [#6X3:1]-[#6X4:2]-[#6X3:3]=[#6X3:4]                              :        0 matches
2025-03-05 09:24:49,497 - DEBUG - [#7X3:1]-[#6X4:2]-[#6X3:3]-[#7X3:4]                              :        0 matches
2025-03-05 09:24:49,497 - DEBUG - [#6X4:1]-[#6X4:2]-[#6X3:3]-[#7X3:4]                              :        0 matches
2025-03-05 09:24:49,497 - DEBUG - [#16X2,#16X1-1,#16X3+1:1]-[#6X3:2]-[#6X4:3]-[#1:4]               :        0 matches
2025-03-05 09:24:49,497 - DEBUG - [#16X2,#16X1-1,#16X3+1:1]-[#6X3:2]-[#6X4:3]-[#7X4,#7X3:4]        :        0 matches
2025-03-05 09:24:49,497 - DEBUG - [#16X2,#16X1-1,#16X3+1:1]-[#6X3:2]-[#6X4:3]-[#7X3$(*-[#6X3,#6X2]):4] :        0 matches
2025-03-05 09:24:49,497 - DEBUG - [*:1]-[#6X4;r3:2]-[#6X3:3]~[*:4]                                 :        0 matches
2025-03-05 09:24:49,497 - DEBUG - [#6X4:1]-[#6X4;r3:2]-[#6X3:3]~[#6X3:4]                           :        0 matches
2025-03-05 09:24:49,497 - DEBUG - [#1:1]-[#6X4;r3:2]-[#6X3:3]~[#6X3:4]                             :        0 matches
2025-03-05 09:24:49,497 - DEBUG - [#6X3:1]-[#6X4;r3:2]-[#6X3:3]-[#7X3:4]                           :        0 matches
2025-03-05 09:24:49,497 - DEBUG - [#6X3:1]-[#6X4;r3:2]-[#6X3:3]=[#8X1:4]                           :        0 matches
2025-03-05 09:24:49,497 - DEBUG - [#6X3:1]-[#6X4;r3:2]-[#6X3:3]~[#6X3:4]                           :        0 matches
2025-03-05 09:24:49,497 - DEBUG - [#7X3:1]-[#6X4;r3:2]-[#6X3:3]~[#6X3:4]                           :        0 matches
2025-03-05 09:24:49,497 - DEBUG - [#6X4;r3:1]-;@[#6X4;r3:2]-[#6X3:3]~[#6X3:4]                      :        0 matches
2025-03-05 09:24:49,497 - DEBUG - [#6X4;r3:1]-;@[#6X4;r3:2]-[#6X3;r6:3]:[#6X3;r6:4]                :        0 matches
2025-03-05 09:24:49,497 - DEBUG - [#6X4;r3:1]-;@[#6X4;r3:2]-[#6X3;r5:3]-;@[#6X3;r5:4]              :        0 matches
2025-03-05 09:24:49,497 - DEBUG - [#6X4;r3:1]-;@[#6X4;r3:2]-[#6X3;r5:3]=;@[#6X3;r5:4]              :        0 matches
2025-03-05 09:24:49,497 - DEBUG - [#6X4;r3:1]-;@[#6X4;r3:2]-[#6X3:3]-[#6X4:4]                      :        0 matches
2025-03-05 09:24:49,498 - DEBUG - [#6X4;r3:1]-;@[#6X4;r3:2]-[#6X3;r6:3]:[#7X2;r6:4]                :        0 matches
2025-03-05 09:24:49,498 - DEBUG - [#6X4;r3:1]-;@[#6X4;r3:2]-[#6X3:3]=[#7X2:4]                      :        0 matches
2025-03-05 09:24:49,498 - DEBUG - [#6X4;r3:1]-;@[#6X4;r3:2]-[#6X3:3]-[#8X2:4]                      :        0 matches
2025-03-05 09:24:49,498 - DEBUG - [#6X4;r3:1]-;@[#6X4;r3:2]-[#6X3:3]=[#8X1:4]                      :        0 matches
2025-03-05 09:24:49,498 - DEBUG - [*:1]~[#6X3:2]-[#6X3:3]~[*:4]                                    :        8 matches
2025-03-05 09:24:49,498 - DEBUG - [*:1]~[#6X3:2]:[#6X3:3]~[*:4]                                    :       48 matches
2025-03-05 09:24:49,498 - DEBUG - [*:1]-,:[#6X3:2]=[#6X3:3]-,:[*:4]                                :        0 matches
2025-03-05 09:24:49,499 - DEBUG - [#6X4:1]-[#6X3:2]=[#6X3:3]-[#6X4:4]                              :        0 matches
2025-03-05 09:24:49,499 - DEBUG - [*:1]~[#6X3:2]-[#6X3$(*=[#8,#16,#7]):3]~[*:4]                    :        4 matches
2025-03-05 09:24:49,499 - DEBUG - [#6X3:1]=[#6X3:2]-[#6X3:3]=[#8X1:4]                              :        0 matches
2025-03-05 09:24:49,499 - DEBUG - [*:1]~[#7a:2]:[#6a:3]~[*:4]                                      :        0 matches
2025-03-05 09:24:49,499 - DEBUG - [*:1]-[#6X4:2]-[#7X4:3]-[*:4]                                    :        0 matches
2025-03-05 09:24:49,499 - DEBUG - [*:1]-[#6X4:2]-[#7X3:3]-[*:4]                                    :        0 matches
2025-03-05 09:24:49,499 - DEBUG - [*:1]-[#6X4:2]-[#7X3:3]-[#7X2:4]=[#6]                            :        0 matches
2025-03-05 09:24:49,499 - DEBUG - [#1:1]-[#6X4:2]-[#7X3:3]-[#7X2:4]=[#6]                           :        0 matches
2025-03-05 09:24:49,499 - DEBUG - [*:1]-[#6X4:2]-[#7X3:3]-[#7X2:4]=[#7X2,#8X1]                     :        0 matches
2025-03-05 09:24:49,499 - DEBUG - [#1:1]-[#6X4:2]-[#7X3:3]-[#7X2:4]=[#7X2,#8X1]                    :        0 matches
2025-03-05 09:24:49,499 - DEBUG - [*:1]-[#6X4:2]-[#7X3$(*@1-[*]=,:[*][*]=,:[*]@1):3]-[*:4]         :        0 matches
2025-03-05 09:24:49,499 - DEBUG - [#1:1]-[#6X4:2]-[#7X3$(*@1-[*]=,:[*][*]=,:[*]@1):3]-[*:4]        :        0 matches
2025-03-05 09:24:49,499 - DEBUG - [#6X4:1]-[#6X4:2]-[#7X4,#7X3:3]-[#6X4:4]                         :        0 matches
2025-03-05 09:24:49,499 - DEBUG - [#1:1]-[#7X4,#7X3:2]-[#6X4;r3:3]-[*:4]                           :        0 matches
2025-03-05 09:24:49,499 - DEBUG - [#1:1]-[#7X4,#7X3:2]-[#6X4;r3:3]-[#6X4;r3:4]                     :        0 matches
2025-03-05 09:24:49,500 - DEBUG - [!#1:1]-[#7X4,#7X3:2]-[#6X4;r3:3]-[*:4]                          :        0 matches
2025-03-05 09:24:49,500 - DEBUG - [!#1:1]-[#7X4,#7X3:2]-[#6X4;r3:3]-[#6X4;r3:4]                    :        0 matches
2025-03-05 09:24:49,500 - DEBUG - [*:1]-[#7X4:2]-[#6X3:3]~[*:4]                                    :        0 matches
2025-03-05 09:24:49,500 - DEBUG - [*:1]-[#6X4:2]-[#7X3$(*~[#6X3,#6X2]):3]~[*:4]                    :        0 matches
2025-03-05 09:24:49,500 - DEBUG - [*:1]-[#6X4:2]-[#7X3$(*~[#8X1]):3]~[#8X1:4]                      :        0 matches
2025-03-05 09:24:49,500 - DEBUG - [#6X3:1]-[#7X3:2]-[#6X4:3]-[#6X3:4]                              :        0 matches
2025-03-05 09:24:49,500 - DEBUG - [#6X4:1]-[#6X4:2]-[#7X3:3]-[#6X3:4]=[#8,#16,#7]                  :        0 matches
2025-03-05 09:24:49,500 - DEBUG - [#8X2H0:1]-[#6X4:2]-[#7X3:3]-[#6X3:4]                            :        0 matches
2025-03-05 09:24:49,500 - DEBUG - [#6X3:1]-[#7X3:2]-[#6X4;r3:3]-[#6X4;r3:4]                        :        0 matches
2025-03-05 09:24:49,500 - DEBUG - [*:1]~[#7X2:2]-[#6X4:3]-[*:4]                                    :        0 matches
2025-03-05 09:24:49,500 - DEBUG - [#6X3:1]=[#7X2,#7X3+1:2]-[#6X4:3]-[#1:4]                         :        0 matches
2025-03-05 09:24:49,500 - DEBUG - [#6X3:1]=[#7X2,#7X3+1:2]-[#6X4:3]-[#6X3,#6X4:4]                  :        0 matches
2025-03-05 09:24:49,500 - DEBUG - [*:1]~[#7X3,#7X2-1:2]-[#6X3:3]~[*:4]                             :        4 matches
2025-03-05 09:24:49,500 - DEBUG - [*:1]~[#7X3,#7X2-1:2]-!@[#6X3:3]~[*:4]                           :        4 matches
2025-03-05 09:24:49,500 - DEBUG - [*:1]-[#7X3:2]-[#6X3$(*=[#8,#16,#7]):3]~[*:4]                    :        4 matches
2025-03-05 09:24:49,501 - DEBUG - [#1:1]-[#7X3:2]-[#6X3:3]=[#8,#16,#7:4]                           :        2 matches
2025-03-05 09:24:49,501 - DEBUG - [*:1]-[#7X3:2]-!@[#6X3:3](=[#8,#16,#7:4])-[#6,#1]                :        2 matches
2025-03-05 09:24:49,501 - DEBUG - [#1:1]-[#7X3:2]-!@[#6X3:3](=[#8,#16,#7:4])-[#6,#1]               :        2 matches
2025-03-05 09:24:49,501 - DEBUG - [*:1]-[#7X3:2]-!@[#6X3:3](=[#8,#16,#7:4])-[#7X3]                 :        0 matches
2025-03-05 09:24:49,501 - DEBUG - [*:1]-[#7X3;r5:2]-@[#6X3;r5:3]~[*:4]                             :        0 matches
2025-03-05 09:24:49,501 - DEBUG - [#8X1:1]~[#7X3:2]~[#6X3:3]~[*:4]                                 :        0 matches
2025-03-05 09:24:49,501 - DEBUG - [*:1]=[#7X2,#7X3+1:2]-[#6X3:3]-[*:4]                             :        0 matches
2025-03-05 09:24:49,501 - DEBUG - [*:1]=[#7X2,#7X3+1:2]-[#6X3:3]=,:[*:4]                           :        0 matches
2025-03-05 09:24:49,501 - DEBUG - [*:1]~[#7X2,#7X3$(*~[#8X1]):2]:[#6X3:3]~[*:4]                    :        0 matches
2025-03-05 09:24:49,501 - DEBUG - [#6X3:1]:[#7X2:2]:[#6X3:3]:[#6X3:4]                              :        0 matches
2025-03-05 09:24:49,501 - DEBUG - [*:1]-,:[#6X3:2]=[#7X2:3]-[*:4]                                  :        0 matches
2025-03-05 09:24:49,501 - DEBUG - [*:1]-[#7X3+1:2]=,:[#6X3:3]-,:[*:4]                              :        4 matches
2025-03-05 09:24:49,501 - DEBUG - [#16X4,#16X3+0:1]-[#7X2:2]=[#6X3:3]-[#7X3:4]                     :        0 matches
2025-03-05 09:24:49,501 - DEBUG - [#16X4,#16X3+0:1]-[#7X2:2]=[#6X3:3]-[#16X2,#16X3+1:4]            :        0 matches
2025-03-05 09:24:49,501 - DEBUG - [#7X2:1]~[#7X2:2]-[#6X3:3]~[#6X3:4]                              :        0 matches
2025-03-05 09:24:49,502 - DEBUG - [#7X2:1]~[#7X2:2]-[#6X4:3]-[#6X3:4]                              :        0 matches
2025-03-05 09:24:49,502 - DEBUG - [#7X2:1]~[#7X2:2]-[#6X4:3]~[#1:4]                                :        0 matches
2025-03-05 09:24:49,502 - DEBUG - [*:1]-[#6X4:2]-[#8X2:3]-[#1:4]                                   :        0 matches
2025-03-05 09:24:49,502 - DEBUG - [#6X4:1]-[#6X4:2]-[#8X2H1:3]-[#1:4]                              :        0 matches
2025-03-05 09:24:49,502 - DEBUG - [*:1]-[#6X4:2]-[#8X2H0:3]-[*:4]                                  :        0 matches
2025-03-05 09:24:49,502 - DEBUG - [#6X4:1]-[#6X4:2]-[#8X2H0:3]-[#6X4:4]                            :        0 matches
2025-03-05 09:24:49,502 - DEBUG - [#6X4:1]-[#6X4:2]-[#8X2:3]-[#6X3:4]                              :        0 matches
2025-03-05 09:24:49,502 - DEBUG - [#6X4:1]-[#8X2:2]-[#6X4:3]-[#8X2:4]                              :        0 matches
2025-03-05 09:24:49,502 - DEBUG - [#6X4:1]-[#8X2:2]-[#6X4:3]-[#7X3:4]                              :        0 matches
2025-03-05 09:24:49,502 - DEBUG - [#6X3:1]-[#8X2:2]-[#6X4;r3:3]-@[#6X4;r3:4]                       :        0 matches
2025-03-05 09:24:49,502 - DEBUG - [#6X3:1]-[#8X2:2]-[#6X4;r3:3]-[#1:4]                             :        0 matches
2025-03-05 09:24:49,502 - DEBUG - [#1:1]-[#8X2:2]-[#6X4;r3:3]-[#1:4]                               :        0 matches
2025-03-05 09:24:49,502 - DEBUG - [#1:1]-[#8X2:2]-[#6X4;r3:3]-[#6X4:4]                             :        0 matches
2025-03-05 09:24:49,502 - DEBUG - [#1:1]-[#8X2:2]-[#6X4;r3:3]-[#6X4;r3:4]                          :        0 matches
2025-03-05 09:24:49,502 - DEBUG - [*:1]~[#6X3:2]-[#8X2:3]-[*:4]                                    :        0 matches
2025-03-05 09:24:49,502 - DEBUG - [*:1]~[#6X3:2]-[#8X2:3]-[#1:4]                                   :        0 matches
2025-03-05 09:24:49,502 - DEBUG - [*:1]~[#6X3:2](=[#8,#16,#7])-[#8X2H0:3]-[*:4]                    :        0 matches
2025-03-05 09:24:49,502 - DEBUG - [*:1]~[#6X3:2](=[#8,#16,#7])-[#8:3]-[#1:4]                       :        0 matches
2025-03-05 09:24:49,502 - DEBUG - [#1:1]-[#8X2:2]-[#6X3:3]=[#8X1:4]                                :        0 matches
2025-03-05 09:24:49,502 - DEBUG - [#8,#16,#7:1]=[#6X3:2]-[#8X2H0:3]-[#6X4:4]                       :        0 matches
2025-03-05 09:24:49,503 - DEBUG - [*:1]-[#8X2:2]@[#6X3:3]~[*:4]                                    :        0 matches
2025-03-05 09:24:49,503 - DEBUG - [*:1]-[#8X2+1:2]=[#6X3:3]-[*:4]                                  :        0 matches
2025-03-05 09:24:49,503 - DEBUG - [*:1]=[#8X2+1:2]-[#6:3]~[*:4]                                    :        0 matches
2025-03-05 09:24:49,503 - DEBUG - [*:1]~[#16:2]=,:[#6:3]~[*:4]                                     :        0 matches
2025-03-05 09:24:49,503 - DEBUG - [*:1]-[#16X2,#16X3+1:2]-[#6:3]~[*:4]                             :        0 matches
2025-03-05 09:24:49,503 - DEBUG - [*:1]-[#16X2,#16X3+1:2]-[#6:3]-[#1:4]                            :        0 matches
2025-03-05 09:24:49,503 - DEBUG - [#6X3:1]-@[#16X2,#16X1-1,#16X3+1:2]-@[#6X3,#7X2;r5:3]=@[#6,#7;r5:4] :        0 matches
2025-03-05 09:24:49,503 - DEBUG - [*:1]~[#16X4,#16X3!+1:2]-[#6X4:3]-[*:4]                          :        0 matches
2025-03-05 09:24:49,503 - DEBUG - [#6X4:1]-[#16X4,#16X3+0:2]-[#6X4:3]-[#1:4]                       :        0 matches
2025-03-05 09:24:49,503 - DEBUG - [#6X4:1]-[#16X4,#16X3+0:2]-[#6X4:3]~[#6X4:4]                     :        0 matches
2025-03-05 09:24:49,503 - DEBUG - [*:1]~[#16X4,#16X3+0:2]-[#6X3:3]~[*:4]                           :        0 matches
2025-03-05 09:24:49,503 - DEBUG - [#6:1]-[#16X4,#16X3+0:2]-[#6X3:3]~[*:4]                          :        0 matches
2025-03-05 09:24:49,503 - DEBUG - [*:1]~[#15:2]-[#6:3]-[*:4]                                       :        0 matches
2025-03-05 09:24:49,503 - DEBUG - [*:1]~[#15:2]-[#6X3:3]~[*:4]                                     :        0 matches
2025-03-05 09:24:49,503 - DEBUG - [*:1]-[#8:2]-[#8:3]-[*:4]                                        :        0 matches
2025-03-05 09:24:49,503 - DEBUG - [*:1]-[#8:2]-[#8H1:3]-[*:4]                                      :        0 matches
2025-03-05 09:24:49,503 - DEBUG - [*:1]~[#8X2:2]-[#7:3]~[*:4]                                      :        0 matches
2025-03-05 09:24:49,503 - DEBUG - [*:1]-[#8X2r5:2]-;@[#7X3r5:3]~[*:4]                              :        0 matches
2025-03-05 09:24:49,503 - DEBUG - [*:1]-[#8X2r5:2]-;@[#7X2r5:3]~[*:4]                              :        0 matches
2025-03-05 09:24:49,503 - DEBUG - [*:1]-[#7X4,#7X3:2]-[#7X4,#7X3:3]-[*:4]                          :        0 matches
2025-03-05 09:24:49,504 - DEBUG - [#1:1]-[#7X4,#7X3:2]-[#7X4,#7X3:3]-[#1:4]                        :        0 matches
2025-03-05 09:24:49,504 - DEBUG - [#6X4:1]-[#7X4,#7X3:2]-[#7X4,#7X3:3]-[#1:4]                      :        0 matches
2025-03-05 09:24:49,504 - DEBUG - [#6X4:1]-[#7X4,#7X3:2]-[#7X4,#7X3:3]-[#6X4:4]                    :        0 matches
2025-03-05 09:24:49,504 - DEBUG - [*:1]-[#7X4,#7X3:2]-[#7X3$(*~[#6X3,#6X2]):3]~[*:4]               :        0 matches
2025-03-05 09:24:49,504 - DEBUG - [*:1]-[#7X3$(*-[#6X3,#6X2]):2]-[#7X3$(*-[#6X3,#6X2]):3]-[*:4]    :        0 matches
2025-03-05 09:24:49,504 - DEBUG - [*:1]-[#7X3$(*-[#6X3,#6X2])r5:2]-@[#7X3$(*-[#6X3,#6X2])r5:3]~[*:4] :        0 matches
2025-03-05 09:24:49,504 - DEBUG - [*:1]@[#7X2:2]@[#7X2:3]@[#7X2,#6X3:4]                            :        0 matches
2025-03-05 09:24:49,504 - DEBUG - [*:1]~[#7X2:2]-[#7X3:3]~[*:4]                                    :        0 matches
2025-03-05 09:24:49,504 - DEBUG - [*:1]=[#7X2:2]-[#7X2:3]=[*:4]                                    :        0 matches
2025-03-05 09:24:49,504 - DEBUG - [*:1]~[#7X2:2]=,:[#7X2:3]~[*:4]                                  :        0 matches
2025-03-05 09:24:49,504 - DEBUG - [*:1]~[#7X3+1:2]=,:[#7X2:3]~[*:4]                                :        0 matches
2025-03-05 09:24:49,504 - DEBUG - [*:1]-[#16X2,#16X3+1:2]-[!#6:3]~[*:4]                            :        0 matches
2025-03-05 09:24:49,504 - DEBUG - [*:1]~[#16X4,#16X3+0:2]-[#7:3]~[*:4]                             :        0 matches
2025-03-05 09:24:49,504 - DEBUG - [#6X4:1]-[#16X4,#16X3+0:2]-[#7X4,#7X3:3]-[#1:4]                  :        0 matches
2025-03-05 09:24:49,504 - DEBUG - [#6X3:1]-[#16X4,#16X3+0:2]-[#7X4,#7X3:3]-[#1:4]                  :        0 matches
2025-03-05 09:24:49,504 - DEBUG - [#6X4:1]-[#16X4,#16X3+0:2]-[#7X4,#7X3:3]-[#6X4:4]                :        0 matches
2025-03-05 09:24:49,504 - DEBUG - [#6X3:1]-[#16X4,#16X3+0:2]-[#7X4,#7X3:3]-[#6X4:4]                :        0 matches
2025-03-05 09:24:49,504 - DEBUG - [#8X1:1]~[#16X4,#16X3+0:2]-[#7X4,#7X3:3]-[#1:4]                  :        0 matches
2025-03-05 09:24:49,504 - DEBUG - [#8X1:1]~[#16X4,#16X3+0:2]-[#7X4,#7X3:3]-[#6X4:4]                :        0 matches
2025-03-05 09:24:49,505 - DEBUG - [#6X3:1]-[#16X4,#16X3+0:2]-[#7X3:3]-[#6X3:4]                     :        0 matches
2025-03-05 09:24:49,505 - DEBUG - [#6X4:1]-[#16X4,#16X3+0:2]-[#7X3:3]-[#6X3:4]                     :        0 matches
2025-03-05 09:24:49,505 - DEBUG - [#8X1:1]~[#16X4,#16X3+0:2]-[#7X3:3]-[#6X3:4]                     :        0 matches
2025-03-05 09:24:49,505 - DEBUG - [#8X1:1]~[#16X4,#16X3+0:2]-[#7X3:3]-[#7X2:4]                     :        0 matches
2025-03-05 09:24:49,505 - DEBUG - [*:1]~[#16X4,#16X3+0:2]=,:[#7X2:3]-,:[*:4]                       :        0 matches
2025-03-05 09:24:49,505 - DEBUG - [#6X4:1]-[#16X4,#16X3+0:2]-[#7X2:3]~[#6X3:4]                     :        0 matches
2025-03-05 09:24:49,505 - DEBUG - [#8X1:1]~[#16X4,#16X3+0:2]-[#7X2:3]~[#6X3:4]                     :        0 matches
2025-03-05 09:24:49,505 - DEBUG - [*:1]~[#16X4,#16X3+0:2]-[#8X2:3]-[*:4]                           :        0 matches
2025-03-05 09:24:49,505 - DEBUG - [*:1]-[#16X2,#16X3+1:2]-[#16X2,#16X3+1:3]-[*:4]                  :        0 matches
2025-03-05 09:24:49,505 - DEBUG - [*:1]-[#8X2:2]-[#15:3]~[*:4]                                     :        0 matches
2025-03-05 09:24:49,505 - DEBUG - [#8X2:1]-[#15:2]-[#8X2:3]-[#6X4:4]                               :        0 matches
2025-03-05 09:24:49,505 - DEBUG - [*:1]~[#7X3:2]-[#15:3]~[*:4]                                     :        0 matches
2025-03-05 09:24:49,505 - DEBUG - [*:1]-[#7:2]-[#15:3]=[*:4]                                       :        0 matches
2025-03-05 09:24:49,505 - DEBUG - [#6X3:1]-[#7:2]-[#15:3]=[*:4]                                    :        0 matches
2025-03-05 09:24:49,505 - DEBUG - [*:1]~[#7:2]=[#15:3]~[*:4]                                       :        0 matches
2025-03-05 09:24:49,505 - DEBUG - [*:1]-[*:2]#[*:3]-[*:4]                                          :        0 matches
2025-03-05 09:24:49,505 - DEBUG - [*:1]~[*:2]-[*:3]#[*:4]                                          :        0 matches
2025-03-05 09:24:49,505 - DEBUG - [*:1]~[*:2]=[#6,#7,#16,#15;X2:3]=[*:4]                           :        0 matches
2025-03-05 09:24:49,505 - DEBUG - 36 matches identified
2025-03-05 09:24:49,510 - DEBUG - Finding matches for ImproperTorsionHandler
2025-03-05 09:24:49,510 - DEBUG - [*:1]~[#6X3:2](~[*:3])~[*:4]                                     :       42 matches
2025-03-05 09:24:49,510 - DEBUG - [*:1]~[#6X3:2](~[#8X1:3])~[#8:4]                                 :        0 matches
2025-03-05 09:24:49,510 - DEBUG - [*:1]~[#7X3$(*~[#15,#16](!-[*])):2](~[*:3])~[*:4]                :        0 matches
2025-03-05 09:24:49,510 - DEBUG - [*:1]~[#7X3$(*~[#6X3]):2](~[*:3])~[*:4]                          :       12 matches
2025-03-05 09:24:49,511 - DEBUG - [*:1]~[#7X3$(*~[#7X2]):2](~[*:3])~[*:4]                          :        0 matches
2025-03-05 09:24:49,511 - DEBUG - [*:1]~[#7X3$(*@1-[*]=,:[*][*]=,:[*]@1):2](~[*:3])~[*:4]          :        0 matches
2025-03-05 09:24:49,511 - DEBUG - [*:1]~[#6X3:2](=[#7X2,#7X3+1:3])~[#7:4]                          :        1 matches
2025-03-05 09:24:49,511 - DEBUG - 9 matches identified
2025-03-05 09:24:49,514 - DEBUG - Finding matches for vdWHandler
2025-03-05 09:24:49,514 - DEBUG - [#1:1]                                                           :        9 matches
2025-03-05 09:24:49,514 - DEBUG - [#1:1]-[#6X4]                                                    :        0 matches
2025-03-05 09:24:49,514 - DEBUG - [#1:1]-[#6X4]-[#7,#8,#9,#16,#17,#35]                             :        0 matches
2025-03-05 09:24:49,514 - DEBUG - [#1:1]-[#6X4](-[#7,#8,#9,#16,#17,#35])-[#7,#8,#9,#16,#17,#35]    :        0 matches
2025-03-05 09:24:49,514 - DEBUG - [#1:1]-[#6X4](-[#7,#8,#9,#16,#17,#35])(-[#7,#8,#9,#16,#17,#35])-[#7,#8,#9,#16,#17,#35] :        0 matches
2025-03-05 09:24:49,514 - DEBUG - [#1:1]-[#6X4]~[*+1,*+2]                                          :        0 matches
2025-03-05 09:24:49,514 - DEBUG - [#1:1]-[#6X3]                                                    :        5 matches
2025-03-05 09:24:49,514 - DEBUG - [#1:1]-[#6X3]~[#7,#8,#9,#16,#17,#35]                             :        0 matches
2025-03-05 09:24:49,514 - DEBUG - [#1:1]-[#6X3](~[#7,#8,#9,#16,#17,#35])~[#7,#8,#9,#16,#17,#35]    :        0 matches
2025-03-05 09:24:49,514 - DEBUG - [#1:1]-[#6X2]                                                    :        0 matches
2025-03-05 09:24:49,515 - DEBUG - [#1:1]-[#7]                                                      :        4 matches
2025-03-05 09:24:49,515 - DEBUG - [#1:1]-[#8]                                                      :        0 matches
2025-03-05 09:24:49,515 - DEBUG - [#1:1]-[#16]                                                     :        0 matches
2025-03-05 09:24:49,515 - DEBUG - [#6:1]                                                           :        7 matches
2025-03-05 09:24:49,515 - DEBUG - [#6X2:1]                                                         :        0 matches
2025-03-05 09:24:49,515 - DEBUG - [#6X4:1]                                                         :        0 matches
2025-03-05 09:24:49,515 - DEBUG - [#8:1]                                                           :        0 matches
2025-03-05 09:24:49,515 - DEBUG - [#8X2H0+0:1]                                                     :        0 matches
2025-03-05 09:24:49,515 - DEBUG - [#8X2H1+0:1]                                                     :        0 matches
2025-03-05 09:24:49,515 - DEBUG - [#7:1]                                                           :        2 matches
2025-03-05 09:24:49,515 - DEBUG - [#16:1]                                                          :        0 matches
2025-03-05 09:24:49,515 - DEBUG - [#15:1]                                                          :        0 matches
2025-03-05 09:24:49,515 - DEBUG - [#9:1]                                                           :        0 matches
2025-03-05 09:24:49,515 - DEBUG - [#17:1]                                                          :        0 matches
2025-03-05 09:24:49,515 - DEBUG - [#35:1]                                                          :        0 matches
2025-03-05 09:24:49,515 - DEBUG - [#53:1]                                                          :        0 matches
2025-03-05 09:24:49,515 - DEBUG - [#3+1:1]                                                         :        0 matches
2025-03-05 09:24:49,515 - DEBUG - [#11+1:1]                                                        :        0 matches
2025-03-05 09:24:49,515 - DEBUG - [#19+1:1]                                                        :        0 matches
2025-03-05 09:24:49,515 - DEBUG - [#37+1:1]                                                        :        0 matches
2025-03-05 09:24:49,515 - DEBUG - [#55+1:1]                                                        :        0 matches
2025-03-05 09:24:49,515 - DEBUG - [#9X0-1:1]                                                       :        0 matches
2025-03-05 09:24:49,515 - DEBUG - [#17X0-1:1]                                                      :        0 matches
2025-03-05 09:24:49,515 - DEBUG - [#35X0-1:1]                                                      :        0 matches
2025-03-05 09:24:49,515 - DEBUG - [#53X0-1:1]                                                      :        0 matches
2025-03-05 09:24:49,515 - DEBUG - [#1]-[#8X2H2+0:1]-[#1]                                           :        0 matches
2025-03-05 09:24:49,515 - DEBUG - [#1:1]-[#8X2H2+0]-[#1]                                           :        0 matches
2025-03-05 09:24:49,515 - DEBUG - 18 matches identified
2025-03-05 09:24:49,536 - INFO - Generating a system with charge method nn and openff_unconstrained-2.0.0 to assign nonbonded parameters
2025-03-05 09:24:56,072 - INFO - Requested to generate parameters for residue <Residue 0 (XX0) of chain 0>
2025-03-05 09:25:03,770 - INFO - Generating a residue template for [H]c1c(c(c(c(c1[H])[H])C([H])([H])[C@]2(C(=O)N([C@@]3(C(=O)N([C@@](C(=O)N(C(C(=O)N([C@@](C(=O)N([C@@](C(=O)N([C@@](C(=O)N(C(C(=O)N(C(C(=O)N([C@@](C(=O)N([C@@](C(=O)N([C@@](C(=O)N([C@@]4(C(=O)N([C@@](C(=O)N(C(C(=O)N([C@@](C(=O)N([C@@](C(=O)N(C(C(=O)N(C(C(=O)N5[C@](C(=O)N([C@@](C(=O)N([C@@](C(=O)N([C@@]6(C(=O)N([C@@](C(=O)N(C(C(=O)N([C@@](C(=O)N([C@@](C(=O)N([C@@](C(=O)N(C(C(=O)N([C@@](C(=O)N([C@@](C(=O)N([C@@](C(=O)N([C@@](C(=O)N(C(C(=O)N([C@@](C(=O)N(C(C(=O)N([C@](C(=O)N([C@@](C(=O)N([C@@](C(=O)N([C@@](C(=O)N([C@@](C(=O)N([C@@](C(=O)N7[C@](C(=O)N(C(C(=O)N([C@@](C(=O)N([C@@](C(=O)N([C@@](C(=O)N([C@@](C(=O)N([C@@](C(=O)N([C@](C(SSC([C@]8(C(=O)N([C@@](C(=O)N([C@@](C(=O)N([C@@](C(=O)N(C(C(=O)N([C@@](C(=O)N([C@@](C(=O)N([C@](C(=O)N([C@@](C(=O)N([C@@](C(=O)N([C@@](C(=O)N(C(C(=O)N([C@@](C(=O)N(C(C(=O)N([C@@](C(=O)N([C@@](C(=O)N([C@@](C(=O)N([C@@](C(=O)N([C@@](C(=O)N(C(C(=O)N([C@@](C(=O)N([C@@](C(=O)N([C@@](C(=O)N9[C@](C(=O)N([C@@](C(=O)N([C@@](C(=O)N([C@@](C(=O)N([C@@](C(=O)N([C@](C(=O)N([C@@](C(=O)N([C@@](C(=O)N([C@@](C(=O)N1[C@](C(=O)N([C@@](C(=O)N([C@@](C(=O)N([C@@](C(=O)N([C@@](C(=O)N([C@@](C(=O)N([C@@](C(=O)N([C@](C(=O)N([C@@](C(=O)N([C@@](C(=O)N([C@@](C(=O)N([C@@](C(=O)N%10[C@](C(=O)N(C(C(=O)N([C@@](C(=O)N([C@@](C(=O)N([C@@](C(=O)N([C@@](C(=O)N([C@@](C(=O)N([C@@](C(=O)N2[H])([H])C([H])([H])C([H])([H])SC([H])([H])[H])[H])([H])C([H])([H])C(=O)N([H])[H])[H])([H])C([H])([H])O[H])[H])([H])[C@@]([H])(C([H])([H])[H])O[H])[H])([H])[C@@]([H])(C([H])([H])[H])C([H])([H])C([H])([H])[H])[H])([H])C([H])([H])C([H])([H])C(=O)N([H])[H])[H])([H])[H])[H])(C(C(C%10([H])[H])([H])[H])([H])[H])[H])([H])C([H])([H])c2c(c(c(c(c2[H])[H])O[H])[H])[H])[H])([H])C([H])([H])[H])[H])([H])C([H])([H])O[H])[H])([H])C([H])([H])C([H])([H])C([H])([H])C([H])([H])[N+]([H])([H])[H])[H])(C(SSC3([H])[H])([H])[H])[H])[H])([H])C([H])([H])O[H])[H])([H])C([H])([H])O[H])[H])([H])C([H])([H])C(=O)[O-])[H])([H])C([H])([H])O[H])[H])([H])C([H])([H])C([H])(C([H])([H])[H])C([H])([H])[H])[H])([H])[C@@]([H])(C([H])([H])[H])C([H])([H])C([H])([H])[H])[H])(C(C(C1([H])[H])([H])[H])([H])[H])[H])([H])C([H])([H])[H])[H])([H])C([H])([H])C([H])([H])C([H])([H])C([H])([H])[N+]([H])([H])[H])[H])([H])C([H])([H])C([H])(C([H])([H])[H])C([H])([H])[H])[H])(C(SSC([C@](C(=O)N(C(C(=O)N([C@@](C(=O)N([C@@](C(=O)N([C@@](C(=O)N([C@@](C(=O)N1[C@](C(=O)N([C@@](C(=O)N([C@@](C(=O)N([C@@](C(=O)N([C@@](C(=O)N([C@@](C(=O)N([C@@](C(=O)N([C@@](C(=O)N(C(C(=O)N([C@@](C(=O)N([C@@](C(=O)N([C@@](C(=O)N([C@@]2(C(=O)N(C(C(=O)N(C(C(=O)N([C@@](C(=O)N([C@@](C(=O)N([C@@](C(=O)N([C@@](C(=O)N([C@@](C(=O)N([C@@](C(=O)N([C@@](C(=O)N([C@@](C(=O)N([C@@](C(=O)N([C@@](C(=O)N([C@@](C(=O)N([C@@](C(=O)N([C@@](C(=O)N([C@](C(=O)N([C@@](C(=O)N([C@@](C(=O)N([C@@](C(=O)N(C(C(=O)N([C@@](C(=O)N([C@@](C(=O)N([C@@](C(=O)N([C@@](C(=O)N([C@@](C(=O)N(C(C(=O)N([C@@](C(=O)N([C@@](C(=O)N([C@@](C(=O)N([C@@](C(=O)N([C@@](C(=O)N([C@@](C(=O)N([C@@](C(=O)N([C@@](C(=O)N(C(C(=O)N([C@@](C(=O)N([C@@](C(=O)N([C@@](C(=O)N([C@@](C(=O)N([C@@](C(=O)N([C@@](C(=O)N([C@@](C(=O)N([C@@](C(=O)N([C@@](C(=O)N([C@@](C(=O)N([C@@](C(=O)N([C@@](C(=O)N([C@@](C(=O)N3[C@](C(=O)N([C@@](C(=O)N([C@@](C(=O)N([C@@](C(=O)N([C@@](C(=O)N([C@@](C(=O)N([C@@](C(=O)N([C@@](C(=O)N([C@@](C(=O)N([C@@](C(=O)N([C@@](C(=O)N([C@@](C(=O)N([C@@](C(=O)N([C@@](C(=O)N([C@@](C(=O)N([C@@](C(=O)N([C@@](C(=O)N([C@@](C(=O)N([C@@](C(=O)N([C@@](C(=O)N([C@@](C(=O)N([C@@](C(=O)N([C@@](C(=O)N([C@@](C(=O)N([C@@](C(=O)N([C@@](C(=O)N([C@@](C(=O)N([C@@](C(=O)N([C@@](C(=O)N([C@@](C(=O)N([C@@](C(=O)N([C@@](C(=O)N%10[C@](C(=O)N([C@@](C(=O)N([C@@](C(=O)N8[H])([H])C([H])([H])O[H])[H])([H])[C@@]([H])(C([H])([H])[H])O[H])[H])(C(C(C%10([H])[H])([H])[H])([H])[H])[H])([H])C([H])([H])C([H])(C([H])([H])[H])C([H])([H])[H])[H])([H])C([H])([H])O[H])[H])([H])[C@@]([H])(C([H])([H])[H])C([H])([H])C([H])([H])[H])[H])([H])C([H])([H])O[H])[H])([H])C([H])([H])[H])[H])([H])C([H])(C([H])([H])[H])C([H])([H])[H])[H])([H])C([H])([H])C([H])([H])C([H])([H])N([H])C(=[N+]([H])[H])N([H])[H])[H])([H])C([H])([H])O[H])[H])([H])C([H])([H])C(=O)N([H])[H])[H])([H])C([H])([H])C([H])(C([H])([H])[H])C([H])([H])[H])[H])([H])C([H])([H])O[H])[H])([H])C([H])([H])[H])[H])([H])C([H])([H])[H])[H])([H])C([H])([H])O[H])[H])([H])C([H])([H])C([H])([H])C([H])([H])C([H])([H])[N+]([H])([H])[H])[H])([H])C([H])([H])C([H])(C([H])([H])[H])C([H])([H])[H])[H])([H])C([H])([H])C([H])([H])C([H])([H])C([H])([H])[N+]([H])([H])[H])[H])([H])[C@@]([H])(C([H])([H])[H])C([H])([H])C([H])([H])[H])[H])([H])C([H])([H])C([H])(C([H])([H])[H])C([H])([H])[H])[H])([H])C([H])([H])C([H])([H])SC([H])([H])[H])[H])([H])[C@@]([H])(C([H])([H])[H])C([H])([H])C([H])([H])[H])[H])([H])C([H])([H])C(=O)[O-])[H])([H])C([H])([H])C(=O)N([H])[H])[H])([H])C([H])([H])C(=O)N([H])[H])[H])([H])C([H])([H])C([H])(C([H])([H])[H])C([H])([H])[H])[H])([H])[C@@]([H])(C([H])([H])[H])O[H])[H])([H])C([H])([H])C(=O)N([H])[H])[H])([H])C([H])([H])O[H])[H])([H])C([H])([H])C(=O)N([H])[H])[H])([H])C([H])([H])c8c(c(c(c(c8[H])[H])O[H])[H])[H])[H])([H])C([H])([H])O[H])[H])(C(C(C3([H])[H])([H])[H])([H])[H])[H])([H])C([H])([H])C3=C(N(C(=N3)[H])[H])[H])[H])([H])C([H])(C([H])([H])[H])C([H])([H])[H])[H])([H])[C@@]([H])(C([H])([H])[H])C([H])([H])C([H])([H])[H])[H])([H])C([H])([H])O[H])[H])([H])C([H])([H])C([H])([H])C([H])([H])C([H])([H])[N+]([H])([H])[H])[H])([H])C([H])([H])O[H])[H])([H])C([H])([H])[H])[H])([H])C([H])([H])O[H])[H])([H])[C@@]([H])(C([H])([H])[H])C([H])([H])C([H])([H])[H])[H])([H])C([H])([H])c3c(c(c(c(c3[H])[H])[H])[H])[H])[H])([H])C([H])([H])C([H])([H])C(=O)N([H])[H])[H])([H])C([H])([H])C([H])([H])C(=O)[O-])[H])([H])C([H])([H])C(=O)N([H])[H])[H])([H])[H])[H])([H])C([H])([H])C([H])([H])C(=O)[O-])[H])([H])C([H])(C([H])([H])[H])C([H])([H])[H])[H])([H])C([H])(C([H])([H])[H])C([H])([H])[H])[H])([H])C([H])([H])C(=O)N([H])[H])[H])([H])[C@@]([H])(C([H])([H])[H])C([H])([H])C([H])([H])[H])[H])([H])C([H])([H])C(=O)N([H])[H])[H])([H])C([H])([H])C(=O)[O-])[H])([H])C([H])([H])C([H])([H])C(=O)[O-])[H])([H])[H])[H])([H])C([H])([H])C([H])(C([H])([H])[H])C([H])([H])[H])[H])([H])C([H])([H])C([H])([H])C([H])([H])N([H])C(=[N+]([H])[H])N([H])[H])[H])([H])C([H])(C([H])([H])[H])C([H])([H])[H])[H])([H])C([H])([H])C([H])([H])C(=O)N([H])[H])[H])([H])[C@@]([H])(C([H])([H])[H])C([H])([H])C([H])([H])[H])[H])([H])[H])[H])([H])C([H])([H])O[H])[H])([H])C([H])([H])C([H])([H])C([H])([H])C([H])([H])[N+]([H])([H])[H])[H])([H])C([H])([H])c3c(c(c(c(c3[H])[H])O[H])[H])[H])[H])(C(SSC2([H])[H])([H])[H])[H])[H])([H])C([H])([H])C2=C(N=C(N2[H])[H])[H])[H])([H])C([H])([H])[H])[H])([H])C([H])([H])[H])[H])([H])C([H])([H])O[H])[H])([H])C([H])(C([H])([H])[H])C([H])([H])[H])[H])([H])C([H])(C([H])([H])[H])C([H])([H])[H])[H])([H])C([H])([H])C2=C(N(c3c2c(c(c(c3[H])[H])[H])[H])[H])[H])[H])([H])C([H])([H])C([H])([H])C(=O)N([H])[H])[H])([H])C([H])([H])O[H])[H])([H])C([H])([H])C(=O)N([H])[H])[H])([H])[C@@]([H])(C([H])([H])[H])C([H])([H])C([H])([H])[H])[H])([H])C([H])([H])C([H])(C([H])([H])[H])C([H])([H])[H])[H])([H])C([H])([H])O[H])[H])([H])[H])[H])([H])[H])[H])[H])[H])([H])C([H])([H])c2c(c(c(c(c2[H])[H])[H])[H])[H])[H])([H])C([H])([H])C2=C(N=C(N2[H])[H])[H])[H])([H])C([H])([H])c2c(c(c(c(c2[H])[H])O[H])[H])[H])[H])([H])[H])[H])([H])C([H])([H])O[H])[H])([H])C([H])([H])C(=O)N([H])[H])[H])([H])C([H])([H])C([H])(C([H])([H])[H])C([H])([H])[H])[H])([H])C([H])([H])O[H])[H])([H])C([H])(C([H])([H])[H])C([H])([H])[H])[H])([H])C([H])([H])C([H])([H])C(=O)N([H])[H])[H])([H])C([H])([H])c2c(c(c(c(c2[H])[H])O[H])[H])[H])[H])(C(C(C1([H])[H])([H])[H])([H])[H])[H])([H])C([H])(C([H])([H])[H])C([H])([H])[H])[H])([H])[C@@]([H])(C([H])([H])[H])O[H])[H])([H])C([H])([H])C(=O)N([H])[H])[H])([H])C([H])([H])[H])[H])([H])[H])[H])([H])N([H])C(=O)[C@]([H])([C@@]([H])(C([H])([H])[H])O[H])N([H])C(=O)[C@]([H])(C([H])([H])c1c(c(c(c(c1[H])[H])O[H])[H])[H])N([H])C(=O)C([H])([H])N([H])C(=O)C([H])([H])N([H])C(=O)[C@]([H])(C([H])(C([H])([H])[H])C([H])([H])[H])N([H])C(=O)[C@]([H])([C@@]([H])(C([H])([H])[H])C([H])([H])C([H])([H])[H])[N+]([H])([H])[H])([H])[H])([H])[H])[H])[H])([H])C([H])([H])C([H])([H])C([H])([H])C([H])([H])[N+]([H])([H])[H])[H])([H])C([H])([H])C([H])(C([H])([H])[H])C([H])([H])[H])[H])([H])C([H])(C([H])([H])[H])C([H])([H])[H])[H])([H])C([H])([H])C(=O)[O-])[H])(C(C(C9([H])[H])([H])[H])([H])[H])[H])([H])C([H])([H])c1c(c(c(c(c1[H])[H])O[H])[H])[H])[H])([H])C([H])([H])O[H])[H])([H])[C@@]([H])(C([H])([H])[H])O[H])[H])([H])[H])[H])([H])C([H])([H])O[H])[H])([H])C([H])([H])O[H])[H])([H])C([H])([H])C([H])([H])C([H])([H])C([H])([H])[N+]([H])([H])[H])[H])([H])[C@@]([H])(C([H])([H])[H])O[H])[H])([H])C([H])([H])C(=O)N([H])[H])[H])([H])[H])[H])([H])C([H])([H])C1=C(N(c2c1c(c(c(c2[H])[H])[H])[H])[H])[H])[H])([H])[H])[H])([H])C([H])([H])O[H])[H])([H])[C@@]([H])(C([H])([H])[H])C([H])([H])C([H])([H])[H])[H])([H])C([H])([H])C([H])(C([H])([H])[H])C([H])([H])[H])[H])(C(SSC6([H])[H])([H])[H])[H])[H])([H])C([H])([H])C([H])([H])C(=O)N([H])[H])[H])([H])[C@@]([H])(C([H])([H])[H])O[H])[H])([H])[H])[H])([H])C([H])([H])[H])[H])([H])C([H])([H])O[H])[H])([H])C([H])([H])[H])[H])[H])([H])[H])([H])[H])([H])C(=O)N([H])[C@]([H])(C(=O)N([H])[C@]([H])(C(=O)N([H])[C@]([H])(C(=O)N([H])[C@]([H])(C(=O)N([H])[C@]([H])(C(=O)N([H])[C@]([H])(C(=O)N([H])[C@]([H])(C(=O)N([H])[C@]([H])(C(=O)N([H])[C@]([H])(C(=O)N([H])[C@]([H])(C(=O)N([H])[C@]([H])(C(=O)N([H])[C@]([H])(C(=O)N([H])[C@]([H])(C(=O)[O-])C([H])([H])C(=O)N([H])[H])C([H])([H])O[H])C([H])([H])[H])[C@@]([H])(C([H])([H])[H])C([H])([H])C([H])([H])[H])[C@@]([H])(C([H])([H])[H])O[H])C([H])([H])C([H])([H])C(=O)N([H])[H])C([H])([H])C([H])([H])C([H])([H])C([H])([H])[N+]([H])([H])[H])[C@@]([H])(C([H])([H])[H])C([H])([H])C([H])([H])[H])C([H])([H])C1=C(N(c2c1c(c(c(c2[H])[H])[H])[H])[H])[H])C([H])([H])O[H])C([H])(C([H])([H])[H])C([H])([H])[H])C([H])([H])c1c(c(c(c(c1[H])[H])O[H])[H])[H])C([H])([H])C(=O)N([H])[H])[H])([H])C([H])(C([H])([H])[H])C([H])([H])[H])[H])([H])C([H])([H])C([H])([H])C([H])([H])C([H])([H])[N+]([H])([H])[H])[H])([H])[C@@]([H])(C([H])([H])[H])O[H])[H])([H])C([H])([H])c1c(c(c(c(c1[H])[H])O[H])[H])[H])[H])([H])C([H])(C([H])([H])[H])C([H])([H])[H])[H])([H])[H])[H])(C(C(C7([H])[H])([H])[H])([H])[H])[H])([H])C([H])([H])C([H])([H])C([H])([H])C([H])([H])[N+]([H])([H])[H])[H])([H])C([H])([H])C(=O)N([H])[H])[H])([H])C([H])([H])C([H])([H])C([H])([H])C([H])([H])[N+]([H])([H])[H])[H])([H])C([H])([H])C([H])([H])C(=O)N([H])[H])[H])([H])C([H])([H])[H])[H])(C(SSC4([H])[H])([H])[H])[H])[H])([H])[H])[H])([H])C([H])([H])O[H])[H])([H])[H])[H])([H])C([H])([H])C1=C(N(c2c1c(c(c(c2[H])[H])[H])[H])[H])[H])[H])([H])C([H])([H])O[H])[H])([H])C([H])(C([H])([H])[H])C([H])([H])[H])[H])([H])[C@@]([H])(C([H])([H])[H])C([H])([H])C([H])([H])[H])[H])([H])[H])[H])([H])C([H])([H])C([H])([H])C(=O)N([H])[H])[H])([H])C([H])([H])C([H])(C([H])([H])[H])C([H])([H])[H])[H])([H])C([H])([H])C([H])([H])C([H])([H])C([H])([H])[N+]([H])([H])[H])[H])([H])[H])[H])([H])C([H])([H])O[H])[H])[H])[H])([H])C([H])(C([H])([H])[H])C([H])([H])[H])[H])([H])C([H])(C([H])([H])[H])C([H])([H])[H])[H])(C(C(C5([H])[H])([H])[H])([H])[H])[H])([H])[H])[H])([H])[H])[H])([H])C([H])([H])O[H])[H])([H])C([H])([H])C(=O)[O-])[H])([H])[H])[H])([H])C([H])([H])C([H])([H])C(=O)N([H])[H])[H])[H])[H])([H])C([H])([H])O[H])[H])([H])C([H])([H])C(=O)[O-])[H])([H])C([H])([H])C([H])([H])C([H])([H])C([H])([H])[N+]([H])([H])[H])[H])([H])[H])[H])([H])[H])[H])([H])C([H])([H])C([H])([H])C(=O)[O-])[H])([H])C([H])([H])C([H])(C([H])([H])[H])C([H])([H])[H])[H])([H])C([H])([H])c1c(c(c(c(c1[H])[H])O[H])[H])[H])[H])([H])[H])[H])([H])C([H])([H])[H])[H])[H])[H])[H])[H])[H] using espaloma-0.3.2.pt
2025-03-05 09:25:03,772 - DEBUG - Generating espaloma parameters...
2025-03-05 09:26:12,955 - INFO - Attempting to up-convert vdW section from 0.3 to 0.4
2025-03-05 09:26:12,955 - INFO - Successfully up-converted vdW section from 0.3 to 0.4. `method="cutoff"` is now split into `periodic_method="cutoff"` and `nonperiodic_method="no-cutoff"`.
2025-03-05 09:26:12,959 - INFO - Attempting to up-convert Electrostatics section from 0.3 to 0.4
2025-03-05 09:26:12,959 - INFO - Successfully up-converted Electrostatics section from 0.3 to 0.4. `method="PME"` is now split into `periodic_potential="Ewald3D-ConductingBoundary"`, `nonperiodic_potential="Coulomb"`, and `exception_potential="Coulomb"`.
2025-03-05 09:26:13,200 - DEBUG - Finding matches for BondHandler
2025-03-05 09:26:13,333 - DEBUG - [#6X4:1]-[#6X4:2]                                                :      814 matches
2025-03-05 09:26:13,335 - DEBUG - [#6X4:1]-[#6X3:2]                                                :      279 matches
2025-03-05 09:26:13,338 - DEBUG - [#6X4:1]-[#6X3:2]=[#8X1+0]                                       :      259 matches
2025-03-05 09:26:13,338 - DEBUG - [#6X3:1]-[#6X3:2]                                                :        8 matches
2025-03-05 09:26:13,340 - DEBUG - [#6X3:1]:[#6X3:2]                                                :      204 matches
2025-03-05 09:26:13,341 - DEBUG - [#6X3:1]=[#6X3:2]                                                :       14 matches
2025-03-05 09:26:13,344 - DEBUG - [#6:1]-[#7:2]                                                    :      516 matches
2025-03-05 09:26:13,346 - DEBUG - [#6X3:1]-[#7X3:2]                                                :      266 matches
2025-03-05 09:26:13,349 - DEBUG - [#6X4:1]-[#7X3:2]-[#6X3]=[#8X1+0]                                :      230 matches
2025-03-05 09:26:13,352 - DEBUG - [#6X3:1](=[#8X1+0])-[#7X3:2]                                     :      248 matches
2025-03-05 09:26:13,352 - DEBUG - [#6X3:1]-[#7X2:2]                                                :        3 matches
2025-03-05 09:26:13,353 - DEBUG - [#6X3:1]:[#7X2,#7X3+1:2]                                         :        0 matches
2025-03-05 09:26:13,354 - DEBUG - [#6X3:1]=[#7X2,#7X3+1:2]                                         :        5 matches
2025-03-05 09:26:13,355 - DEBUG - [#6:1]-[#8:2]                                                    :       65 matches
2025-03-05 09:26:13,356 - DEBUG - [#6X3:1]-[#8X1-1:2]                                              :       11 matches
2025-03-05 09:26:13,356 - DEBUG - [#6X4:1]-[#8X2H0:2]                                              :        0 matches
2025-03-05 09:26:13,357 - DEBUG - [#6X3:1]-[#8X2:2]                                                :       10 matches
2025-03-05 09:26:13,358 - DEBUG - [#6X3:1]-[#8X2H1:2]                                              :       10 matches
2025-03-05 09:26:13,358 - DEBUG - [#6X3a:1]-[#8X2H0:2]                                             :        0 matches
2025-03-05 09:26:13,359 - DEBUG - [#6X3:1](=[#8X1])-[#8X2H0:2]                                     :        0 matches
2025-03-05 09:26:13,361 - DEBUG - [#6:1]=[#8X1+0,#8X2+1:2]                                         :      259 matches
2025-03-05 09:26:13,362 - DEBUG - [#6X3:1](~[#8X1])~[#8X1:2]                                       :       22 matches
2025-03-05 09:26:13,362 - DEBUG - [#6X3:1]~[#8X2+1:2]~[#6X3]                                       :        0 matches
2025-03-05 09:26:13,363 - DEBUG - [#6X2:1]-[#6:2]                                                  :        0 matches
2025-03-05 09:26:13,364 - DEBUG - [#6X2:1]-[#6X4:2]                                                :        0 matches
2025-03-05 09:26:13,364 - DEBUG - [#6X2:1]=[#6X3:2]                                                :        0 matches
2025-03-05 09:26:13,365 - DEBUG - [#6:1]#[#7:2]                                                    :        0 matches
2025-03-05 09:26:13,365 - DEBUG - [#6X2:1]#[#6X2:2]                                                :        0 matches
2025-03-05 09:26:13,366 - DEBUG - [#6X2:1]-[#8X2:2]                                                :        0 matches
2025-03-05 09:26:13,366 - DEBUG - [#6X2:1]-[#7:2]                                                  :        0 matches
2025-03-05 09:26:13,367 - DEBUG - [#6X2:1]=[#7:2]                                                  :        0 matches
2025-03-05 09:26:13,367 - DEBUG - [#16:1]=[#6:2]                                                   :        0 matches
2025-03-05 09:26:13,368 - DEBUG - [#6X2:1]=[#16:2]                                                 :        0 matches
2025-03-05 09:26:13,369 - DEBUG - [#7:1]-[#7:2]                                                    :        0 matches
2025-03-05 09:26:13,369 - DEBUG - [#7X3:1]-[#7X2:2]                                                :        0 matches
2025-03-05 09:26:13,370 - DEBUG - [#7X2:1]-[#7X2:2]                                                :        0 matches
2025-03-05 09:26:13,370 - DEBUG - [#7:1]:[#7:2]                                                    :        0 matches
2025-03-05 09:26:13,371 - DEBUG - [#7:1]=[#7:2]                                                    :        0 matches
2025-03-05 09:26:13,371 - DEBUG - [#7+1:1]=[#7-1:2]                                                :        0 matches
2025-03-05 09:26:13,372 - DEBUG - [#7:1]#[#7:2]                                                    :        0 matches
2025-03-05 09:26:13,373 - DEBUG - [#7:1]-[#8X2:2]                                                  :        0 matches
2025-03-05 09:26:13,373 - DEBUG - [#7:1]~[#8X1:2]                                                  :        0 matches
2025-03-05 09:26:13,374 - DEBUG - [#8X2:1]-[#8X2:2]                                                :        0 matches
2025-03-05 09:26:13,374 - DEBUG - [#16:1]-[#6:2]                                                   :       16 matches
2025-03-05 09:26:13,375 - DEBUG - [#16:1]-[#1:2]                                                   :        0 matches
2025-03-05 09:26:13,376 - DEBUG - [#16:1]-[#16:2]                                                  :       12 matches
2025-03-05 09:26:13,376 - DEBUG - [#16:1]-[#9:2]                                                   :        0 matches
2025-03-05 09:26:13,377 - DEBUG - [#16:1]-[#17:2]                                                  :        0 matches
2025-03-05 09:26:13,378 - DEBUG - [#16:1]-[#35:2]                                                  :        0 matches
2025-03-05 09:26:13,378 - DEBUG - [#16:1]-[#53:2]                                                  :        0 matches
2025-03-05 09:26:13,379 - DEBUG - [#16X2,#16X1-1,#16X3+1:1]-[#6X4:2]                               :       16 matches
2025-03-05 09:26:13,380 - DEBUG - [#16X2,#16X1-1,#16X3+1:1]-[#6X3:2]                               :        0 matches
2025-03-05 09:26:13,381 - DEBUG - [#16X2:1]-[#7:2]                                                 :        0 matches
2025-03-05 09:26:13,382 - DEBUG - [#16X2:1]-[#8X2:2]                                               :        0 matches
2025-03-05 09:26:13,382 - DEBUG - [#16X2:1]=[#8X1,#7X2:2]                                          :        0 matches
2025-03-05 09:26:13,383 - DEBUG - [#16X4,#16X3!+1:1]-[#6:2]                                        :        0 matches
2025-03-05 09:26:13,384 - DEBUG - [#16X4,#16X3:1]~[#7:2]                                           :        0 matches
2025-03-05 09:26:13,384 - DEBUG - [#16X4,#16X3:1]-[#8X2:2]                                         :        0 matches
2025-03-05 09:26:13,385 - DEBUG - [#16X4,#16X3:1]~[#8X1:2]                                         :        0 matches
2025-03-05 09:26:13,386 - DEBUG - [#15:1]-[#1:2]                                                   :        0 matches
2025-03-05 09:26:13,386 - DEBUG - [#15:1]~[#6:2]                                                   :        0 matches
2025-03-05 09:26:13,387 - DEBUG - [#15:1]-[#7:2]                                                   :        0 matches
2025-03-05 09:26:13,388 - DEBUG - [#15:1]=[#7:2]                                                   :        0 matches
2025-03-05 09:26:13,388 - DEBUG - [#15:1]~[#8X2:2]                                                 :        0 matches
2025-03-05 09:26:13,389 - DEBUG - [#15:1]~[#8X1:2]                                                 :        0 matches
2025-03-05 09:26:13,390 - DEBUG - [#16:1]-[#15:2]                                                  :        0 matches
2025-03-05 09:26:13,390 - DEBUG - [#15:1]=[#16X1:2]                                                :        0 matches
2025-03-05 09:26:13,391 - DEBUG - [#6:1]-[#9:2]                                                    :        0 matches
2025-03-05 09:26:13,392 - DEBUG - [#6X4:1]-[#9:2]                                                  :        0 matches
2025-03-05 09:26:13,392 - DEBUG - [#6:1]-[#17:2]                                                   :        0 matches
2025-03-05 09:26:13,393 - DEBUG - [#6X4:1]-[#17:2]                                                 :        0 matches
2025-03-05 09:26:13,393 - DEBUG - [#6:1]-[#35:2]                                                   :        0 matches
2025-03-05 09:26:13,394 - DEBUG - [#6X4:1]-[#35:2]                                                 :        0 matches
2025-03-05 09:26:13,395 - DEBUG - [#6:1]-[#53:2]                                                   :        0 matches
2025-03-05 09:26:13,395 - DEBUG - [#6X4:1]-[#53:2]                                                 :        0 matches
2025-03-05 09:26:13,396 - DEBUG - [#7:1]-[#9:2]                                                    :        0 matches
2025-03-05 09:26:13,396 - DEBUG - [#7:1]-[#17:2]                                                   :        0 matches
2025-03-05 09:26:13,397 - DEBUG - [#7:1]-[#35:2]                                                   :        0 matches
2025-03-05 09:26:13,397 - DEBUG - [#7:1]-[#53:2]                                                   :        0 matches
2025-03-05 09:26:13,398 - DEBUG - [#15:1]-[#9:2]                                                   :        0 matches
2025-03-05 09:26:13,399 - DEBUG - [#15:1]-[#17:2]                                                  :        0 matches
2025-03-05 09:26:13,399 - DEBUG - [#15:1]-[#35:2]                                                  :        0 matches
2025-03-05 09:26:13,400 - DEBUG - [#15:1]-[#53:2]                                                  :        0 matches
2025-03-05 09:26:13,407 - DEBUG - [#6X4:1]-[#1:2]                                                  :     1128 matches
2025-03-05 09:26:13,409 - DEBUG - [#6X3:1]-[#1:2]                                                  :       81 matches
2025-03-05 09:26:13,409 - DEBUG - [#6X2:1]-[#1:2]                                                  :        0 matches
2025-03-05 09:26:13,412 - DEBUG - [#7:1]-[#1:2]                                                    :      328 matches
2025-03-05 09:26:13,413 - DEBUG - [#8:1]-[#1:2]                                                    :       54 matches
2025-03-05 09:26:13,413 - DEBUG - 3257 matches identified
2025-03-05 09:26:13,578 - DEBUG - Finding matches for ConstraintHandler
2025-03-05 09:26:13,579 - DEBUG - [#1:1]-[#8X2H2+0:2]-[#1]                                         :        0 matches
2025-03-05 09:26:13,580 - DEBUG - [#1:1]-[#8X2H2+0]-[#1:2]                                         :        0 matches
2025-03-05 09:26:13,580 - DEBUG - 0 matches identified
2025-03-05 09:26:13,580 - DEBUG - Finding matches for AngleHandler
2025-03-05 09:26:13,633 - DEBUG - [*:1]~[#6X4:2]-[*:3]                                             :     7584 matches
2025-03-05 09:26:13,644 - DEBUG - [#1:1]-[#6X4:2]-[#1:3]                                           :     1228 matches
2025-03-05 09:26:13,704 - DEBUG - [*;r3:1]1~;@[*;r3:2]~;@[*;r3:3]1                                 :        0 matches
2025-03-05 09:26:13,764 - DEBUG - [*;r3:1]~;@[*;r3:2]~;!@[*:3]                                     :        0 matches
2025-03-05 09:26:13,969 - DEBUG - [*:1]~;!@[*;r3:2]~;!@[*:3]                                       :        0 matches
2025-03-05 09:26:14,014 - DEBUG - [#1:1]-[*;r3:2]~;!@[*:3]                                         :        0 matches
2025-03-05 09:26:14,057 - DEBUG - [#6r4:1]-;@[#6r4:2]-;@[#6r4:3]                                   :        0 matches
2025-03-05 09:26:14,098 - DEBUG - [!#1:1]-[#6r4:2]-;!@[!#1:3]                                      :        0 matches
2025-03-05 09:26:14,140 - DEBUG - [!#1:1]-[#6r4:2]-;!@[#1:3]                                       :        0 matches
2025-03-05 09:26:14,157 - DEBUG - [*:1]~[#6X3:2]~[*:3]                                             :     2280 matches
2025-03-05 09:26:14,159 - DEBUG - [#1:1]-[#6X3:2]~[*:3]                                            :      162 matches
2025-03-05 09:26:14,159 - DEBUG - [#1:1]-[#6X3:2]-[#1:3]                                           :        0 matches
2025-03-05 09:26:14,220 - DEBUG - [*;r6:1]~;@[*;r5:2]~;@[*;r5;x2:3]                                :        8 matches
2025-03-05 09:26:14,336 - DEBUG - [*:1]~;!@[*;X3;r5:2]~;@[*;r5:3]                                  :       48 matches
2025-03-05 09:26:14,337 - DEBUG - [#8X1:1]~[#6X3:2]~[#8:3]                                         :       22 matches
2025-03-05 09:26:14,338 - DEBUG - [*:1]~[#6X2:2]~[*:3]                                             :        0 matches
2025-03-05 09:26:14,338 - DEBUG - [*:1]~[#7X2:2]~[*:3]                                             :        6 matches
2025-03-05 09:26:14,352 - DEBUG - [*:1]-[#7X4,#7X3,#7X2-1:2]-[*:3]                                 :     1738 matches
2025-03-05 09:26:14,359 - DEBUG - [#1:1]-[#7X4,#7X3,#7X2-1:2]-[*:3]                                :      697 matches
2025-03-05 09:26:14,371 - DEBUG - [*:1]~[#7X3$(*~[#6X3,#6X2,#7X2+0]):2]~[*:3]                      :     1566 matches
2025-03-05 09:26:14,376 - DEBUG - [#1:1]-[#7X3$(*~[#6X3,#6X2,#7X2+0]):2]-[*:3]                     :      562 matches
2025-03-05 09:26:14,377 - DEBUG - [*:1]~[#7X2+0:2]~[*:3]                                           :        6 matches
2025-03-05 09:26:14,377 - DEBUG - [*:1]~[#7X2+0:2]~[#6X2:3](~[#16X1])                              :        0 matches
2025-03-05 09:26:14,378 - DEBUG - [#1:1]-[#7X2+0:2]~[*:3]                                          :        0 matches
2025-03-05 09:26:14,379 - DEBUG - [#6,#7,#8:1]-[#7X3:2](~[#8X1])~[#8X1:3]                          :        0 matches
2025-03-05 09:26:14,379 - DEBUG - [#8X1:1]~[#7X3:2]~[#8X1:3]                                       :        0 matches
2025-03-05 09:26:14,380 - DEBUG - [*:1]~[#7X2:2]~[#7X1:3]                                          :        0 matches
2025-03-05 09:26:14,381 - DEBUG - [*:1]-[#8:2]-[*:3]                                               :      108 matches
2025-03-05 09:26:14,382 - DEBUG - [#6X3,#7:1]~;@[#8;r:2]~;@[#6X3,#7:3]                             :        0 matches
2025-03-05 09:26:14,382 - DEBUG - [*:1]-[#8X2+1:2]=[*:3]                                           :        0 matches
2025-03-05 09:26:14,383 - DEBUG - [*:1]~[#16X4:2]~[*:3]                                            :        0 matches
2025-03-05 09:26:14,384 - DEBUG - [*:1]-[#16X4,#16X3+0:2]-[*:3]                                    :        0 matches
2025-03-05 09:26:14,384 - DEBUG - [*:1]~[#16X3$(*~[#8X1,#7X2]):2]~[*:3]                            :        0 matches
2025-03-05 09:26:14,385 - DEBUG - [*:1]~[#16X2,#16X3+1:2]~[*:3]                                    :       28 matches
2025-03-05 09:26:14,386 - DEBUG - [*:1]=[#16X2:2]=[*:3]                                            :        0 matches
2025-03-05 09:26:14,386 - DEBUG - [*:1]=[#16X2:2]=[#8:3]                                           :        0 matches
2025-03-05 09:26:14,387 - DEBUG - [#6X3:1]-[#16X2:2]-[#6X3:3]                                      :        0 matches
2025-03-05 09:26:14,387 - DEBUG - [#6X3:1]-[#16X2:2]-[#6X4:3]                                      :        0 matches
2025-03-05 09:26:14,388 - DEBUG - [#6X3:1]-[#16X2:2]-[#1:3]                                        :        0 matches
2025-03-05 09:26:14,388 - DEBUG - [*:1]~[#15:2]~[*:3]                                              :        0 matches
2025-03-05 09:26:14,389 - DEBUG - 5876 matches identified
2025-03-05 09:26:14,688 - DEBUG - Finding matches for ProperTorsionHandler
2025-03-05 09:26:14,752 - DEBUG - [*:1]-[#6X4:2]-[#6X4:3]-[*:4]                                    :     7326 matches
2025-03-05 09:26:14,755 - DEBUG - [#6X4:1]-[#6X4:2]-[#6X4:3]-[#6X4:4]                              :      192 matches
2025-03-05 09:26:14,775 - DEBUG - [#1:1]-[#6X4:2]-[#6X4:3]-[#1:4]                                  :     2178 matches
2025-03-05 09:26:14,785 - DEBUG - [#1:1]-[#6X4:2]-[#6X4:3]-[#6X4:4]                                :     1042 matches
2025-03-05 09:26:14,786 - DEBUG - [#8X2:1]-[#6X4:2]-[#6X4:3]-[#8X2:4]                              :        0 matches
2025-03-05 09:26:14,787 - DEBUG - [#9:1]-[#6X4:2]-[#6X4:3]-[#9:4]                                  :        0 matches
2025-03-05 09:26:14,788 - DEBUG - [#17:1]-[#6X4:2]-[#6X4:3]-[#17:4]                                :        0 matches
2025-03-05 09:26:14,788 - DEBUG - [#35:1]-[#6X4:2]-[#6X4:3]-[#35:4]                                :        0 matches
2025-03-05 09:26:14,790 - DEBUG - [#1:1]-[#6X4:2]-[#6X4:3]-[#8X2:4]                                :       74 matches
2025-03-05 09:26:14,790 - DEBUG - [#1:1]-[#6X4:2]-[#6X4:3]-[#9:4]                                  :        0 matches
2025-03-05 09:26:14,791 - DEBUG - [#1:1]-[#6X4:2]-[#6X4:3]-[#17:4]                                 :        0 matches
2025-03-05 09:26:14,792 - DEBUG - [#1:1]-[#6X4:2]-[#6X4:3]-[#35:4]                                 :        0 matches
2025-03-05 09:26:14,811 - DEBUG - [*:1]-[#6X4:2]-[#6X4;r3:3]-[*:4]                                 :        0 matches
2025-03-05 09:26:14,829 - DEBUG - [*:1]-[#6X4:2]-[#6X4;r3:3]-[#6X4;r3:4]                           :        0 matches
2025-03-05 09:26:14,850 - DEBUG - [*:1]-[#6X4;r3:2]-@[#6X4;r3:3]-[*:4]                             :        0 matches
2025-03-05 09:26:14,871 - DEBUG - [#6X4;r3:1]-[#6X4;r3:2]-[#6X4;r3:3]-[*:4]                        :        0 matches
2025-03-05 09:26:14,887 - DEBUG - [*:1]~[#6X3:2]-[#6X4:3]-[*:4]                                    :     1674 matches
2025-03-05 09:26:14,894 - DEBUG - [*:1]-[#6X4:2]-[#6X3:3]=[*:4]                                    :      798 matches
2025-03-05 09:26:14,898 - DEBUG - [#1:1]-[#6X4:2]-[#6X3:3]=[#8X1:4]                                :      320 matches
2025-03-05 09:26:14,899 - DEBUG - [#1:1]-[#6X4:2]-[#6X3:3]=[#6X3:4]                                :       14 matches
2025-03-05 09:26:14,900 - DEBUG - [#6X3:1]-[#6X4:2]-[#6X3:3]=[#6X3:4]                              :        0 matches
2025-03-05 09:26:14,902 - DEBUG - [#7X3:1]-[#6X4:2]-[#6X3:3]-[#7X3:4]                              :      221 matches
2025-03-05 09:26:14,905 - DEBUG - [#6X4:1]-[#6X4:2]-[#6X3:3]-[#7X3:4]                              :      225 matches
2025-03-05 09:26:14,906 - DEBUG - [#16X2,#16X1-1,#16X3+1:1]-[#6X3:2]-[#6X4:3]-[#1:4]               :        0 matches
2025-03-05 09:26:14,906 - DEBUG - [#16X2,#16X1-1,#16X3+1:1]-[#6X3:2]-[#6X4:3]-[#7X4,#7X3:4]        :        0 matches
2025-03-05 09:26:14,907 - DEBUG - [#16X2,#16X1-1,#16X3+1:1]-[#6X3:2]-[#6X4:3]-[#7X3$(*-[#6X3,#6X2]):4] :        0 matches
2025-03-05 09:26:14,928 - DEBUG - [*:1]-[#6X4;r3:2]-[#6X3:3]~[*:4]                                 :        0 matches
2025-03-05 09:26:14,947 - DEBUG - [#6X4:1]-[#6X4;r3:2]-[#6X3:3]~[#6X3:4]                           :        0 matches
2025-03-05 09:26:14,967 - DEBUG - [#1:1]-[#6X4;r3:2]-[#6X3:3]~[#6X3:4]                             :        0 matches
2025-03-05 09:26:14,988 - DEBUG - [#6X3:1]-[#6X4;r3:2]-[#6X3:3]-[#7X3:4]                           :        0 matches
2025-03-05 09:26:15,008 - DEBUG - [#6X3:1]-[#6X4;r3:2]-[#6X3:3]=[#8X1:4]                           :        0 matches
2025-03-05 09:26:15,028 - DEBUG - [#6X3:1]-[#6X4;r3:2]-[#6X3:3]~[#6X3:4]                           :        0 matches
2025-03-05 09:26:15,049 - DEBUG - [#7X3:1]-[#6X4;r3:2]-[#6X3:3]~[#6X3:4]                           :        0 matches
2025-03-05 09:26:15,070 - DEBUG - [#6X4;r3:1]-;@[#6X4;r3:2]-[#6X3:3]~[#6X3:4]                      :        0 matches
2025-03-05 09:26:15,092 - DEBUG - [#6X4;r3:1]-;@[#6X4;r3:2]-[#6X3;r6:3]:[#6X3;r6:4]                :        0 matches
2025-03-05 09:26:15,112 - DEBUG - [#6X4;r3:1]-;@[#6X4;r3:2]-[#6X3;r5:3]-;@[#6X3;r5:4]              :        0 matches
2025-03-05 09:26:15,133 - DEBUG - [#6X4;r3:1]-;@[#6X4;r3:2]-[#6X3;r5:3]=;@[#6X3;r5:4]              :        0 matches
2025-03-05 09:26:15,154 - DEBUG - [#6X4;r3:1]-;@[#6X4;r3:2]-[#6X3:3]-[#6X4:4]                      :        0 matches
2025-03-05 09:26:15,155 - DEBUG - [#6X4;r3:1]-;@[#6X4;r3:2]-[#6X3;r6:3]:[#7X2;r6:4]                :        0 matches
2025-03-05 09:26:15,155 - DEBUG - [#6X4;r3:1]-;@[#6X4;r3:2]-[#6X3:3]=[#7X2:4]                      :        0 matches
2025-03-05 09:26:15,156 - DEBUG - [#6X4;r3:1]-;@[#6X4;r3:2]-[#6X3:3]-[#8X2:4]                      :        0 matches
2025-03-05 09:26:15,175 - DEBUG - [#6X4;r3:1]-;@[#6X4;r3:2]-[#6X3:3]=[#8X1:4]                      :        0 matches
2025-03-05 09:26:15,176 - DEBUG - [*:1]~[#6X3:2]-[#6X3:3]~[*:4]                                    :       32 matches
2025-03-05 09:26:15,184 - DEBUG - [*:1]~[#6X3:2]:[#6X3:3]~[*:4]                                    :      816 matches
2025-03-05 09:26:15,185 - DEBUG - [*:1]-,:[#6X3:2]=[#6X3:3]-,:[*:4]                                :       56 matches
2025-03-05 09:26:15,186 - DEBUG - [#6X4:1]-[#6X3:2]=[#6X3:3]-[#6X4:4]                              :        0 matches
2025-03-05 09:26:15,187 - DEBUG - [*:1]~[#6X3:2]-[#6X3$(*=[#8,#16,#7]):3]~[*:4]                    :        0 matches
2025-03-05 09:26:15,188 - DEBUG - [#6X3:1]=[#6X3:2]-[#6X3:3]=[#8X1:4]                              :        0 matches
2025-03-05 09:26:15,188 - DEBUG - [*:1]~[#7a:2]:[#6a:3]~[*:4]                                      :        0 matches
2025-03-05 09:26:15,190 - DEBUG - [*:1]-[#6X4:2]-[#7X4:3]-[*:4]                                    :      135 matches
2025-03-05 09:26:15,204 - DEBUG - [*:1]-[#6X4:2]-[#7X3:3]-[*:4]                                    :     1392 matches
2025-03-05 09:26:15,204 - DEBUG - [*:1]-[#6X4:2]-[#7X3:3]-[#7X2:4]=[#6]                            :        0 matches
2025-03-05 09:26:15,205 - DEBUG - [#1:1]-[#6X4:2]-[#7X3:3]-[#7X2:4]=[#6]                           :        0 matches
2025-03-05 09:26:15,206 - DEBUG - [*:1]-[#6X4:2]-[#7X3:3]-[#7X2:4]=[#7X2,#8X1]                     :        0 matches
2025-03-05 09:26:15,206 - DEBUG - [#1:1]-[#6X4:2]-[#7X3:3]-[#7X2:4]=[#7X2,#8X1]                    :        0 matches
2025-03-05 09:26:15,207 - DEBUG - [*:1]-[#6X4:2]-[#7X3$(*@1-[*]=,:[*][*]=,:[*]@1):3]-[*:4]         :        0 matches
2025-03-05 09:26:15,208 - DEBUG - [#1:1]-[#6X4:2]-[#7X3$(*@1-[*]=,:[*][*]=,:[*]@1):3]-[*:4]        :        0 matches
2025-03-05 09:26:15,208 - DEBUG - [#6X4:1]-[#6X4:2]-[#7X4,#7X3:3]-[#6X4:4]                         :       16 matches
2025-03-05 09:26:15,228 - DEBUG - [#1:1]-[#7X4,#7X3:2]-[#6X4;r3:3]-[*:4]                           :        0 matches
2025-03-05 09:26:15,247 - DEBUG - [#1:1]-[#7X4,#7X3:2]-[#6X4;r3:3]-[#6X4;r3:4]                     :        0 matches
2025-03-05 09:26:15,267 - DEBUG - [!#1:1]-[#7X4,#7X3:2]-[#6X4;r3:3]-[*:4]                          :        0 matches
2025-03-05 09:26:15,286 - DEBUG - [!#1:1]-[#7X4,#7X3:2]-[#6X4;r3:3]-[#6X4;r3:4]                    :        0 matches
2025-03-05 09:26:15,287 - DEBUG - [*:1]-[#7X4:2]-[#6X3:3]~[*:4]                                    :        0 matches
2025-03-05 09:26:15,301 - DEBUG - [*:1]-[#6X4:2]-[#7X3$(*~[#6X3,#6X2]):3]~[*:4]                    :     1392 matches
2025-03-05 09:26:15,302 - DEBUG - [*:1]-[#6X4:2]-[#7X3$(*~[#8X1]):3]~[#8X1:4]                      :        0 matches
2025-03-05 09:26:15,304 - DEBUG - [#6X3:1]-[#7X3:2]-[#6X4:3]-[#6X3:4]                              :      222 matches
2025-03-05 09:26:15,307 - DEBUG - [#6X4:1]-[#6X4:2]-[#7X3:3]-[#6X3:4]=[#8,#16,#7]                  :      207 matches
2025-03-05 09:26:15,308 - DEBUG - [#8X2H0:1]-[#6X4:2]-[#7X3:3]-[#6X3:4]                            :        0 matches
2025-03-05 09:26:15,327 - DEBUG - [#6X3:1]-[#7X3:2]-[#6X4;r3:3]-[#6X4;r3:4]                        :        0 matches
2025-03-05 09:26:15,328 - DEBUG - [*:1]~[#7X2:2]-[#6X4:3]-[*:4]                                    :        0 matches
2025-03-05 09:26:15,329 - DEBUG - [#6X3:1]=[#7X2,#7X3+1:2]-[#6X4:3]-[#1:4]                         :        0 matches
2025-03-05 09:26:15,329 - DEBUG - [#6X3:1]=[#7X2,#7X3+1:2]-[#6X4:3]-[#6X3,#6X4:4]                  :        0 matches
2025-03-05 09:26:15,339 - DEBUG - [*:1]~[#7X3,#7X2-1:2]-[#6X3:3]~[*:4]                             :     1064 matches
2025-03-05 09:26:15,342 - DEBUG - [*:1]~[#7X3,#7X2-1:2]-!@[#6X3:3]~[*:4]                           :      196 matches
2025-03-05 09:26:15,353 - DEBUG - [*:1]-[#7X3:2]-[#6X3$(*=[#8,#16,#7]):3]~[*:4]                    :     1020 matches
2025-03-05 09:26:15,356 - DEBUG - [#1:1]-[#7X3:2]-[#6X3:3]=[#8,#16,#7:4]                           :      275 matches
2025-03-05 09:26:15,358 - DEBUG - [*:1]-[#7X3:2]-!@[#6X3:3](=[#8,#16,#7:4])-[#6,#1]                :       90 matches
2025-03-05 09:26:15,360 - DEBUG - [#1:1]-[#7X3:2]-!@[#6X3:3](=[#8,#16,#7:4])-[#6,#1]               :       71 matches
2025-03-05 09:26:15,361 - DEBUG - [*:1]-[#7X3:2]-!@[#6X3:3](=[#8,#16,#7:4])-[#7X3]                 :        8 matches
2025-03-05 09:26:15,382 - DEBUG - [*:1]-[#7X3;r5:2]-@[#6X3;r5:3]~[*:4]                             :       56 matches
2025-03-05 09:26:15,382 - DEBUG - [#8X1:1]~[#7X3:2]~[#6X3:3]~[*:4]                                 :        0 matches
2025-03-05 09:26:15,383 - DEBUG - [*:1]=[#7X2,#7X3+1:2]-[#6X3:3]-[*:4]                             :        3 matches
2025-03-05 09:26:15,384 - DEBUG - [*:1]=[#7X2,#7X3+1:2]-[#6X3:3]=,:[*:4]                           :        3 matches
2025-03-05 09:26:15,384 - DEBUG - [*:1]~[#7X2,#7X3$(*~[#8X1]):2]:[#6X3:3]~[*:4]                    :        0 matches
2025-03-05 09:26:15,385 - DEBUG - [#6X3:1]:[#7X2:2]:[#6X3:3]:[#6X3:4]                              :        0 matches
2025-03-05 09:26:15,386 - DEBUG - [*:1]-,:[#6X3:2]=[#7X2:3]-[*:4]                                  :        6 matches
2025-03-05 09:26:15,386 - DEBUG - [*:1]-[#7X3+1:2]=,:[#6X3:3]-,:[*:4]                              :        8 matches
2025-03-05 09:26:15,387 - DEBUG - [#16X4,#16X3+0:1]-[#7X2:2]=[#6X3:3]-[#7X3:4]                     :        0 matches
2025-03-05 09:26:15,388 - DEBUG - [#16X4,#16X3+0:1]-[#7X2:2]=[#6X3:3]-[#16X2,#16X3+1:4]            :        0 matches
2025-03-05 09:26:15,388 - DEBUG - [#7X2:1]~[#7X2:2]-[#6X3:3]~[#6X3:4]                              :        0 matches
2025-03-05 09:26:15,389 - DEBUG - [#7X2:1]~[#7X2:2]-[#6X4:3]-[#6X3:4]                              :        0 matches
2025-03-05 09:26:15,390 - DEBUG - [#7X2:1]~[#7X2:2]-[#6X4:3]~[#1:4]                                :        0 matches
2025-03-05 09:26:15,392 - DEBUG - [*:1]-[#6X4:2]-[#8X2:3]-[#1:4]                                   :      132 matches
2025-03-05 09:26:15,393 - DEBUG - [#6X4:1]-[#6X4:2]-[#8X2H1:3]-[#1:4]                              :       54 matches
2025-03-05 09:26:15,393 - DEBUG - [*:1]-[#6X4:2]-[#8X2H0:3]-[*:4]                                  :        0 matches
2025-03-05 09:26:15,394 - DEBUG - [#6X4:1]-[#6X4:2]-[#8X2H0:3]-[#6X4:4]                            :        0 matches
2025-03-05 09:26:15,395 - DEBUG - [#6X4:1]-[#6X4:2]-[#8X2:3]-[#6X3:4]                              :        0 matches
2025-03-05 09:26:15,395 - DEBUG - [#6X4:1]-[#8X2:2]-[#6X4:3]-[#8X2:4]                              :        0 matches
2025-03-05 09:26:15,396 - DEBUG - [#6X4:1]-[#8X2:2]-[#6X4:3]-[#7X3:4]                              :        0 matches
2025-03-05 09:26:15,397 - DEBUG - [#6X3:1]-[#8X2:2]-[#6X4;r3:3]-@[#6X4;r3:4]                       :        0 matches
2025-03-05 09:26:15,397 - DEBUG - [#6X3:1]-[#8X2:2]-[#6X4;r3:3]-[#1:4]                             :        0 matches
2025-03-05 09:26:15,398 - DEBUG - [#1:1]-[#8X2:2]-[#6X4;r3:3]-[#1:4]                               :        0 matches
2025-03-05 09:26:15,399 - DEBUG - [#1:1]-[#8X2:2]-[#6X4;r3:3]-[#6X4:4]                             :        0 matches
2025-03-05 09:26:15,399 - DEBUG - [#1:1]-[#8X2:2]-[#6X4;r3:3]-[#6X4;r3:4]                          :        0 matches
2025-03-05 09:26:15,400 - DEBUG - [*:1]~[#6X3:2]-[#8X2:3]-[*:4]                                    :       20 matches
2025-03-05 09:26:15,401 - DEBUG - [*:1]~[#6X3:2]-[#8X2:3]-[#1:4]                                   :       20 matches
2025-03-05 09:26:15,401 - DEBUG - [*:1]~[#6X3:2](=[#8,#16,#7])-[#8X2H0:3]-[*:4]                    :        0 matches
2025-03-05 09:26:15,402 - DEBUG - [*:1]~[#6X3:2](=[#8,#16,#7])-[#8:3]-[#1:4]                       :        0 matches
2025-03-05 09:26:15,403 - DEBUG - [#1:1]-[#8X2:2]-[#6X3:3]=[#8X1:4]                                :        0 matches
2025-03-05 09:26:15,403 - DEBUG - [#8,#16,#7:1]=[#6X3:2]-[#8X2H0:3]-[#6X4:4]                       :        0 matches
2025-03-05 09:26:15,404 - DEBUG - [*:1]-[#8X2:2]@[#6X3:3]~[*:4]                                    :        0 matches
2025-03-05 09:26:15,404 - DEBUG - [*:1]-[#8X2+1:2]=[#6X3:3]-[*:4]                                  :        0 matches
2025-03-05 09:26:15,405 - DEBUG - [*:1]=[#8X2+1:2]-[#6:3]~[*:4]                                    :        0 matches
2025-03-05 09:26:15,406 - DEBUG - [*:1]~[#16:2]=,:[#6:3]~[*:4]                                     :        0 matches
2025-03-05 09:26:15,407 - DEBUG - [*:1]-[#16X2,#16X3+1:2]-[#6:3]~[*:4]                             :       48 matches
2025-03-05 09:26:15,408 - DEBUG - [*:1]-[#16X2,#16X3+1:2]-[#6:3]-[#1:4]                            :       34 matches
2025-03-05 09:26:15,408 - DEBUG - [#6X3:1]-@[#16X2,#16X1-1,#16X3+1:2]-@[#6X3,#7X2;r5:3]=@[#6,#7;r5:4] :        0 matches
2025-03-05 09:26:15,409 - DEBUG - [*:1]~[#16X4,#16X3!+1:2]-[#6X4:3]-[*:4]                          :        0 matches
2025-03-05 09:26:15,410 - DEBUG - [#6X4:1]-[#16X4,#16X3+0:2]-[#6X4:3]-[#1:4]                       :        0 matches
2025-03-05 09:26:15,410 - DEBUG - [#6X4:1]-[#16X4,#16X3+0:2]-[#6X4:3]~[#6X4:4]                     :        0 matches
2025-03-05 09:26:15,411 - DEBUG - [*:1]~[#16X4,#16X3+0:2]-[#6X3:3]~[*:4]                           :        0 matches
2025-03-05 09:26:15,411 - DEBUG - [#6:1]-[#16X4,#16X3+0:2]-[#6X3:3]~[*:4]                          :        0 matches
2025-03-05 09:26:15,412 - DEBUG - [*:1]~[#15:2]-[#6:3]-[*:4]                                       :        0 matches
2025-03-05 09:26:15,413 - DEBUG - [*:1]~[#15:2]-[#6X3:3]~[*:4]                                     :        0 matches
2025-03-05 09:26:15,413 - DEBUG - [*:1]-[#8:2]-[#8:3]-[*:4]                                        :        0 matches
2025-03-05 09:26:15,414 - DEBUG - [*:1]-[#8:2]-[#8H1:3]-[*:4]                                      :        0 matches
2025-03-05 09:26:15,414 - DEBUG - [*:1]~[#8X2:2]-[#7:3]~[*:4]                                      :        0 matches
2025-03-05 09:26:15,434 - DEBUG - [*:1]-[#8X2r5:2]-;@[#7X3r5:3]~[*:4]                              :        0 matches
2025-03-05 09:26:15,434 - DEBUG - [*:1]-[#8X2r5:2]-;@[#7X2r5:3]~[*:4]                              :        0 matches
2025-03-05 09:26:15,435 - DEBUG - [*:1]-[#7X4,#7X3:2]-[#7X4,#7X3:3]-[*:4]                          :        0 matches
2025-03-05 09:26:15,436 - DEBUG - [#1:1]-[#7X4,#7X3:2]-[#7X4,#7X3:3]-[#1:4]                        :        0 matches
2025-03-05 09:26:15,436 - DEBUG - [#6X4:1]-[#7X4,#7X3:2]-[#7X4,#7X3:3]-[#1:4]                      :        0 matches
2025-03-05 09:26:15,437 - DEBUG - [#6X4:1]-[#7X4,#7X3:2]-[#7X4,#7X3:3]-[#6X4:4]                    :        0 matches
2025-03-05 09:26:15,438 - DEBUG - [*:1]-[#7X4,#7X3:2]-[#7X3$(*~[#6X3,#6X2]):3]~[*:4]               :        0 matches
2025-03-05 09:26:15,438 - DEBUG - [*:1]-[#7X3$(*-[#6X3,#6X2]):2]-[#7X3$(*-[#6X3,#6X2]):3]-[*:4]    :        0 matches
2025-03-05 09:26:15,458 - DEBUG - [*:1]-[#7X3$(*-[#6X3,#6X2])r5:2]-@[#7X3$(*-[#6X3,#6X2])r5:3]~[*:4] :        0 matches
2025-03-05 09:26:15,458 - DEBUG - [*:1]@[#7X2:2]@[#7X2:3]@[#7X2,#6X3:4]                            :        0 matches
2025-03-05 09:26:15,459 - DEBUG - [*:1]~[#7X2:2]-[#7X3:3]~[*:4]                                    :        0 matches
2025-03-05 09:26:15,460 - DEBUG - [*:1]=[#7X2:2]-[#7X2:3]=[*:4]                                    :        0 matches
2025-03-05 09:26:15,460 - DEBUG - [*:1]~[#7X2:2]=,:[#7X2:3]~[*:4]                                  :        0 matches
2025-03-05 09:26:15,461 - DEBUG - [*:1]~[#7X3+1:2]=,:[#7X2:3]~[*:4]                                :        0 matches
2025-03-05 09:26:15,461 - DEBUG - [*:1]-[#16X2,#16X3+1:2]-[!#6:3]~[*:4]                            :       12 matches
2025-03-05 09:26:15,462 - DEBUG - [*:1]~[#16X4,#16X3+0:2]-[#7:3]~[*:4]                             :        0 matches
2025-03-05 09:26:15,463 - DEBUG - [#6X4:1]-[#16X4,#16X3+0:2]-[#7X4,#7X3:3]-[#1:4]                  :        0 matches
2025-03-05 09:26:15,463 - DEBUG - [#6X3:1]-[#16X4,#16X3+0:2]-[#7X4,#7X3:3]-[#1:4]                  :        0 matches
2025-03-05 09:26:15,464 - DEBUG - [#6X4:1]-[#16X4,#16X3+0:2]-[#7X4,#7X3:3]-[#6X4:4]                :        0 matches
2025-03-05 09:26:15,465 - DEBUG - [#6X3:1]-[#16X4,#16X3+0:2]-[#7X4,#7X3:3]-[#6X4:4]                :        0 matches
2025-03-05 09:26:15,465 - DEBUG - [#8X1:1]~[#16X4,#16X3+0:2]-[#7X4,#7X3:3]-[#1:4]                  :        0 matches
2025-03-05 09:26:15,466 - DEBUG - [#8X1:1]~[#16X4,#16X3+0:2]-[#7X4,#7X3:3]-[#6X4:4]                :        0 matches
2025-03-05 09:26:15,466 - DEBUG - [#6X3:1]-[#16X4,#16X3+0:2]-[#7X3:3]-[#6X3:4]                     :        0 matches
2025-03-05 09:26:15,467 - DEBUG - [#6X4:1]-[#16X4,#16X3+0:2]-[#7X3:3]-[#6X3:4]                     :        0 matches
2025-03-05 09:26:15,468 - DEBUG - [#8X1:1]~[#16X4,#16X3+0:2]-[#7X3:3]-[#6X3:4]                     :        0 matches
2025-03-05 09:26:15,468 - DEBUG - [#8X1:1]~[#16X4,#16X3+0:2]-[#7X3:3]-[#7X2:4]                     :        0 matches
2025-03-05 09:26:15,469 - DEBUG - [*:1]~[#16X4,#16X3+0:2]=,:[#7X2:3]-,:[*:4]                       :        0 matches
2025-03-05 09:26:15,469 - DEBUG - [#6X4:1]-[#16X4,#16X3+0:2]-[#7X2:3]~[#6X3:4]                     :        0 matches
2025-03-05 09:26:15,470 - DEBUG - [#8X1:1]~[#16X4,#16X3+0:2]-[#7X2:3]~[#6X3:4]                     :        0 matches
2025-03-05 09:26:15,471 - DEBUG - [*:1]~[#16X4,#16X3+0:2]-[#8X2:3]-[*:4]                           :        0 matches
2025-03-05 09:26:15,471 - DEBUG - [*:1]-[#16X2,#16X3+1:2]-[#16X2,#16X3+1:3]-[*:4]                  :       12 matches
2025-03-05 09:26:15,472 - DEBUG - [*:1]-[#8X2:2]-[#15:3]~[*:4]                                     :        0 matches
2025-03-05 09:26:15,473 - DEBUG - [#8X2:1]-[#15:2]-[#8X2:3]-[#6X4:4]                               :        0 matches
2025-03-05 09:26:15,473 - DEBUG - [*:1]~[#7X3:2]-[#15:3]~[*:4]                                     :        0 matches
2025-03-05 09:26:15,474 - DEBUG - [*:1]-[#7:2]-[#15:3]=[*:4]                                       :        0 matches
2025-03-05 09:26:15,474 - DEBUG - [#6X3:1]-[#7:2]-[#15:3]=[*:4]                                    :        0 matches
2025-03-05 09:26:15,475 - DEBUG - [*:1]~[#7:2]=[#15:3]~[*:4]                                       :        0 matches
2025-03-05 09:26:15,476 - DEBUG - [*:1]-[*:2]#[*:3]-[*:4]                                          :        0 matches
2025-03-05 09:26:15,477 - DEBUG - [*:1]~[*:2]-[*:3]#[*:4]                                          :        0 matches
2025-03-05 09:26:15,478 - DEBUG - [*:1]~[*:2]=[#6,#7,#16,#15;X2:3]=[*:4]                           :        0 matches
2025-03-05 09:26:15,478 - DEBUG - 8606 matches identified
2025-03-05 09:26:16,757 - DEBUG - Finding matches for ImproperTorsionHandler
2025-03-05 09:26:16,779 - DEBUG - [*:1]~[#6X3:2](~[*:3])~[*:4]                                     :     2280 matches
2025-03-05 09:26:16,780 - DEBUG - [*:1]~[#6X3:2](~[#8X1:3])~[#8:4]                                 :       22 matches
2025-03-05 09:26:16,781 - DEBUG - [*:1]~[#7X3$(*~[#15,#16](!-[*])):2](~[*:3])~[*:4]                :        0 matches
2025-03-05 09:26:16,796 - DEBUG - [*:1]~[#7X3$(*~[#6X3]):2](~[*:3])~[*:4]                          :     1566 matches
2025-03-05 09:26:16,797 - DEBUG - [*:1]~[#7X3$(*~[#7X2]):2](~[*:3])~[*:4]                          :        0 matches
2025-03-05 09:26:16,798 - DEBUG - [*:1]~[#7X3$(*@1-[*]=,:[*][*]=,:[*]@1):2](~[*:3])~[*:4]          :       42 matches
2025-03-05 09:26:16,799 - DEBUG - [*:1]~[#6X3:2](=[#7X2,#7X3+1:3])~[#7:4]                          :        7 matches
2025-03-05 09:26:16,799 - DEBUG - 641 matches identified
2025-03-05 09:26:16,997 - DEBUG - Finding matches for vdWHandler
2025-03-05 09:26:17,004 - DEBUG - [#1:1]                                                           :     1591 matches
2025-03-05 09:26:17,011 - DEBUG - [#1:1]-[#6X4]                                                    :     1128 matches
2025-03-05 09:26:17,014 - DEBUG - [#1:1]-[#6X4]-[#7,#8,#9,#16,#17,#35]                             :      408 matches
2025-03-05 09:26:17,015 - DEBUG - [#1:1]-[#6X4](-[#7,#8,#9,#16,#17,#35])-[#7,#8,#9,#16,#17,#35]    :        0 matches
2025-03-05 09:26:17,016 - DEBUG - [#1:1]-[#6X4](-[#7,#8,#9,#16,#17,#35])(-[#7,#8,#9,#16,#17,#35])-[#7,#8,#9,#16,#17,#35] :        0 matches
2025-03-05 09:26:17,017 - DEBUG - [#1:1]-[#6X4]~[*+1,*+2]                                          :       29 matches
2025-03-05 09:26:17,018 - DEBUG - [#1:1]-[#6X3]                                                    :       81 matches
2025-03-05 09:26:17,019 - DEBUG - [#1:1]-[#6X3]~[#7,#8,#9,#16,#17,#35]                             :       10 matches
2025-03-05 09:26:17,020 - DEBUG - [#1:1]-[#6X3](~[#7,#8,#9,#16,#17,#35])~[#7,#8,#9,#16,#17,#35]    :        3 matches
2025-03-05 09:26:17,020 - DEBUG - [#1:1]-[#6X2]                                                    :        0 matches
2025-03-05 09:26:17,023 - DEBUG - [#1:1]-[#7]                                                      :      328 matches
2025-03-05 09:26:17,024 - DEBUG - [#1:1]-[#8]                                                      :       54 matches
2025-03-05 09:26:17,024 - DEBUG - [#1:1]-[#16]                                                     :        0 matches
2025-03-05 09:26:17,029 - DEBUG - [#6:1]                                                           :     1012 matches
2025-03-05 09:26:17,030 - DEBUG - [#6X2:1]                                                         :        0 matches
2025-03-05 09:26:17,033 - DEBUG - [#6X4:1]                                                         :      632 matches
2025-03-05 09:26:17,035 - DEBUG - [#8:1]                                                           :      324 matches
2025-03-05 09:26:17,036 - DEBUG - [#8X2H0+0:1]                                                     :        0 matches
2025-03-05 09:26:17,037 - DEBUG - [#8X2H1+0:1]                                                     :       54 matches
2025-03-05 09:26:17,039 - DEBUG - [#7:1]                                                           :      279 matches
2025-03-05 09:26:17,039 - DEBUG - [#16:1]                                                          :       14 matches
2025-03-05 09:26:17,040 - DEBUG - [#15:1]                                                          :        0 matches
2025-03-05 09:26:17,041 - DEBUG - [#9:1]                                                           :        0 matches
2025-03-05 09:26:17,041 - DEBUG - [#17:1]                                                          :        0 matches
2025-03-05 09:26:17,042 - DEBUG - [#35:1]                                                          :        0 matches
2025-03-05 09:26:17,042 - DEBUG - [#53:1]                                                          :        0 matches
2025-03-05 09:26:17,043 - DEBUG - [#3+1:1]                                                         :        0 matches
2025-03-05 09:26:17,043 - DEBUG - [#11+1:1]                                                        :        0 matches
2025-03-05 09:26:17,044 - DEBUG - [#19+1:1]                                                        :        0 matches
2025-03-05 09:26:17,044 - DEBUG - [#37+1:1]                                                        :        0 matches
2025-03-05 09:26:17,045 - DEBUG - [#55+1:1]                                                        :        0 matches
2025-03-05 09:26:17,046 - DEBUG - [#9X0-1:1]                                                       :        0 matches
2025-03-05 09:26:17,046 - DEBUG - [#17X0-1:1]                                                      :        0 matches
2025-03-05 09:26:17,047 - DEBUG - [#35X0-1:1]                                                      :        0 matches
2025-03-05 09:26:17,047 - DEBUG - [#53X0-1:1]                                                      :        0 matches
2025-03-05 09:26:17,048 - DEBUG - [#1]-[#8X2H2+0:1]-[#1]                                           :        0 matches
2025-03-05 09:26:17,048 - DEBUG - [#1:1]-[#8X2H2+0]-[#1]                                           :        0 matches
2025-03-05 09:26:17,049 - DEBUG - 3220 matches identified
2025-03-05 09:26:20,807 - INFO - Generating a system with charge method nn and openff_unconstrained-2.0.0 to assign nonbonded parameters
